This file contains any messages produced by compilers while
running configure, to aid debugging if configure makes a mistake.

It was created by nesc configure 1.3.4, which was
generated by GNU Autoconf 2.69.  Invocation command line was

  $ ./configure --disable-option-checking --prefix=/Users/boli/Codes/TinyOS-2.x-jhu/opt/nesc --cache-file=/dev/null --srcdir=.

## --------- ##
## Platform. ##
## --------- ##

hostname = boli.local
uname -m = x86_64
uname -r = 15.0.0
uname -s = Darwin
uname -v = Darwin Kernel Version 15.0.0: Sat Sep 19 15:53:46 PDT 2015; root:xnu-3247.10.11~1/RELEASE_X86_64

/usr/bin/uname -p = i386
/bin/uname -X     = unknown

/bin/arch              = unknown
/usr/bin/arch -k       = unknown
/usr/convex/getsysinfo = unknown
/usr/bin/hostinfo      = Mach kernel version:
	 Darwin Kernel Version 15.0.0: Sat Sep 19 15:53:46 PDT 2015; root:xnu-3247.10.11~1/RELEASE_X86_64
Kernel configured for up to 4 processors.
2 processors are physically available.
4 processors are logically available.
Processor type: x86_64h (Intel x86-64h Haswell)
Processors active: 0 1 2 3
Primary memory available: 16.00 gigabytes
Default processor set: 296 tasks, 1253 threads, 4 processors
Load average: 1.87, Mach factor: 2.12
/bin/machine           = unknown
/usr/bin/oslevel       = unknown
/bin/universe          = unknown

PATH: /opt/local/bin
PATH: /opt/local/sbin
PATH: /Users/boli/Codes/TinyOS-2.x-jhu/opt/tinyos-2.x-tools/bin
PATH: /Users/boli/Codes/TinyOS-2.x-jhu/opt/nesc/bin
PATH: /Users/boli/Codes/TinyOS-2.x-jhu/opt/msp430/bin
PATH: /Users/boli/Codes/TinyOS-2.x-jhu/opt/avr/bin
PATH: /Users/boli/Codes/TinyOS-2.x-jhu/opt/deputy/bin
PATH: /usr/bin
PATH: /bin
PATH: /usr/sbin
PATH: /sbin
PATH: /usr/local/bin
PATH: /opt/X11/bin
PATH: /usr/texbin
PATH: /Library/TeX/Distributions/.DefaultTeX/Contents/Programs/texbin
PATH: /Bo/Work2012/Codes/python
PATH: /usr/local/pgsql-9.1/bin/
PATH: /Users/boli/Codes/TinyOS-2.x-jhu/opt/tinyos-2.x/support/sdk/java/


## ----------- ##
## Core tests. ##
## ----------- ##

configure:2357: checking for a BSD-compatible install
configure:2425: result: /usr/bin/install -c
configure:2436: checking whether build environment is sane
configure:2486: result: yes
configure:2627: checking for a thread-safe mkdir -p
configure:2666: result: ../config-aux/install-sh -c -d
configure:2679: checking for gawk
configure:2709: result: no
configure:2679: checking for mawk
configure:2709: result: no
configure:2679: checking for nawk
configure:2709: result: no
configure:2679: checking for awk
configure:2695: found /usr/bin/awk
configure:2706: result: awk
configure:2717: checking whether make sets $(MAKE)
configure:2739: result: yes
configure:2826: checking build system type
configure:2840: result: i386-apple-darwin15.0.0
configure:2860: checking host system type
configure:2873: result: i386-apple-darwin15.0.0
configure:2944: checking for gcc
configure:2960: found /opt/local/bin/gcc
configure:2971: result: gcc
configure:3200: checking for C compiler version
configure:3209: gcc --version >&5
gcc (MacPorts gcc43 4.3.6_11) 4.3.6
Copyright (C) 2008 Free Software Foundation, Inc.
This is free software; see the source for copying conditions.  There is NO
warranty; not even for MERCHANTABILITY or FITNESS FOR A PARTICULAR PURPOSE.

configure:3220: $? = 0
configure:3209: gcc -v >&5
Using built-in specs.
Target: x86_64-apple-darwin15
Configured with: /opt/local/var/macports/build/_opt_local_var_macports_sources_rsync.macports.org_release_tarballs_ports_lang_gcc43/gcc43/work/gcc-4.3.6/configure --prefix=/opt/local --build=x86_64-apple-darwin15 --enable-languages=c,c++,objc,obj-c++,java,fortran --libdir=/opt/local/lib/gcc43 --includedir=/opt/local/include/gcc43 --infodir=/opt/local/share/info --mandir=/opt/local/share/man --datadir=/opt/local/share/gcc43 --with-local-prefix=/opt/local --with-libiconv-prefix=/opt/local --with-system-zlib --disable-nls --program-suffix=-mp-4.3 --with-gxx-include-dir=/opt/local/include/gcc43/c++/ --with-gmp=/opt/local --with-mpfr=/opt/local --enable-stage1-checking --disable-multilib --with-as=/opt/local/bin/as --with-ld=/opt/local/bin/ld --with-ar=/opt/local/bin/ar --with-bugurl=https://trac.macports.org/newticket --with-pkgversion='MacPorts gcc43 4.3.6_11'
Thread model: posix
gcc version 4.3.6 (MacPorts gcc43 4.3.6_11) 
configure:3220: $? = 0
configure:3209: gcc -V >&5
gcc: '-V' option must have argument
configure:3220: $? = 1
configure:3209: gcc -qversion >&5
gcc: unrecognized option '-qversion'
gcc: no input files
configure:3220: $? = 1
configure:3240: checking whether the C compiler works
configure:3262: gcc -g   conftest.c  >&5
configure:3266: $? = 0
configure:3314: result: yes
configure:3317: checking for C compiler default output file name
configure:3319: result: a.out
configure:3325: checking for suffix of executables
configure:3332: gcc -o conftest -g   conftest.c  >&5
configure:3336: $? = 0
configure:3358: result: 
configure:3380: checking whether we are cross compiling
configure:3388: gcc -o conftest -g   conftest.c  >&5
configure:3392: $? = 0
configure:3399: ./conftest
configure:3403: $? = 0
configure:3418: result: no
configure:3423: checking for suffix of object files
configure:3445: gcc -c -g  conftest.c >&5
configure:3449: $? = 0
configure:3470: result: o
configure:3474: checking whether we are using the GNU C compiler
configure:3493: gcc -c -g  conftest.c >&5
configure:3493: $? = 0
configure:3502: result: yes
configure:3511: checking whether gcc accepts -g
configure:3531: gcc -c -g  conftest.c >&5
configure:3531: $? = 0
configure:3572: result: yes
configure:3589: checking for gcc option to accept ISO C89
configure:3652: gcc  -c -g  conftest.c >&5
configure:3652: $? = 0
configure:3665: result: none needed
configure:3696: checking for style of include used by make
configure:3724: result: GNU
configure:3749: checking dependency style of gcc
configure:3859: result: gcc3
configure:3917: checking for ranlib
configure:3933: found /opt/local/bin/ranlib
configure:3944: result: ranlib
configure:3966: checking whether make sets $(MAKE)
configure:3988: result: yes
configure:4001: checking whether gcc accepts -Wall
configure:4023: gcc -c -g -Wall  conftest.c >&5
configure:4023: $? = 0
configure:4024: result: yes
configure:4034: checking whether gcc accepts -Wno-long-double
configure:4056: gcc -c -g -Wall -Wno-long-double  conftest.c >&5
cc1: error: unrecognized command line option "-Wno-long-double"
configure:4056: $? = 1
configure: failed program was:
| /* confdefs.h */
| #define PACKAGE_NAME "nesc"
| #define PACKAGE_TARNAME "nesc"
| #define PACKAGE_VERSION "1.3.4"
| #define PACKAGE_STRING "nesc 1.3.4"
| #define PACKAGE_BUGREPORT ""
| #define PACKAGE_URL ""
| #define PACKAGE "nesc"
| #define VERSION "1.3.4"
| /* end confdefs.h.  */
| 
| int
| main ()
| {
| 
|   ;
|   return 0;
| }
configure:4060: result: no
configure:4066: checking whether we are using rcc
configure:4079: gcc -c -g -Wall  conftest.c >&5
conftest.c: In function 'main':
conftest.c:15: error: expected '=', ',', ';', 'asm' or '__attribute__' before 'pointer'
conftest.c:15: error: 'pointer' undeclared (first use in this function)
conftest.c:15: error: (Each undeclared identifier is reported only once
conftest.c:15: error: for each function it appears in.)
configure:4079: $? = 1
configure: failed program was:
| /* confdefs.h */
| #define PACKAGE_NAME "nesc"
| #define PACKAGE_TARNAME "nesc"
| #define PACKAGE_VERSION "1.3.4"
| #define PACKAGE_STRING "nesc 1.3.4"
| #define PACKAGE_BUGREPORT ""
| #define PACKAGE_URL ""
| #define PACKAGE "nesc"
| #define VERSION "1.3.4"
| /* end confdefs.h.  */
| 
| int
| main ()
| {
| void * traditional pointer;
|   ;
|   return 0;
| }
configure:4093: result: no
configure:4101: checking how to run the C preprocessor
configure:4132: gcc -E  conftest.c
configure:4132: $? = 0
configure:4146: gcc -E  conftest.c
conftest.c:11:28: error: ac_nonexistent.h: No such file or directory
configure:4146: $? = 1
configure: failed program was:
| /* confdefs.h */
| #define PACKAGE_NAME "nesc"
| #define PACKAGE_TARNAME "nesc"
| #define PACKAGE_VERSION "1.3.4"
| #define PACKAGE_STRING "nesc 1.3.4"
| #define PACKAGE_BUGREPORT ""
| #define PACKAGE_URL ""
| #define PACKAGE "nesc"
| #define VERSION "1.3.4"
| /* end confdefs.h.  */
| #include <ac_nonexistent.h>
configure:4171: result: gcc -E
configure:4191: gcc -E  conftest.c
configure:4191: $? = 0
configure:4205: gcc -E  conftest.c
conftest.c:11:28: error: ac_nonexistent.h: No such file or directory
configure:4205: $? = 1
configure: failed program was:
| /* confdefs.h */
| #define PACKAGE_NAME "nesc"
| #define PACKAGE_TARNAME "nesc"
| #define PACKAGE_VERSION "1.3.4"
| #define PACKAGE_STRING "nesc 1.3.4"
| #define PACKAGE_BUGREPORT ""
| #define PACKAGE_URL ""
| #define PACKAGE "nesc"
| #define VERSION "1.3.4"
| /* end confdefs.h.  */
| #include <ac_nonexistent.h>
configure:4234: checking for grep that handles long lines and -e
configure:4292: result: /usr/bin/grep
configure:4297: checking for egrep
configure:4359: result: /usr/bin/grep -E
configure:4364: checking for ANSI C header files
configure:4384: gcc -c -g -Wall  conftest.c >&5
configure:4384: $? = 0
configure:4457: gcc -o conftest -g -Wall   conftest.c  >&5
configure:4457: $? = 0
configure:4457: ./conftest
configure:4457: $? = 0
configure:4468: result: yes
configure:4481: checking for sys/types.h
configure:4481: gcc -c -g -Wall  conftest.c >&5
configure:4481: $? = 0
configure:4481: result: yes
configure:4481: checking for sys/stat.h
configure:4481: gcc -c -g -Wall  conftest.c >&5
configure:4481: $? = 0
configure:4481: result: yes
configure:4481: checking for stdlib.h
configure:4481: gcc -c -g -Wall  conftest.c >&5
configure:4481: $? = 0
configure:4481: result: yes
configure:4481: checking for string.h
configure:4481: gcc -c -g -Wall  conftest.c >&5
configure:4481: $? = 0
configure:4481: result: yes
configure:4481: checking for memory.h
configure:4481: gcc -c -g -Wall  conftest.c >&5
configure:4481: $? = 0
configure:4481: result: yes
configure:4481: checking for strings.h
configure:4481: gcc -c -g -Wall  conftest.c >&5
configure:4481: $? = 0
configure:4481: result: yes
configure:4481: checking for inttypes.h
configure:4481: gcc -c -g -Wall  conftest.c >&5
configure:4481: $? = 0
configure:4481: result: yes
configure:4481: checking for stdint.h
configure:4481: gcc -c -g -Wall  conftest.c >&5
configure:4481: $? = 0
configure:4481: result: yes
configure:4481: checking for unistd.h
configure:4481: gcc -c -g -Wall  conftest.c >&5
configure:4481: $? = 0
configure:4481: result: yes
configure:4497: checking size of long long
configure:4502: gcc -o conftest -g -Wall   conftest.c  >&5
configure:4502: $? = 0
configure:4502: ./conftest
configure:4502: $? = 0
configure:4516: result: 8
configure:4530: checking size of void *
configure:4535: gcc -o conftest -g -Wall   conftest.c  >&5
configure:4535: $? = 0
configure:4535: ./conftest
configure:4535: $? = 0
configure:4549: result: 8
configure:4560: checking for size_t
configure:4560: gcc -c -g -Wall  conftest.c >&5
configure:4560: $? = 0
configure:4560: gcc -c -g -Wall  conftest.c >&5
conftest.c: In function 'main':
conftest.c:59: error: expected expression before ')' token
configure:4560: $? = 1
configure: failed program was:
| /* confdefs.h */
| #define PACKAGE_NAME "nesc"
| #define PACKAGE_TARNAME "nesc"
| #define PACKAGE_VERSION "1.3.4"
| #define PACKAGE_STRING "nesc 1.3.4"
| #define PACKAGE_BUGREPORT ""
| #define PACKAGE_URL ""
| #define PACKAGE "nesc"
| #define VERSION "1.3.4"
| #define STDC_HEADERS 1
| #define HAVE_SYS_TYPES_H 1
| #define HAVE_SYS_STAT_H 1
| #define HAVE_STDLIB_H 1
| #define HAVE_STRING_H 1
| #define HAVE_MEMORY_H 1
| #define HAVE_STRINGS_H 1
| #define HAVE_INTTYPES_H 1
| #define HAVE_STDINT_H 1
| #define HAVE_UNISTD_H 1
| #define SIZEOF_LONG_LONG 8
| #define SIZEOF_VOID_P 8
| /* end confdefs.h.  */
| #include <stdio.h>
| #ifdef HAVE_SYS_TYPES_H
| # include <sys/types.h>
| #endif
| #ifdef HAVE_SYS_STAT_H
| # include <sys/stat.h>
| #endif
| #ifdef STDC_HEADERS
| # include <stdlib.h>
| # include <stddef.h>
| #else
| # ifdef HAVE_STDLIB_H
| #  include <stdlib.h>
| # endif
| #endif
| #ifdef HAVE_STRING_H
| # if !defined STDC_HEADERS && defined HAVE_MEMORY_H
| #  include <memory.h>
| # endif
| # include <string.h>
| #endif
| #ifdef HAVE_STRINGS_H
| # include <strings.h>
| #endif
| #ifdef HAVE_INTTYPES_H
| # include <inttypes.h>
| #endif
| #ifdef HAVE_STDINT_H
| # include <stdint.h>
| #endif
| #ifdef HAVE_UNISTD_H
| # include <unistd.h>
| #endif
| int
| main ()
| {
| if (sizeof ((size_t)))
| 	    return 0;
|   ;
|   return 0;
| }
configure:4560: result: yes
configure:4573: checking for working alloca.h
configure:4590: gcc -o conftest -g -Wall   conftest.c  >&5
configure:4590: $? = 0
configure:4598: result: yes
configure:4606: checking for alloca
configure:4643: gcc -o conftest -g -Wall   conftest.c  >&5
configure:4643: $? = 0
configure:4651: result: yes
configure:4758: checking for strtold
configure:4758: gcc -o conftest -g -Wall   conftest.c  >&5
configure:4758: $? = 0
configure:4758: result: yes
configure:4775: checking for poll
configure:4775: gcc -o conftest -g -Wall   conftest.c  >&5
configure:4775: $? = 0
configure:4775: result: yes
configure:4775: checking for realpath
configure:4775: gcc -o conftest -g -Wall   conftest.c  >&5
configure:4775: $? = 0
configure:4775: result: yes
configure:4775: checking for mmap
configure:4775: gcc -o conftest -g -Wall   conftest.c  >&5
configure:4775: $? = 0
configure:4775: result: yes
configure:4786: checking for regcomp
configure:4786: gcc -o conftest -g -Wall   conftest.c  >&5
configure:4786: $? = 0
configure:4786: result: yes
configure:4797: checking for fnmatch
configure:4797: gcc -o conftest -g -Wall   conftest.c  >&5
configure:4797: $? = 0
configure:4797: result: yes
configure:4864: checking for ld used by GCC
configure:4927: result: /opt/local/bin/ld
configure:4934: checking if the linker (/opt/local/bin/ld) is GNU ld
configure:4946: result: no
configure:4952: checking for shared library run path origin
configure:4965: result: done
configure:5395: checking for iconv
configure:5417: gcc -o conftest -g -Wall   conftest.c  >&5
Undefined symbols for architecture x86_64:
  "_libiconv", referenced from:
      _main in ccilC4OT.o
  "_libiconv_close", referenced from:
      _main in ccilC4OT.o
  "_libiconv_open", referenced from:
      _main in ccilC4OT.o
ld: symbol(s) not found for architecture x86_64
collect2: ld returned 1 exit status
configure:5417: $? = 1
configure: failed program was:
| /* confdefs.h */
| #define PACKAGE_NAME "nesc"
| #define PACKAGE_TARNAME "nesc"
| #define PACKAGE_VERSION "1.3.4"
| #define PACKAGE_STRING "nesc 1.3.4"
| #define PACKAGE_BUGREPORT ""
| #define PACKAGE_URL ""
| #define PACKAGE "nesc"
| #define VERSION "1.3.4"
| #define STDC_HEADERS 1
| #define HAVE_SYS_TYPES_H 1
| #define HAVE_SYS_STAT_H 1
| #define HAVE_STDLIB_H 1
| #define HAVE_STRING_H 1
| #define HAVE_MEMORY_H 1
| #define HAVE_STRINGS_H 1
| #define HAVE_INTTYPES_H 1
| #define HAVE_STDINT_H 1
| #define HAVE_UNISTD_H 1
| #define SIZEOF_LONG_LONG 8
| #define SIZEOF_VOID_P 8
| #define HAVE_ALLOCA_H 1
| #define HAVE_ALLOCA 1
| #define HAVE_STRTOLD 1
| #define HAVE_POLL 1
| #define HAVE_REALPATH 1
| #define HAVE_MMAP 1
| #define HAVE_REGCOMP 1
| #define HAVE_FNMATCH 1
| /* end confdefs.h.  */
| #include <stdlib.h>
| #include <iconv.h>
| int
| main ()
| {
| iconv_t cd = iconv_open("","");
|        iconv(cd,NULL,NULL,NULL,NULL);
|        iconv_close(cd);
|   ;
|   return 0;
| }
configure:5439: gcc -o conftest -g -Wall   conftest.c  -liconv >&5
Undefined symbols for architecture x86_64:
  "_libiconv", referenced from:
      _main in cciElBSY.o
  "_libiconv_close", referenced from:
      _main in cciElBSY.o
  "_libiconv_open", referenced from:
      _main in cciElBSY.o
ld: symbol(s) not found for architecture x86_64
collect2: ld returned 1 exit status
configure:5439: $? = 1
configure: failed program was:
| /* confdefs.h */
| #define PACKAGE_NAME "nesc"
| #define PACKAGE_TARNAME "nesc"
| #define PACKAGE_VERSION "1.3.4"
| #define PACKAGE_STRING "nesc 1.3.4"
| #define PACKAGE_BUGREPORT ""
| #define PACKAGE_URL ""
| #define PACKAGE "nesc"
| #define VERSION "1.3.4"
| #define STDC_HEADERS 1
| #define HAVE_SYS_TYPES_H 1
| #define HAVE_SYS_STAT_H 1
| #define HAVE_STDLIB_H 1
| #define HAVE_STRING_H 1
| #define HAVE_MEMORY_H 1
| #define HAVE_STRINGS_H 1
| #define HAVE_INTTYPES_H 1
| #define HAVE_STDINT_H 1
| #define HAVE_UNISTD_H 1
| #define SIZEOF_LONG_LONG 8
| #define SIZEOF_VOID_P 8
| #define HAVE_ALLOCA_H 1
| #define HAVE_ALLOCA 1
| #define HAVE_STRTOLD 1
| #define HAVE_POLL 1
| #define HAVE_REALPATH 1
| #define HAVE_MMAP 1
| #define HAVE_REGCOMP 1
| #define HAVE_FNMATCH 1
| /* end confdefs.h.  */
| #include <stdlib.h>
| #include <iconv.h>
| int
| main ()
| {
| iconv_t cd = iconv_open("","");
|          iconv(cd,NULL,NULL,NULL,NULL);
|          iconv_close(cd);
|   ;
|   return 0;
| }
configure:5449: result: no, consider installing GNU libiconv
configure:5522: checking for strtold declaration in <stdlib.h>
configure:5542: result: yes
configure:5694: creating ./config.status

## ---------------------- ##
## Running config.status. ##
## ---------------------- ##

This file was extended by nesc config.status 1.3.4, which was
generated by GNU Autoconf 2.69.  Invocation command line was

  CONFIG_FILES    = 
  CONFIG_HEADERS  = 
  CONFIG_LINKS    = 
  CONFIG_COMMANDS = 
  $ ./config.status 

on boli.local

config.status:877: creating Makefile
config.status:877: creating libcompat/Makefile
config.status:877: creating autoconf.h
config.status:1058: autoconf.h is unchanged
config.status:1106: executing depfiles commands

## ---------------- ##
## Cache variables. ##
## ---------------- ##

ac_cv_build=i386-apple-darwin15.0.0
ac_cv_c_compiler_gnu=yes
ac_cv_env_CC_set=
ac_cv_env_CC_value=
ac_cv_env_CFLAGS_set=
ac_cv_env_CFLAGS_value=
ac_cv_env_CPPFLAGS_set=
ac_cv_env_CPPFLAGS_value=
ac_cv_env_CPP_set=
ac_cv_env_CPP_value=
ac_cv_env_LDFLAGS_set=
ac_cv_env_LDFLAGS_value=
ac_cv_env_LIBS_set=
ac_cv_env_LIBS_value=
ac_cv_env_build_alias_set=
ac_cv_env_build_alias_value=
ac_cv_env_host_alias_set=
ac_cv_env_host_alias_value=
ac_cv_env_target_alias_set=
ac_cv_env_target_alias_value=
ac_cv_func_alloca_works=yes
ac_cv_func_fnmatch=yes
ac_cv_func_mmap=yes
ac_cv_func_poll=yes
ac_cv_func_realpath=yes
ac_cv_func_regcomp=yes
ac_cv_func_strtold=yes
ac_cv_header_inttypes_h=yes
ac_cv_header_memory_h=yes
ac_cv_header_stdc=yes
ac_cv_header_stdint_h=yes
ac_cv_header_stdlib_h=yes
ac_cv_header_string_h=yes
ac_cv_header_strings_h=yes
ac_cv_header_sys_stat_h=yes
ac_cv_header_sys_types_h=yes
ac_cv_header_unistd_h=yes
ac_cv_host=i386-apple-darwin15.0.0
ac_cv_objext=o
ac_cv_path_EGREP='/usr/bin/grep -E'
ac_cv_path_GREP=/usr/bin/grep
ac_cv_path_install='/usr/bin/install -c'
ac_cv_prog_AWK=awk
ac_cv_prog_CPP='gcc -E'
ac_cv_prog_ac_ct_CC=gcc
ac_cv_prog_ac_ct_RANLIB=ranlib
ac_cv_prog_cc_c89=
ac_cv_prog_cc_g=yes
ac_cv_prog_make_make_set=yes
ac_cv_sizeof_long_long=8
ac_cv_sizeof_void_p=8
ac_cv_type_size_t=yes
ac_cv_working_alloca_h=yes
acl_cv_hardcode_direct=no
acl_cv_hardcode_libdir_flag_spec=
acl_cv_hardcode_libdir_separator=
acl_cv_hardcode_minus_L=no
acl_cv_libext=a
acl_cv_path_LD=/opt/local/bin/ld
acl_cv_prog_gnu_ld=no
acl_cv_rpath=done
acl_cv_shlibext=dylib
acl_cv_wl=-Wl,
am_cv_CC_dependencies_compiler_type=gcc3
am_cv_func_iconv='no, consider installing GNU libiconv'
am_cv_lib_iconv=no
rc_cv_strtold_declared=yes

## ----------------- ##
## Output variables. ##
## ----------------- ##

ACLOCAL='${SHELL} /Users/boli/Codes/TinyOS-2.x-jhu/opt/nesc-1.3.4/config-aux/missing --run aclocal-1.11'
ALLOCA=''
AMDEPBACKSLASH='\'
AMDEP_FALSE='#'
AMDEP_TRUE=''
AMTAR='${SHELL} /Users/boli/Codes/TinyOS-2.x-jhu/opt/nesc-1.3.4/config-aux/missing --run tar'
AUTOCONF='${SHELL} /Users/boli/Codes/TinyOS-2.x-jhu/opt/nesc-1.3.4/config-aux/missing --run autoconf'
AUTOHEADER='${SHELL} /Users/boli/Codes/TinyOS-2.x-jhu/opt/nesc-1.3.4/config-aux/missing --run autoheader'
AUTOMAKE='${SHELL} /Users/boli/Codes/TinyOS-2.x-jhu/opt/nesc-1.3.4/config-aux/missing --run automake-1.11'
AWK='awk'
CC='gcc'
CCDEPMODE='depmode=gcc3'
CFLAGS='-g -Wall'
CPP='gcc -E'
CPPFLAGS=''
CYGPATH_W='echo'
DEFS='-DHAVE_CONFIG_H'
DEPDIR='.deps'
ECHO_C='\c'
ECHO_N=''
ECHO_T=''
EGREP='/usr/bin/grep -E'
EXEEXT=''
GREP='/usr/bin/grep'
INSTALL_DATA='${INSTALL} -m 644'
INSTALL_PROGRAM='${INSTALL}'
INSTALL_SCRIPT='${INSTALL}'
INSTALL_STRIP_PROGRAM='$(install_sh) -c -s'
LDFLAGS=''
LIBICONV=''
LIBOBJS=''
LIBS=''
LTLIBICONV=''
LTLIBOBJS=''
MAKEINFO='${SHELL} /Users/boli/Codes/TinyOS-2.x-jhu/opt/nesc-1.3.4/config-aux/missing --run makeinfo'
MKDIR_P='../config-aux/install-sh -c -d'
NEED_FNMATCH_FALSE=''
NEED_FNMATCH_TRUE='#'
NEED_REGEX_FALSE=''
NEED_REGEX_TRUE='#'
OBJEXT='o'
PACKAGE='nesc'
PACKAGE_BUGREPORT=''
PACKAGE_NAME='nesc'
PACKAGE_STRING='nesc 1.3.4'
PACKAGE_TARNAME='nesc'
PACKAGE_URL=''
PACKAGE_VERSION='1.3.4'
PATH_SEPARATOR=':'
RANLIB='ranlib'
SET_MAKE=''
SHELL='/bin/sh'
STRIP=''
USING_RCC_FALSE=''
USING_RCC_TRUE='#'
VERSION='1.3.4'
ac_ct_CC='gcc'
am__EXEEXT_FALSE=''
am__EXEEXT_TRUE='#'
am__fastdepCC_FALSE='#'
am__fastdepCC_TRUE=''
am__include='include'
am__isrc=''
am__leading_dot='.'
am__quote=''
am__tar='${AMTAR} chof - "$$tardir"'
am__untar='${AMTAR} xf -'
bindir='${exec_prefix}/bin'
build='i386-apple-darwin15.0.0'
build_alias=''
build_cpu='i386'
build_os='darwin15.0.0'
build_vendor='apple'
datadir='${datarootdir}'
datarootdir='${prefix}/share'
docdir='${datarootdir}/doc/${PACKAGE_TARNAME}'
dvidir='${docdir}'
exec_prefix='${prefix}'
host='i386-apple-darwin15.0.0'
host_alias=''
host_cpu='i386'
host_os='darwin15.0.0'
host_vendor='apple'
htmldir='${docdir}'
includedir='${prefix}/include'
infodir='${datarootdir}/info'
install_sh='${SHELL} /Users/boli/Codes/TinyOS-2.x-jhu/opt/nesc-1.3.4/config-aux/install-sh'
libdir='${exec_prefix}/lib'
libexecdir='${exec_prefix}/libexec'
localedir='${datarootdir}/locale'
localstatedir='${prefix}/var'
mandir='${datarootdir}/man'
mkdir_p='$(top_builddir)/../config-aux/install-sh -c -d'
oldincludedir='/usr/include'
pdfdir='${docdir}'
prefix='/Users/boli/Codes/TinyOS-2.x-jhu/opt/nesc'
program_transform_name='s,x,x,'
psdir='${docdir}'
sbindir='${exec_prefix}/sbin'
sharedstatedir='${prefix}/com'
sysconfdir='${prefix}/etc'
target_alias=''

## ----------- ##
## confdefs.h. ##
## ----------- ##

/* confdefs.h */
#define PACKAGE_NAME "nesc"
#define PACKAGE_TARNAME "nesc"
#define PACKAGE_VERSION "1.3.4"
#define PACKAGE_STRING "nesc 1.3.4"
#define PACKAGE_BUGREPORT ""
#define PACKAGE_URL ""
#define PACKAGE "nesc"
#define VERSION "1.3.4"
#define STDC_HEADERS 1
#define HAVE_SYS_TYPES_H 1
#define HAVE_SYS_STAT_H 1
#define HAVE_STDLIB_H 1
#define HAVE_STRING_H 1
#define HAVE_MEMORY_H 1
#define HAVE_STRINGS_H 1
#define HAVE_INTTYPES_H 1
#define HAVE_STDINT_H 1
#define HAVE_UNISTD_H 1
#define SIZEOF_LONG_LONG 8
#define SIZEOF_VOID_P 8
#define HAVE_ALLOCA_H 1
#define HAVE_ALLOCA 1
#define HAVE_STRTOLD 1
#define HAVE_POLL 1
#define HAVE_REALPATH 1
#define HAVE_MMAP 1
#define HAVE_REGCOMP 1
#define HAVE_FNMATCH 1
#define HAVE_STRTOLD_DECLARED 1

configure: exit 0
