This file contains any messages produced by compilers while
running configure, to aid debugging if configure makes a mistake.

It was created by configure, which was
generated by GNU Autoconf 2.69.  Invocation command line was

  $ ./configure --disable-option-checking --prefix=/usr/local --cache-file=/dev/null --srcdir=.

## --------- ##
## Platform. ##
## --------- ##

hostname = joes-MacBook-Pro.local
uname -m = x86_64
uname -r = 13.1.0
uname -s = Darwin
uname -v = Darwin Kernel Version 13.1.0: Thu Jan 16 19:40:37 PST 2014; root:xnu-2422.90.20~2/RELEASE_X86_64

/usr/bin/uname -p = i386
/bin/uname -X     = unknown

/bin/arch              = unknown
/usr/bin/arch -k       = unknown
/usr/convex/getsysinfo = unknown
/usr/bin/hostinfo      = Mach kernel version:
	 Darwin Kernel Version 13.1.0: Thu Jan 16 19:40:37 PST 2014; root:xnu-2422.90.20~2/RELEASE_X86_64
Kernel configured for up to 4 processors.
2 processors are physically available.
4 processors are logically available.
Processor type: i486 (Intel 80486)
Processors active: 0 1 2 3
Primary memory available: 4.00 gigabytes
Default processor set: 179 tasks, 936 threads, 4 processors
Load average: 2.28, Mach factor: 1.73
/bin/machine           = unknown
/usr/bin/oslevel       = unknown
/bin/universe          = unknown

PATH: /opt/local/bin
PATH: /opt/local/sbin
PATH: /Library/Frameworks/EPD64.framework/Versions/Current/bin
PATH: /Users/boli/Codes/TinyOS-2.x-jhu/opt/tinyos-2.x-tools/bin
PATH: /Users/boli/Codes/TinyOS-2.x-jhu/opt/nesc/bin
PATH: /Users/boli/Codes/TinyOS-2.x-jhu/opt/msp430/bin
PATH: /Users/boli/Codes/TinyOS-2.x-jhu/opt/avr/bin
PATH: /Users/boli/Codes/TinyOS-2.x-jhu/opt/deputy/bin
PATH: /opt/local/bin
PATH: /opt/local/sbin
PATH: /usr/bin
PATH: /bin
PATH: /usr/sbin
PATH: /sbin
PATH: /usr/local/bin
PATH: /opt/X11/bin
PATH: /usr/local/git/bin
PATH: /usr/texbin
PATH: /Bo/Work2012/Codes/python
PATH: /usr/local/pgsql-9.1/bin/
PATH: /Users/boli/Codes/TinyOS-2.x-jhu/opt/tinyos-2.x/support/sdk/java/


## ----------- ##
## Core tests. ##
## ----------- ##

configure:2300: checking for a BSD-compatible install
configure:2368: result: /usr/bin/install -c
configure:2379: checking whether build environment is sane
configure:2434: result: yes
configure:2585: checking for a thread-safe mkdir -p
configure:2624: result: config/install-sh -c -d
configure:2631: checking for gawk
configure:2661: result: no
configure:2631: checking for mawk
configure:2661: result: no
configure:2631: checking for nawk
configure:2661: result: no
configure:2631: checking for awk
configure:2647: found /usr/bin/awk
configure:2658: result: awk
configure:2669: checking whether make sets $(MAKE)
configure:2691: result: yes
configure:2720: checking whether make supports nested variables
configure:2737: result: yes
configure:2867: checking build system type
configure:2881: result: x86_64-apple-darwin13.1.0
configure:2901: checking host system type
configure:2914: result: x86_64-apple-darwin13.1.0
configure:2983: checking for gcc
configure:2999: found /opt/local/bin/gcc
configure:3010: result: gcc
configure:3239: checking for C compiler version
configure:3248: gcc --version >&5
gcc (MacPorts gcc43 4.3.6_9) 4.3.6
Copyright (C) 2008 Free Software Foundation, Inc.
This is free software; see the source for copying conditions.  There is NO
warranty; not even for MERCHANTABILITY or FITNESS FOR A PARTICULAR PURPOSE.

configure:3259: $? = 0
configure:3248: gcc -v >&5
Using built-in specs.
Target: x86_64-apple-darwin13
Configured with: /opt/local/var/macports/build/_opt_mports_dports_lang_gcc43/gcc43/work/gcc-4.3.6/configure --prefix=/opt/local --build=x86_64-apple-darwin13 --enable-languages=c,c++,objc,obj-c++,java,fortran --libdir=/opt/local/lib/gcc43 --includedir=/opt/local/include/gcc43 --infodir=/opt/local/share/info --mandir=/opt/local/share/man --datadir=/opt/local/share/gcc43 --with-local-prefix=/opt/local --with-libiconv-prefix=/opt/local --with-system-zlib --disable-nls --program-suffix=-mp-4.3 --with-gxx-include-dir=/opt/local/include/gcc43/c++/ --with-gmp=/opt/local --with-mpfr=/opt/local --enable-stage1-checking --disable-multilib --with-as=/opt/local/bin/as --with-ld=/opt/local/bin/ld --with-ar=/opt/local/bin/ar --with-bugurl=https://trac.macports.org/newticket --with-pkgversion='MacPorts gcc43 4.3.6_9'
Thread model: posix
gcc version 4.3.6 (MacPorts gcc43 4.3.6_9) 
configure:3259: $? = 0
configure:3248: gcc -V >&5
gcc: '-V' option must have argument
configure:3259: $? = 1
configure:3248: gcc -qversion >&5
gcc: unrecognized option '-qversion'
gcc: no input files
configure:3259: $? = 1
configure:3279: checking whether the C compiler works
configure:3301: gcc    conftest.c  >&5
configure:3305: $? = 0
configure:3353: result: yes
configure:3356: checking for C compiler default output file name
configure:3358: result: a.out
configure:3364: checking for suffix of executables
configure:3371: gcc -o conftest    conftest.c  >&5
configure:3375: $? = 0
configure:3397: result: 
configure:3419: checking whether we are cross compiling
configure:3427: gcc -o conftest    conftest.c  >&5
configure:3431: $? = 0
configure:3438: ./conftest
configure:3442: $? = 0
configure:3457: result: no
configure:3462: checking for suffix of object files
configure:3484: gcc -c   conftest.c >&5
configure:3488: $? = 0
configure:3509: result: o
configure:3513: checking whether we are using the GNU C compiler
configure:3532: gcc -c   conftest.c >&5
configure:3532: $? = 0
configure:3541: result: yes
configure:3550: checking whether gcc accepts -g
configure:3570: gcc -c -g  conftest.c >&5
configure:3570: $? = 0
configure:3611: result: yes
configure:3628: checking for gcc option to accept ISO C89
configure:3691: gcc  -c -g -O2  conftest.c >&5
configure:3691: $? = 0
configure:3704: result: none needed
configure:3729: checking whether gcc understands -c and -o together
configure:3751: gcc -c conftest.c -o conftest2.o
configure:3754: $? = 0
configure:3751: gcc -c conftest.c -o conftest2.o
configure:3754: $? = 0
configure:3766: result: yes
configure:3794: checking for style of include used by make
configure:3822: result: GNU
configure:3848: checking dependency style of gcc
configure:3959: result: gcc3
configure:4032: checking for g++
configure:4048: found /opt/local/bin/g++
configure:4059: result: g++
configure:4086: checking for C++ compiler version
configure:4095: g++ --version >&5
g++ (MacPorts gcc43 4.3.6_9) 4.3.6
Copyright (C) 2008 Free Software Foundation, Inc.
This is free software; see the source for copying conditions.  There is NO
warranty; not even for MERCHANTABILITY or FITNESS FOR A PARTICULAR PURPOSE.

configure:4106: $? = 0
configure:4095: g++ -v >&5
Using built-in specs.
Target: x86_64-apple-darwin13
Configured with: /opt/local/var/macports/build/_opt_mports_dports_lang_gcc43/gcc43/work/gcc-4.3.6/configure --prefix=/opt/local --build=x86_64-apple-darwin13 --enable-languages=c,c++,objc,obj-c++,java,fortran --libdir=/opt/local/lib/gcc43 --includedir=/opt/local/include/gcc43 --infodir=/opt/local/share/info --mandir=/opt/local/share/man --datadir=/opt/local/share/gcc43 --with-local-prefix=/opt/local --with-libiconv-prefix=/opt/local --with-system-zlib --disable-nls --program-suffix=-mp-4.3 --with-gxx-include-dir=/opt/local/include/gcc43/c++/ --with-gmp=/opt/local --with-mpfr=/opt/local --enable-stage1-checking --disable-multilib --with-as=/opt/local/bin/as --with-ld=/opt/local/bin/ld --with-ar=/opt/local/bin/ar --with-bugurl=https://trac.macports.org/newticket --with-pkgversion='MacPorts gcc43 4.3.6_9'
Thread model: posix
gcc version 4.3.6 (MacPorts gcc43 4.3.6_9) 
configure:4106: $? = 0
configure:4095: g++ -V >&5
g++: '-V' option must have argument
configure:4106: $? = 1
configure:4095: g++ -qversion >&5
g++: unrecognized option '-qversion'
g++: no input files
configure:4106: $? = 1
configure:4110: checking whether we are using the GNU C++ compiler
configure:4129: g++ -c   conftest.cpp >&5
configure:4129: $? = 0
configure:4138: result: yes
configure:4147: checking whether g++ accepts -g
configure:4167: g++ -c -g  conftest.cpp >&5
configure:4167: $? = 0
configure:4208: result: yes
configure:4233: checking dependency style of g++
configure:4344: result: gcc3
configure:4368: checking how to run the C preprocessor
configure:4399: gcc -E  conftest.c
configure:4399: $? = 0
configure:4413: gcc -E  conftest.c
conftest.c:11:28: error: ac_nonexistent.h: No such file or directory
configure:4413: $? = 1
configure: failed program was:
| /* confdefs.h */
| #define PACKAGE_NAME ""
| #define PACKAGE_TARNAME ""
| #define PACKAGE_VERSION ""
| #define PACKAGE_STRING ""
| #define PACKAGE_BUGREPORT ""
| #define PACKAGE_URL ""
| #define PACKAGE "uisp"
| #define VERSION "20050519tinyos"
| /* end confdefs.h.  */
| #include <ac_nonexistent.h>
configure:4438: result: gcc -E
configure:4458: gcc -E  conftest.c
configure:4458: $? = 0
configure:4472: gcc -E  conftest.c
conftest.c:11:28: error: ac_nonexistent.h: No such file or directory
configure:4472: $? = 1
configure: failed program was:
| /* confdefs.h */
| #define PACKAGE_NAME ""
| #define PACKAGE_TARNAME ""
| #define PACKAGE_VERSION ""
| #define PACKAGE_STRING ""
| #define PACKAGE_BUGREPORT ""
| #define PACKAGE_URL ""
| #define PACKAGE "uisp"
| #define VERSION "20050519tinyos"
| /* end confdefs.h.  */
| #include <ac_nonexistent.h>
configure:4501: checking for grep that handles long lines and -e
configure:4559: result: /usr/bin/grep
configure:4564: checking for egrep
configure:4626: result: /usr/bin/grep -E
configure:4631: checking for ANSI C header files
configure:4651: gcc -c -g -O2  conftest.c >&5
configure:4651: $? = 0
configure:4724: gcc -o conftest -g -O2   conftest.c  >&5
configure:4724: $? = 0
configure:4724: ./conftest
configure:4724: $? = 0
configure:4735: result: yes
configure:4748: checking for sys/types.h
configure:4748: gcc -c -g -O2  conftest.c >&5
configure:4748: $? = 0
configure:4748: result: yes
configure:4748: checking for sys/stat.h
configure:4748: gcc -c -g -O2  conftest.c >&5
configure:4748: $? = 0
configure:4748: result: yes
configure:4748: checking for stdlib.h
configure:4748: gcc -c -g -O2  conftest.c >&5
configure:4748: $? = 0
configure:4748: result: yes
configure:4748: checking for string.h
configure:4748: gcc -c -g -O2  conftest.c >&5
configure:4748: $? = 0
configure:4748: result: yes
configure:4748: checking for memory.h
configure:4748: gcc -c -g -O2  conftest.c >&5
configure:4748: $? = 0
configure:4748: result: yes
configure:4748: checking for strings.h
configure:4748: gcc -c -g -O2  conftest.c >&5
configure:4748: $? = 0
configure:4748: result: yes
configure:4748: checking for inttypes.h
configure:4748: gcc -c -g -O2  conftest.c >&5
configure:4748: $? = 0
configure:4748: result: yes
configure:4748: checking for stdint.h
configure:4748: gcc -c -g -O2  conftest.c >&5
configure:4748: $? = 0
configure:4748: result: yes
configure:4748: checking for unistd.h
configure:4748: gcc -c -g -O2  conftest.c >&5
configure:4748: $? = 0
configure:4748: result: yes
configure:4763: checking fcntl.h usability
configure:4763: gcc -c -g -O2  conftest.c >&5
configure:4763: $? = 0
configure:4763: result: yes
configure:4763: checking fcntl.h presence
configure:4763: gcc -E  conftest.c
configure:4763: $? = 0
configure:4763: result: yes
configure:4763: checking for fcntl.h
configure:4763: result: yes
configure:4763: checking sys/ioctl.h usability
configure:4763: gcc -c -g -O2  conftest.c >&5
configure:4763: $? = 0
configure:4763: result: yes
configure:4763: checking sys/ioctl.h presence
configure:4763: gcc -E  conftest.c
configure:4763: $? = 0
configure:4763: result: yes
configure:4763: checking for sys/ioctl.h
configure:4763: result: yes
configure:4763: checking sys/time.h usability
configure:4763: gcc -c -g -O2  conftest.c >&5
configure:4763: $? = 0
configure:4763: result: yes
configure:4763: checking sys/time.h presence
configure:4763: gcc -E  conftest.c
configure:4763: $? = 0
configure:4763: result: yes
configure:4763: checking for sys/time.h
configure:4763: result: yes
configure:4763: checking for unistd.h
configure:4763: result: yes
configure:4774: checking for an ANSI C-conforming const
configure:4840: gcc -c -g -O2  conftest.c >&5
configure:4840: $? = 0
configure:4847: result: yes
configure:4855: checking for size_t
configure:4855: gcc -c -g -O2  conftest.c >&5
configure:4855: $? = 0
configure:4855: gcc -c -g -O2  conftest.c >&5
conftest.c: In function 'main':
conftest.c:61: error: expected expression before ')' token
configure:4855: $? = 1
configure: failed program was:
| /* confdefs.h */
| #define PACKAGE_NAME ""
| #define PACKAGE_TARNAME ""
| #define PACKAGE_VERSION ""
| #define PACKAGE_STRING ""
| #define PACKAGE_BUGREPORT ""
| #define PACKAGE_URL ""
| #define PACKAGE "uisp"
| #define VERSION "20050519tinyos"
| #define STDC_HEADERS 1
| #define HAVE_SYS_TYPES_H 1
| #define HAVE_SYS_STAT_H 1
| #define HAVE_STDLIB_H 1
| #define HAVE_STRING_H 1
| #define HAVE_MEMORY_H 1
| #define HAVE_STRINGS_H 1
| #define HAVE_INTTYPES_H 1
| #define HAVE_STDINT_H 1
| #define HAVE_UNISTD_H 1
| #define HAVE_FCNTL_H 1
| #define HAVE_SYS_IOCTL_H 1
| #define HAVE_SYS_TIME_H 1
| #define HAVE_UNISTD_H 1
| /* end confdefs.h.  */
| #include <stdio.h>
| #ifdef HAVE_SYS_TYPES_H
| # include <sys/types.h>
| #endif
| #ifdef HAVE_SYS_STAT_H
| # include <sys/stat.h>
| #endif
| #ifdef STDC_HEADERS
| # include <stdlib.h>
| # include <stddef.h>
| #else
| # ifdef HAVE_STDLIB_H
| #  include <stdlib.h>
| # endif
| #endif
| #ifdef HAVE_STRING_H
| # if !defined STDC_HEADERS && defined HAVE_MEMORY_H
| #  include <memory.h>
| # endif
| # include <string.h>
| #endif
| #ifdef HAVE_STRINGS_H
| # include <strings.h>
| #endif
| #ifdef HAVE_INTTYPES_H
| # include <inttypes.h>
| #endif
| #ifdef HAVE_STDINT_H
| # include <stdint.h>
| #endif
| #ifdef HAVE_UNISTD_H
| # include <unistd.h>
| #endif
| int
| main ()
| {
| if (sizeof ((size_t)))
| 	    return 0;
|   ;
|   return 0;
| }
configure:4855: result: yes
configure:4866: checking whether time.h and sys/time.h may both be included
configure:4886: gcc -c -g -O2  conftest.c >&5
configure:4886: $? = 0
configure:4893: result: yes
configure:4903: checking whether gcc needs -traditional
conftest.c:26:20: error: termio.h: No such file or directory
configure:4937: result: no
configure:4944: checking for working memcmp
configure:4987: gcc -o conftest -g -O2   conftest.c  >&5
configure:4987: $? = 0
configure:4987: ./conftest
configure:4987: $? = 0
configure:4997: result: yes
configure:5008: checking for vprintf
configure:5008: gcc -o conftest -g -O2   conftest.c  >&5
conftest.c:49: warning: conflicting types for built-in function 'vprintf'
configure:5008: $? = 0
configure:5008: result: yes
configure:5014: checking for _doprnt
configure:5014: gcc -o conftest -g -O2   conftest.c  >&5
Undefined symbols for architecture x86_64:
  "__doprnt", referenced from:
      _main in ccqlRMIQ.o
ld: symbol(s) not found for architecture x86_64
collect2: ld returned 1 exit status
configure:5014: $? = 1
configure: failed program was:
| /* confdefs.h */
| #define PACKAGE_NAME ""
| #define PACKAGE_TARNAME ""
| #define PACKAGE_VERSION ""
| #define PACKAGE_STRING ""
| #define PACKAGE_BUGREPORT ""
| #define PACKAGE_URL ""
| #define PACKAGE "uisp"
| #define VERSION "20050519tinyos"
| #define STDC_HEADERS 1
| #define HAVE_SYS_TYPES_H 1
| #define HAVE_SYS_STAT_H 1
| #define HAVE_STDLIB_H 1
| #define HAVE_STRING_H 1
| #define HAVE_MEMORY_H 1
| #define HAVE_STRINGS_H 1
| #define HAVE_INTTYPES_H 1
| #define HAVE_STDINT_H 1
| #define HAVE_UNISTD_H 1
| #define HAVE_FCNTL_H 1
| #define HAVE_SYS_IOCTL_H 1
| #define HAVE_SYS_TIME_H 1
| #define HAVE_UNISTD_H 1
| #define TIME_WITH_SYS_TIME 1
| #define HAVE_VPRINTF 1
| /* end confdefs.h.  */
| /* Define _doprnt to an innocuous variant, in case <limits.h> declares _doprnt.
|    For example, HP-UX 11i <limits.h> declares gettimeofday.  */
| #define _doprnt innocuous__doprnt
| 
| /* System header to define __stub macros and hopefully few prototypes,
|     which can conflict with char _doprnt (); below.
|     Prefer <limits.h> to <assert.h> if __STDC__ is defined, since
|     <limits.h> exists even on freestanding compilers.  */
| 
| #ifdef __STDC__
| # include <limits.h>
| #else
| # include <assert.h>
| #endif
| 
| #undef _doprnt
| 
| /* Override any GCC internal prototype to avoid an error.
|    Use char because int might match the return type of a GCC
|    builtin and then its argument prototype would still apply.  */
| #ifdef __cplusplus
| extern "C"
| #endif
| char _doprnt ();
| /* The GNU C library defines this for functions which it implements
|     to always fail with ENOSYS.  Some functions are actually named
|     something starting with __ and the normal name is an alias.  */
| #if defined __stub__doprnt || defined __stub____doprnt
| choke me
| #endif
| 
| int
| main ()
| {
| return _doprnt ();
|   ;
|   return 0;
| }
configure:5014: result: no
configure:5028: checking for gettimeofday
configure:5028: gcc -o conftest -g -O2   conftest.c  >&5
configure:5028: $? = 0
configure:5028: result: yes
configure:5028: checking for select
configure:5028: gcc -o conftest -g -O2   conftest.c  >&5
configure:5028: $? = 0
configure:5028: result: yes
configure:5028: checking for strstr
configure:5028: gcc -o conftest -g -O2   conftest.c  >&5
conftest.c:52: warning: conflicting types for built-in function 'strstr'
configure:5028: $? = 0
configure:5028: result: yes
configure:5028: checking for strtol
configure:5028: gcc -o conftest -g -O2   conftest.c  >&5
configure:5028: $? = 0
configure:5028: result: yes
configure:5028: checking for strtod
configure:5028: gcc -o conftest -g -O2   conftest.c  >&5
configure:5028: $? = 0
configure:5028: result: yes
configure:5045: checking for cygwin
configure:5054: result: no
configure:5177: checking that generated files are newer than configure
configure:5183: result: done
configure:5214: creating ./config.status

## ---------------------- ##
## Running config.status. ##
## ---------------------- ##

This file was extended by config.status, which was
generated by GNU Autoconf 2.69.  Invocation command line was

  CONFIG_FILES    = 
  CONFIG_HEADERS  = 
  CONFIG_LINKS    = 
  CONFIG_COMMANDS = 
  $ ./config.status 

on joes-MacBook-Pro.local

config.status:886: creating src/Makefile
config.status:886: creating kernel/Makefile
config.status:886: creating kernel/win32/Makefile
config.status:886: creating uisp.1
config.status:886: creating uisp.spec
config.status:886: creating Makefile
config.status:886: creating src/config.h
config.status:1067: src/config.h is unchanged
config.status:1115: executing depfiles commands

## ---------------- ##
## Cache variables. ##
## ---------------- ##

ac_cv_build=x86_64-apple-darwin13.1.0
ac_cv_c_compiler_gnu=yes
ac_cv_c_const=yes
ac_cv_cxx_compiler_gnu=yes
ac_cv_env_CCC_set=
ac_cv_env_CCC_value=
ac_cv_env_CC_set=
ac_cv_env_CC_value=
ac_cv_env_CFLAGS_set=
ac_cv_env_CFLAGS_value=
ac_cv_env_CPPFLAGS_set=
ac_cv_env_CPPFLAGS_value=
ac_cv_env_CPP_set=
ac_cv_env_CPP_value=
ac_cv_env_CXXFLAGS_set=
ac_cv_env_CXXFLAGS_value=
ac_cv_env_CXX_set=
ac_cv_env_CXX_value=
ac_cv_env_LDFLAGS_set=
ac_cv_env_LDFLAGS_value=
ac_cv_env_LIBS_set=
ac_cv_env_LIBS_value=
ac_cv_env_build_alias_set=
ac_cv_env_build_alias_value=
ac_cv_env_host_alias_set=
ac_cv_env_host_alias_value=
ac_cv_env_target_alias_set=
ac_cv_env_target_alias_value=
ac_cv_func__doprnt=no
ac_cv_func_gettimeofday=yes
ac_cv_func_memcmp_working=yes
ac_cv_func_select=yes
ac_cv_func_strstr=yes
ac_cv_func_strtod=yes
ac_cv_func_strtol=yes
ac_cv_func_vprintf=yes
ac_cv_header_fcntl_h=yes
ac_cv_header_inttypes_h=yes
ac_cv_header_memory_h=yes
ac_cv_header_stdc=yes
ac_cv_header_stdint_h=yes
ac_cv_header_stdlib_h=yes
ac_cv_header_string_h=yes
ac_cv_header_strings_h=yes
ac_cv_header_sys_ioctl_h=yes
ac_cv_header_sys_stat_h=yes
ac_cv_header_sys_time_h=yes
ac_cv_header_sys_types_h=yes
ac_cv_header_time=yes
ac_cv_header_unistd_h=yes
ac_cv_host=x86_64-apple-darwin13.1.0
ac_cv_objext=o
ac_cv_path_EGREP='/usr/bin/grep -E'
ac_cv_path_GREP=/usr/bin/grep
ac_cv_path_install='/usr/bin/install -c'
ac_cv_prog_AWK=awk
ac_cv_prog_CPP='gcc -E'
ac_cv_prog_ac_ct_CC=gcc
ac_cv_prog_ac_ct_CXX=g++
ac_cv_prog_cc_c89=
ac_cv_prog_cc_g=yes
ac_cv_prog_cxx_g=yes
ac_cv_prog_gcc_traditional=no
ac_cv_prog_make_make_set=yes
ac_cv_type_size_t=yes
am_cv_CC_dependencies_compiler_type=gcc3
am_cv_CXX_dependencies_compiler_type=gcc3
am_cv_make_support_nested_variables=yes
am_cv_prog_cc_c_o=yes

## ----------------- ##
## Output variables. ##
## ----------------- ##

ACLOCAL='${SHELL} /Users/boli/Codes/TinyOS-2.x-jhu/opt/tinyos-2.x/tools/platforms/mica/uisp/config/missing aclocal-1.14'
AMDEPBACKSLASH='\'
AMDEP_FALSE='#'
AMDEP_TRUE=''
AMTAR='$${TAR-tar}'
AM_BACKSLASH='\'
AM_DEFAULT_V='$(AM_DEFAULT_VERBOSITY)'
AM_DEFAULT_VERBOSITY='1'
AM_V='$(V)'
AUTOCONF='${SHELL} /Users/boli/Codes/TinyOS-2.x-jhu/opt/tinyos-2.x/tools/platforms/mica/uisp/config/missing autoconf'
AUTOHEADER='${SHELL} /Users/boli/Codes/TinyOS-2.x-jhu/opt/tinyos-2.x/tools/platforms/mica/uisp/config/missing autoheader'
AUTOMAKE='${SHELL} /Users/boli/Codes/TinyOS-2.x-jhu/opt/tinyos-2.x/tools/platforms/mica/uisp/config/missing automake-1.14'
AWK='awk'
CC='gcc'
CCDEPMODE='depmode=gcc3'
CFLAGS='-g -O2'
CPP='gcc -E'
CPPFLAGS=''
CXX='g++'
CXXDEPMODE='depmode=gcc3'
CXXFLAGS='-g -O2'
CYGPATH_W='echo'
CYGWIN_FALSE=''
CYGWIN_TRUE='#'
DATE='April, 2014'
DEFS='-DHAVE_CONFIG_H'
DEPDIR='.deps'
ECHO_C='\c'
ECHO_N=''
ECHO_T=''
EGREP='/usr/bin/grep -E'
EXEEXT=''
GREP='/usr/bin/grep'
INSTALL_DATA='${INSTALL} -m 644'
INSTALL_PROGRAM='${INSTALL}'
INSTALL_SCRIPT='${INSTALL}'
INSTALL_STRIP_PROGRAM='$(install_sh) -c -s'
LDFLAGS=''
LIBOBJS=''
LIBS=''
LTLIBOBJS=''
MAKEINFO='${SHELL} /Users/boli/Codes/TinyOS-2.x-jhu/opt/tinyos-2.x/tools/platforms/mica/uisp/config/missing makeinfo'
MKDIR_P='config/install-sh -c -d'
OBJEXT='o'
PACKAGE='uisp'
PACKAGE_BUGREPORT=''
PACKAGE_NAME=''
PACKAGE_STRING=''
PACKAGE_TARNAME=''
PACKAGE_URL=''
PACKAGE_VERSION=''
PATH_SEPARATOR=':'
SET_MAKE=''
SHELL='/bin/sh'
STRIP=''
VERSION='20050519tinyos'
ac_aux_dir='config'
ac_ct_CC='gcc'
ac_ct_CXX='g++'
am__EXEEXT_FALSE=''
am__EXEEXT_TRUE='#'
am__fastdepCC_FALSE='#'
am__fastdepCC_TRUE=''
am__fastdepCXX_FALSE='#'
am__fastdepCXX_TRUE=''
am__include='include'
am__isrc=''
am__leading_dot='.'
am__nodep='_no'
am__quote=''
am__tar='$${TAR-tar} chof - "$$tardir"'
am__untar='$${TAR-tar} xf -'
bindir='${exec_prefix}/bin'
build='x86_64-apple-darwin13.1.0'
build_alias=''
build_cpu='x86_64'
build_os='darwin13.1.0'
build_vendor='apple'
datadir='${datarootdir}'
datarootdir='${prefix}/share'
docdir='${datarootdir}/doc/${PACKAGE}'
dvidir='${docdir}'
exec_prefix='${prefix}'
host='x86_64-apple-darwin13.1.0'
host_alias=''
host_cpu='x86_64'
host_os='darwin13.1.0'
host_vendor='apple'
htmldir='${docdir}'
includedir='${prefix}/include'
infodir='${datarootdir}/info'
install_sh='${SHELL} /Users/boli/Codes/TinyOS-2.x-jhu/opt/tinyos-2.x/tools/platforms/mica/uisp/config/install-sh'
libdir='${exec_prefix}/lib'
libexecdir='${exec_prefix}/libexec'
localedir='${datarootdir}/locale'
localstatedir='${prefix}/var'
mandir='${datarootdir}/man'
mkdir_p='$(MKDIR_P)'
oldincludedir='/usr/include'
pdfdir='${docdir}'
prefix='/usr/local'
program_transform_name='s,x,x,'
psdir='${docdir}'
sbindir='${exec_prefix}/sbin'
sharedstatedir='${prefix}/com'
sysconfdir='${prefix}/etc'
target_alias=''

## ----------- ##
## confdefs.h. ##
## ----------- ##

/* confdefs.h */
#define PACKAGE_NAME ""
#define PACKAGE_TARNAME ""
#define PACKAGE_VERSION ""
#define PACKAGE_STRING ""
#define PACKAGE_BUGREPORT ""
#define PACKAGE_URL ""
#define PACKAGE "uisp"
#define VERSION "20050519tinyos"
#define STDC_HEADERS 1
#define HAVE_SYS_TYPES_H 1
#define HAVE_SYS_STAT_H 1
#define HAVE_STDLIB_H 1
#define HAVE_STRING_H 1
#define HAVE_MEMORY_H 1
#define HAVE_STRINGS_H 1
#define HAVE_INTTYPES_H 1
#define HAVE_STDINT_H 1
#define HAVE_UNISTD_H 1
#define HAVE_FCNTL_H 1
#define HAVE_SYS_IOCTL_H 1
#define HAVE_SYS_TIME_H 1
#define HAVE_UNISTD_H 1
#define TIME_WITH_SYS_TIME 1
#define HAVE_VPRINTF 1
#define HAVE_GETTIMEOFDAY 1
#define HAVE_SELECT 1
#define HAVE_STRSTR 1
#define HAVE_STRTOL 1
#define HAVE_STRTOD 1

configure: exit 0
