This file contains any messages produced by compilers while
running configure, to aid debugging if configure makes a mistake.

It was created by nesc configure 1.3.4, which was
generated by GNU Autoconf 2.69.  Invocation command line was

  $ ./configure --prefix=/Users/boli/Codes/TinyOS-2.x-jhu/opt/nesc

## --------- ##
## Platform. ##
## --------- ##

hostname = boli.local
uname -m = x86_64
uname -r = 15.0.0
uname -s = Darwin
uname -v = Darwin Kernel Version 15.0.0: Sat Sep 19 15:53:46 PDT 2015; root:xnu-3247.10.11~1/RELEASE_X86_64

/usr/bin/uname -p = i386
/bin/uname -X     = unknown

/bin/arch              = unknown
/usr/bin/arch -k       = unknown
/usr/convex/getsysinfo = unknown
/usr/bin/hostinfo      = Mach kernel version:
	 Darwin Kernel Version 15.0.0: Sat Sep 19 15:53:46 PDT 2015; root:xnu-3247.10.11~1/RELEASE_X86_64
Kernel configured for up to 4 processors.
2 processors are physically available.
4 processors are logically available.
Processor type: x86_64h (Intel x86-64h Haswell)
Processors active: 0 1 2 3
Primary memory available: 16.00 gigabytes
Default processor set: 295 tasks, 1288 threads, 4 processors
Load average: 1.44, Mach factor: 2.55
/bin/machine           = unknown
/usr/bin/oslevel       = unknown
/bin/universe          = unknown

PATH: /opt/local/bin
PATH: /opt/local/sbin
PATH: /Users/boli/Codes/TinyOS-2.x-jhu/opt/tinyos-2.x-tools/bin
PATH: /Users/boli/Codes/TinyOS-2.x-jhu/opt/nesc/bin
PATH: /Users/boli/Codes/TinyOS-2.x-jhu/opt/msp430/bin
PATH: /Users/boli/Codes/TinyOS-2.x-jhu/opt/avr/bin
PATH: /Users/boli/Codes/TinyOS-2.x-jhu/opt/deputy/bin
PATH: /usr/bin
PATH: /bin
PATH: /usr/sbin
PATH: /sbin
PATH: /usr/local/bin
PATH: /opt/X11/bin
PATH: /usr/texbin
PATH: /Library/TeX/Distributions/.DefaultTeX/Contents/Programs/texbin
PATH: /Bo/Work2012/Codes/python
PATH: /usr/local/pgsql-9.1/bin/
PATH: /Users/boli/Codes/TinyOS-2.x-jhu/opt/tinyos-2.x/support/sdk/java/


## ----------- ##
## Core tests. ##
## ----------- ##

configure:1822: checking for a BSD-compatible install
configure:1890: result: /usr/bin/install -c
configure:1901: checking whether build environment is sane
configure:1951: result: yes
configure:2092: checking for a thread-safe mkdir -p
configure:2131: result: config-aux/install-sh -c -d
configure:2144: checking for gawk
configure:2174: result: no
configure:2144: checking for mawk
configure:2174: result: no
configure:2144: checking for nawk
configure:2174: result: no
configure:2144: checking for awk
configure:2160: found /usr/bin/awk
configure:2171: result: awk
configure:2182: checking whether make sets $(MAKE)
configure:2204: result: yes
configure:2338: checking for gcc
configure:2354: found /opt/local/bin/gcc
configure:2365: result: gcc
configure:2594: checking for C compiler version
configure:2603: gcc --version >&5
gcc (MacPorts gcc43 4.3.6_11) 4.3.6
Copyright (C) 2008 Free Software Foundation, Inc.
This is free software; see the source for copying conditions.  There is NO
warranty; not even for MERCHANTABILITY or FITNESS FOR A PARTICULAR PURPOSE.

configure:2614: $? = 0
configure:2603: gcc -v >&5
Using built-in specs.
Target: x86_64-apple-darwin15
Configured with: /opt/local/var/macports/build/_opt_local_var_macports_sources_rsync.macports.org_release_tarballs_ports_lang_gcc43/gcc43/work/gcc-4.3.6/configure --prefix=/opt/local --build=x86_64-apple-darwin15 --enable-languages=c,c++,objc,obj-c++,java,fortran --libdir=/opt/local/lib/gcc43 --includedir=/opt/local/include/gcc43 --infodir=/opt/local/share/info --mandir=/opt/local/share/man --datadir=/opt/local/share/gcc43 --with-local-prefix=/opt/local --with-libiconv-prefix=/opt/local --with-system-zlib --disable-nls --program-suffix=-mp-4.3 --with-gxx-include-dir=/opt/local/include/gcc43/c++/ --with-gmp=/opt/local --with-mpfr=/opt/local --enable-stage1-checking --disable-multilib --with-as=/opt/local/bin/as --with-ld=/opt/local/bin/ld --with-ar=/opt/local/bin/ar --with-bugurl=https://trac.macports.org/newticket --with-pkgversion='MacPorts gcc43 4.3.6_11'
Thread model: posix
gcc version 4.3.6 (MacPorts gcc43 4.3.6_11) 
configure:2614: $? = 0
configure:2603: gcc -V >&5
gcc: '-V' option must have argument
configure:2614: $? = 1
configure:2603: gcc -qversion >&5
gcc: unrecognized option '-qversion'
gcc: no input files
configure:2614: $? = 1
configure:2634: checking whether the C compiler works
configure:2656: gcc    conftest.c  >&5
configure:2660: $? = 0
configure:2708: result: yes
configure:2711: checking for C compiler default output file name
configure:2713: result: a.out
configure:2719: checking for suffix of executables
configure:2726: gcc -o conftest    conftest.c  >&5
configure:2730: $? = 0
configure:2752: result: 
configure:2774: checking whether we are cross compiling
configure:2782: gcc -o conftest    conftest.c  >&5
configure:2786: $? = 0
configure:2793: ./conftest
configure:2797: $? = 0
configure:2812: result: no
configure:2817: checking for suffix of object files
configure:2839: gcc -c   conftest.c >&5
configure:2843: $? = 0
configure:2864: result: o
configure:2868: checking whether we are using the GNU C compiler
configure:2887: gcc -c   conftest.c >&5
configure:2887: $? = 0
configure:2896: result: yes
configure:2905: checking whether gcc accepts -g
configure:2925: gcc -c -g  conftest.c >&5
configure:2925: $? = 0
configure:2966: result: yes
configure:2983: checking for gcc option to accept ISO C89
configure:3046: gcc  -c -g -O2  conftest.c >&5
configure:3046: $? = 0
configure:3059: result: none needed
configure:3090: checking for style of include used by make
configure:3118: result: GNU
configure:3143: checking dependency style of gcc
configure:3253: result: gcc3
configure:3271: checking for perl
configure:3289: found /usr/bin/perl
configure:3301: result: /usr/bin/perl
configure:3481: creating ./config.status

## ---------------------- ##
## Running config.status. ##
## ---------------------- ##

This file was extended by nesc config.status 1.3.4, which was
generated by GNU Autoconf 2.69.  Invocation command line was

  CONFIG_FILES    = 
  CONFIG_HEADERS  = 
  CONFIG_LINKS    = 
  CONFIG_COMMANDS = 
  $ ./config.status 

on boli.local

config.status:783: creating Makefile
config.status:783: creating doc/Makefile
config.status:783: creating tools/Makefile
config.status:783: creating tools/nescc-mig
config.status:783: creating tools/nescc-ncg
config.status:783: creating tools/nescc
config.status:783: creating tools/nescc-diff
config.status:783: creating tools/nescc-wiring
config.status:783: creating tools/java/Makefile
config.status:783: creating tools/java/net/Makefile
config.status:783: creating tools/java/net/tinyos/Makefile
config.status:783: creating tools/java/net/tinyos/nesc/Makefile
config.status:783: creating tools/java/net/tinyos/nesc/wiring/Makefile
config.status:783: creating tools/java/net/tinyos/nesc/dump/Makefile
config.status:783: creating tools/java/net/tinyos/nesc/dump/xml/Makefile
config.status:955: executing depfiles commands
configure:4692: === configuring in src (/Users/boli/Codes/TinyOS-2.x-jhu/opt/nesc-1.3.4/src)
configure:4755: running /bin/sh ./configure --disable-option-checking '--prefix=/Users/boli/Codes/TinyOS-2.x-jhu/opt/nesc'  --cache-file=/dev/null --srcdir=.
configure:4692: === configuring in libiberty (/Users/boli/Codes/TinyOS-2.x-jhu/opt/nesc-1.3.4/libiberty)
configure:4755: running /bin/sh ./configure --disable-option-checking '--prefix=/Users/boli/Codes/TinyOS-2.x-jhu/opt/nesc'  --cache-file=/dev/null --srcdir=.
configure:4692: === configuring in libcpp (/Users/boli/Codes/TinyOS-2.x-jhu/opt/nesc-1.3.4/libcpp)
configure:4755: running /bin/sh ./configure --disable-option-checking '--prefix=/Users/boli/Codes/TinyOS-2.x-jhu/opt/nesc'  --cache-file=/dev/null --srcdir=.

## ---------------- ##
## Cache variables. ##
## ---------------- ##

ac_cv_c_compiler_gnu=yes
ac_cv_env_CC_set=
ac_cv_env_CC_value=
ac_cv_env_CFLAGS_set=
ac_cv_env_CFLAGS_value=
ac_cv_env_CPPFLAGS_set=
ac_cv_env_CPPFLAGS_value=
ac_cv_env_LDFLAGS_set=
ac_cv_env_LDFLAGS_value=
ac_cv_env_LIBS_set=
ac_cv_env_LIBS_value=
ac_cv_env_build_alias_set=
ac_cv_env_build_alias_value=
ac_cv_env_host_alias_set=
ac_cv_env_host_alias_value=
ac_cv_env_target_alias_set=
ac_cv_env_target_alias_value=
ac_cv_objext=o
ac_cv_path_install='/usr/bin/install -c'
ac_cv_path_pathperl=/usr/bin/perl
ac_cv_prog_AWK=awk
ac_cv_prog_ac_ct_CC=gcc
ac_cv_prog_cc_c89=
ac_cv_prog_cc_g=yes
ac_cv_prog_make_make_set=yes
am_cv_CC_dependencies_compiler_type=gcc3

## ----------------- ##
## Output variables. ##
## ----------------- ##

ACLOCAL='${SHELL} /Users/boli/Codes/TinyOS-2.x-jhu/opt/nesc-1.3.4/config-aux/missing --run aclocal-1.11'
AMDEPBACKSLASH='\'
AMDEP_FALSE='#'
AMDEP_TRUE=''
AMTAR='${SHELL} /Users/boli/Codes/TinyOS-2.x-jhu/opt/nesc-1.3.4/config-aux/missing --run tar'
AUTOCONF='${SHELL} /Users/boli/Codes/TinyOS-2.x-jhu/opt/nesc-1.3.4/config-aux/missing --run autoconf'
AUTOHEADER='${SHELL} /Users/boli/Codes/TinyOS-2.x-jhu/opt/nesc-1.3.4/config-aux/missing --run autoheader'
AUTOMAKE='${SHELL} /Users/boli/Codes/TinyOS-2.x-jhu/opt/nesc-1.3.4/config-aux/missing --run automake-1.11'
AWK='awk'
CC='gcc'
CCDEPMODE='depmode=gcc3'
CFLAGS='-g -O2'
CPPFLAGS=''
CYGPATH_W='echo'
DEFS='-DPACKAGE_NAME=\"nesc\" -DPACKAGE_TARNAME=\"nesc\" -DPACKAGE_VERSION=\"1.3.4\" -DPACKAGE_STRING=\"nesc\ 1.3.4\" -DPACKAGE_BUGREPORT=\"\" -DPACKAGE_URL=\"\" -DPACKAGE=\"nesc\" -DVERSION=\"1.3.4\"'
DEPDIR='.deps'
ECHO_C='\c'
ECHO_N=''
ECHO_T=''
EXEEXT=''
INSTALL_DATA='${INSTALL} -m 644'
INSTALL_PROGRAM='${INSTALL}'
INSTALL_SCRIPT='${INSTALL}'
INSTALL_STRIP_PROGRAM='$(install_sh) -c -s'
LDFLAGS=''
LIBOBJS=''
LIBS=''
LTLIBOBJS=''
MAKEINFO='${SHELL} /Users/boli/Codes/TinyOS-2.x-jhu/opt/nesc-1.3.4/config-aux/missing --run makeinfo'
MKDIR_P='config-aux/install-sh -c -d'
OBJEXT='o'
PACKAGE='nesc'
PACKAGE_BUGREPORT=''
PACKAGE_NAME='nesc'
PACKAGE_STRING='nesc 1.3.4'
PACKAGE_TARNAME='nesc'
PACKAGE_URL=''
PACKAGE_VERSION='1.3.4'
PATH_SEPARATOR=':'
SET_MAKE=''
SHELL='/bin/sh'
STRIP=''
VERSION='1.3.4'
ac_ct_CC='gcc'
am__EXEEXT_FALSE=''
am__EXEEXT_TRUE='#'
am__fastdepCC_FALSE='#'
am__fastdepCC_TRUE=''
am__include='include'
am__isrc=''
am__leading_dot='.'
am__quote=''
am__tar='${AMTAR} chof - "$$tardir"'
am__untar='${AMTAR} xf -'
bindir='${exec_prefix}/bin'
build_alias=''
datadir='${datarootdir}'
datarootdir='${prefix}/share'
docdir='${datarootdir}/doc/${PACKAGE_TARNAME}'
dvidir='${docdir}'
exec_prefix='${prefix}'
host_alias=''
htmldir='${docdir}'
includedir='${prefix}/include'
infodir='${datarootdir}/info'
install_sh='${SHELL} /Users/boli/Codes/TinyOS-2.x-jhu/opt/nesc-1.3.4/config-aux/install-sh'
libdir='${exec_prefix}/lib'
libexecdir='${exec_prefix}/libexec'
localedir='${datarootdir}/locale'
localstatedir='${prefix}/var'
mandir='${datarootdir}/man'
mkdir_p='$(top_builddir)/config-aux/install-sh -c -d'
oldincludedir='/usr/include'
pathperl='/usr/bin/perl'
pdfdir='${docdir}'
prefix='/Users/boli/Codes/TinyOS-2.x-jhu/opt/nesc'
program_transform_name='s,x,x,'
psdir='${docdir}'
sbindir='${exec_prefix}/sbin'
sharedstatedir='${prefix}/com'
subdirs=' src libiberty libcpp'
sysconfdir='${prefix}/etc'
target_alias=''

## ----------- ##
## confdefs.h. ##
## ----------- ##

/* confdefs.h */
#define PACKAGE_NAME "nesc"
#define PACKAGE_TARNAME "nesc"
#define PACKAGE_VERSION "1.3.4"
#define PACKAGE_STRING "nesc 1.3.4"
#define PACKAGE_BUGREPORT ""
#define PACKAGE_URL ""
#define PACKAGE "nesc"
#define VERSION "1.3.4"

configure: exit 0
