This file contains any messages produced by compilers while
running configure, to aid debugging if configure makes a mistake.

It was created by tinyos-tools configure 1.2.4, which was
generated by GNU Autoconf 2.69.  Invocation command line was

  $ ./configure 

## --------- ##
## Platform. ##
## --------- ##

hostname = joes-MacBook-Pro.local
uname -m = x86_64
uname -r = 13.1.0
uname -s = Darwin
uname -v = Darwin Kernel Version 13.1.0: Thu Jan 16 19:40:37 PST 2014; root:xnu-2422.90.20~2/RELEASE_X86_64

/usr/bin/uname -p = i386
/bin/uname -X     = unknown

/bin/arch              = unknown
/usr/bin/arch -k       = unknown
/usr/convex/getsysinfo = unknown
/usr/bin/hostinfo      = Mach kernel version:
	 Darwin Kernel Version 13.1.0: Thu Jan 16 19:40:37 PST 2014; root:xnu-2422.90.20~2/RELEASE_X86_64
Kernel configured for up to 4 processors.
2 processors are physically available.
4 processors are logically available.
Processor type: i486 (Intel 80486)
Processors active: 0 1 2 3
Primary memory available: 4.00 gigabytes
Default processor set: 177 tasks, 916 threads, 4 processors
Load average: 2.28, Mach factor: 1.70
/bin/machine           = unknown
/usr/bin/oslevel       = unknown
/bin/universe          = unknown

PATH: /opt/local/bin
PATH: /opt/local/sbin
PATH: /Library/Frameworks/EPD64.framework/Versions/Current/bin
PATH: /Users/boli/Codes/TinyOS-2.x-jhu/opt/tinyos-2.x-tools/bin
PATH: /Users/boli/Codes/TinyOS-2.x-jhu/opt/nesc/bin
PATH: /Users/boli/Codes/TinyOS-2.x-jhu/opt/msp430/bin
PATH: /Users/boli/Codes/TinyOS-2.x-jhu/opt/avr/bin
PATH: /Users/boli/Codes/TinyOS-2.x-jhu/opt/deputy/bin
PATH: /opt/local/bin
PATH: /opt/local/sbin
PATH: /usr/bin
PATH: /bin
PATH: /usr/sbin
PATH: /sbin
PATH: /usr/local/bin
PATH: /opt/X11/bin
PATH: /usr/local/git/bin
PATH: /usr/texbin
PATH: /Bo/Work2012/Codes/python
PATH: /usr/local/pgsql-9.1/bin/
PATH: /Users/boli/Codes/TinyOS-2.x-jhu/opt/tinyos-2.x/support/sdk/java/


## ----------- ##
## Core tests. ##
## ----------- ##

configure:1908: checking for a BSD-compatible install
configure:1976: result: /usr/bin/install -c
configure:1987: checking whether build environment is sane
configure:2042: result: yes
configure:2193: checking for a thread-safe mkdir -p
configure:2232: result: config-aux/install-sh -c -d
configure:2239: checking for gawk
configure:2269: result: no
configure:2239: checking for mawk
configure:2269: result: no
configure:2239: checking for nawk
configure:2269: result: no
configure:2239: checking for awk
configure:2255: found /usr/bin/awk
configure:2266: result: awk
configure:2277: checking whether make sets $(MAKE)
configure:2299: result: yes
configure:2328: checking whether make supports nested variables
configure:2345: result: yes
configure:2474: checking build system type
configure:2488: result: x86_64-apple-darwin13.1.0
configure:2508: checking host system type
configure:2521: result: x86_64-apple-darwin13.1.0
configure:2590: checking for gcc
configure:2606: found /opt/local/bin/gcc
configure:2617: result: gcc
configure:2846: checking for C compiler version
configure:2855: gcc --version >&5
gcc (MacPorts gcc43 4.3.6_9) 4.3.6
Copyright (C) 2008 Free Software Foundation, Inc.
This is free software; see the source for copying conditions.  There is NO
warranty; not even for MERCHANTABILITY or FITNESS FOR A PARTICULAR PURPOSE.

configure:2866: $? = 0
configure:2855: gcc -v >&5
Using built-in specs.
Target: x86_64-apple-darwin13
Configured with: /opt/local/var/macports/build/_opt_mports_dports_lang_gcc43/gcc43/work/gcc-4.3.6/configure --prefix=/opt/local --build=x86_64-apple-darwin13 --enable-languages=c,c++,objc,obj-c++,java,fortran --libdir=/opt/local/lib/gcc43 --includedir=/opt/local/include/gcc43 --infodir=/opt/local/share/info --mandir=/opt/local/share/man --datadir=/opt/local/share/gcc43 --with-local-prefix=/opt/local --with-libiconv-prefix=/opt/local --with-system-zlib --disable-nls --program-suffix=-mp-4.3 --with-gxx-include-dir=/opt/local/include/gcc43/c++/ --with-gmp=/opt/local --with-mpfr=/opt/local --enable-stage1-checking --disable-multilib --with-as=/opt/local/bin/as --with-ld=/opt/local/bin/ld --with-ar=/opt/local/bin/ar --with-bugurl=https://trac.macports.org/newticket --with-pkgversion='MacPorts gcc43 4.3.6_9'
Thread model: posix
gcc version 4.3.6 (MacPorts gcc43 4.3.6_9) 
configure:2866: $? = 0
configure:2855: gcc -V >&5
gcc: '-V' option must have argument
configure:2866: $? = 1
configure:2855: gcc -qversion >&5
gcc: unrecognized option '-qversion'
gcc: no input files
configure:2866: $? = 1
configure:2886: checking whether the C compiler works
configure:2908: gcc    conftest.c  >&5
configure:2912: $? = 0
configure:2960: result: yes
configure:2963: checking for C compiler default output file name
configure:2965: result: a.out
configure:2971: checking for suffix of executables
configure:2978: gcc -o conftest    conftest.c  >&5
configure:2982: $? = 0
configure:3004: result: 
configure:3026: checking whether we are cross compiling
configure:3034: gcc -o conftest    conftest.c  >&5
configure:3038: $? = 0
configure:3045: ./conftest
configure:3049: $? = 0
configure:3064: result: no
configure:3069: checking for suffix of object files
configure:3091: gcc -c   conftest.c >&5
configure:3095: $? = 0
configure:3116: result: o
configure:3120: checking whether we are using the GNU C compiler
configure:3139: gcc -c   conftest.c >&5
configure:3139: $? = 0
configure:3148: result: yes
configure:3157: checking whether gcc accepts -g
configure:3177: gcc -c -g  conftest.c >&5
configure:3177: $? = 0
configure:3218: result: yes
configure:3235: checking for gcc option to accept ISO C89
configure:3298: gcc  -c -g -O2  conftest.c >&5
configure:3298: $? = 0
configure:3311: result: none needed
configure:3336: checking whether gcc understands -c and -o together
configure:3358: gcc -c conftest.c -o conftest2.o
configure:3361: $? = 0
configure:3358: gcc -c conftest.c -o conftest2.o
configure:3361: $? = 0
configure:3373: result: yes
configure:3401: checking for style of include used by make
configure:3429: result: GNU
configure:3455: checking dependency style of gcc
configure:3566: result: gcc3
configure:3639: checking for g++
configure:3655: found /opt/local/bin/g++
configure:3666: result: g++
configure:3693: checking for C++ compiler version
configure:3702: g++ --version >&5
g++ (MacPorts gcc43 4.3.6_9) 4.3.6
Copyright (C) 2008 Free Software Foundation, Inc.
This is free software; see the source for copying conditions.  There is NO
warranty; not even for MERCHANTABILITY or FITNESS FOR A PARTICULAR PURPOSE.

configure:3713: $? = 0
configure:3702: g++ -v >&5
Using built-in specs.
Target: x86_64-apple-darwin13
Configured with: /opt/local/var/macports/build/_opt_mports_dports_lang_gcc43/gcc43/work/gcc-4.3.6/configure --prefix=/opt/local --build=x86_64-apple-darwin13 --enable-languages=c,c++,objc,obj-c++,java,fortran --libdir=/opt/local/lib/gcc43 --includedir=/opt/local/include/gcc43 --infodir=/opt/local/share/info --mandir=/opt/local/share/man --datadir=/opt/local/share/gcc43 --with-local-prefix=/opt/local --with-libiconv-prefix=/opt/local --with-system-zlib --disable-nls --program-suffix=-mp-4.3 --with-gxx-include-dir=/opt/local/include/gcc43/c++/ --with-gmp=/opt/local --with-mpfr=/opt/local --enable-stage1-checking --disable-multilib --with-as=/opt/local/bin/as --with-ld=/opt/local/bin/ld --with-ar=/opt/local/bin/ar --with-bugurl=https://trac.macports.org/newticket --with-pkgversion='MacPorts gcc43 4.3.6_9'
Thread model: posix
gcc version 4.3.6 (MacPorts gcc43 4.3.6_9) 
configure:3713: $? = 0
configure:3702: g++ -V >&5
g++: '-V' option must have argument
configure:3713: $? = 1
configure:3702: g++ -qversion >&5
g++: unrecognized option '-qversion'
g++: no input files
configure:3713: $? = 1
configure:3717: checking whether we are using the GNU C++ compiler
configure:3736: g++ -c   conftest.cpp >&5
configure:3736: $? = 0
configure:3745: result: yes
configure:3754: checking whether g++ accepts -g
configure:3774: g++ -c -g  conftest.cpp >&5
configure:3774: $? = 0
configure:3815: result: yes
configure:3840: checking dependency style of g++
configure:3951: result: gcc3
configure:4009: checking for ranlib
configure:4025: found /opt/local/bin/ranlib
configure:4036: result: ranlib
configure:4061: checking for perl
configure:4079: found /opt/local/bin/perl
configure:4091: result: /opt/local/bin/perl
configure:4105: checking for python
configure:4123: found /Library/Frameworks/EPD64.framework/Versions/Current/bin/python
configure:4135: result: /Library/Frameworks/EPD64.framework/Versions/Current/bin/python
configure:4150: checking for nescc
configure:4168: found /Users/boli/Codes/TinyOS-2.x-jhu/opt/nesc/bin/nescc
configure:4180: result: /Users/boli/Codes/TinyOS-2.x-jhu/opt/nesc/bin/nescc
configure:4203: Default ncc build target is mica
configure:4205: ...but using a tos/.default-platform file is a better choice
configure:4221: TinyOS directory is /Users/boli/Codes/TinyOS-2.x-jhu/opt/tinyos-2.x/tos
configure:4225: checking for cygwin
configure:4242: result: no
configure:4272: checking for JDK location
configure:4279: result: /System/Library/Frameworks/JavaVM.framework/Versions/Current
configure:4450: checking that generated files are newer than configure
configure:4456: result: done
configure:4491: creating ./config.status

## ---------------------- ##
## Running config.status. ##
## ---------------------- ##

This file was extended by tinyos-tools config.status 1.2.4, which was
generated by GNU Autoconf 2.69.  Invocation command line was

  CONFIG_FILES    = 
  CONFIG_HEADERS  = 
  CONFIG_LINKS    = 
  CONFIG_COMMANDS = 
  $ ./config.status 

on joes-MacBook-Pro.local

config.status:833: creating Makefile
config.status:833: creating platforms/Makefile
config.status:833: creating platforms/mica/Makefile
config.status:833: creating platforms/mica/cc1000-channelgen/Makefile
config.status:833: creating platforms/msp430/Makefile
config.status:833: creating platforms/msp430/motelist/Makefile
config.status:833: creating platforms/msp430/pybsl/Makefile
config.status:833: creating platforms/msp430/pybsl/tos-bsl.1
config.status:833: creating platforms/msp430/pybsl/serial/Makefile
config.status:833: creating tinyos/Makefile
config.status:833: creating tinyos/java/Makefile
config.status:833: creating tinyos/java/env/Makefile
config.status:833: creating tinyos/java/serial/Makefile
config.status:833: creating tinyos/misc/tos-ident-flags
config.status:833: creating tinyos/misc/tos-install-jni
config.status:833: creating tinyos/misc/tos-set-symbols
config.status:833: creating tinyos/misc/tos-write-buildinfo
config.status:833: creating tinyos/misc/tos-write-image
config.status:833: creating tinyos/misc/tos-storage-at45db
config.status:833: creating tinyos/misc/tos-storage-stm25p
config.status:833: creating tinyos/misc/tos-storage-pxa27xp30
config.status:833: creating tinyos/misc/Makefile
config.status:833: creating tinyos/ncc/Makefile
config.status:833: creating tinyos/ncc/mig
config.status:833: creating tinyos/ncc/ncc
config.status:833: creating tinyos/ncc/ncg
config.status:833: creating tinyos/ncc/nesdoc
config.status:833: creating tinyos/ncc/nesdoc-py/Makefile
config.status:833: creating tinyos/tosthreads/Makefile
config.status:833: creating tinyos/safe/Makefile
config.status:1005: executing depfiles commands
configure:5715: === configuring in platforms/mica/uisp (/Users/boli/Codes/TinyOS-2.x-jhu/opt/tinyos-2.x/tools/platforms/mica/uisp)
configure:5778: running /bin/sh ./configure --disable-option-checking '--prefix=/usr/local'  --cache-file=/dev/null --srcdir=.

## ---------------- ##
## Cache variables. ##
## ---------------- ##

ac_cv_build=x86_64-apple-darwin13.1.0
ac_cv_c_compiler_gnu=yes
ac_cv_cxx_compiler_gnu=yes
ac_cv_env_CCC_set=
ac_cv_env_CCC_value=
ac_cv_env_CC_set=
ac_cv_env_CC_value=
ac_cv_env_CFLAGS_set=
ac_cv_env_CFLAGS_value=
ac_cv_env_CPPFLAGS_set=
ac_cv_env_CPPFLAGS_value=
ac_cv_env_CXXFLAGS_set=
ac_cv_env_CXXFLAGS_value=
ac_cv_env_CXX_set=
ac_cv_env_CXX_value=
ac_cv_env_LDFLAGS_set=
ac_cv_env_LDFLAGS_value=
ac_cv_env_LIBS_set=
ac_cv_env_LIBS_value=
ac_cv_env_build_alias_set=
ac_cv_env_build_alias_value=
ac_cv_env_host_alias_set=
ac_cv_env_host_alias_value=
ac_cv_env_target_alias_set=
ac_cv_env_target_alias_value=
ac_cv_host=x86_64-apple-darwin13.1.0
ac_cv_objext=o
ac_cv_path_install='/usr/bin/install -c'
ac_cv_path_pathnescc=/Users/boli/Codes/TinyOS-2.x-jhu/opt/nesc/bin/nescc
ac_cv_path_pathperl=/opt/local/bin/perl
ac_cv_path_pathpython=/Library/Frameworks/EPD64.framework/Versions/Current/bin/python
ac_cv_prog_AWK=awk
ac_cv_prog_ac_ct_CC=gcc
ac_cv_prog_ac_ct_CXX=g++
ac_cv_prog_ac_ct_RANLIB=ranlib
ac_cv_prog_cc_c89=
ac_cv_prog_cc_g=yes
ac_cv_prog_cxx_g=yes
ac_cv_prog_make_make_set=yes
am_cv_CC_dependencies_compiler_type=gcc3
am_cv_CXX_dependencies_compiler_type=gcc3
am_cv_make_support_nested_variables=yes
am_cv_prog_cc_c_o=yes

## ----------------- ##
## Output variables. ##
## ----------------- ##

ACLOCAL='${SHELL} /Users/boli/Codes/TinyOS-2.x-jhu/opt/tinyos-2.x/tools/config-aux/missing aclocal-1.14'
AMDEPBACKSLASH='\'
AMDEP_FALSE='#'
AMDEP_TRUE=''
AMTAR='$${TAR-tar}'
AM_BACKSLASH='\'
AM_DEFAULT_V='$(AM_DEFAULT_VERBOSITY)'
AM_DEFAULT_VERBOSITY='1'
AM_V='$(V)'
AUTOCONF='${SHELL} /Users/boli/Codes/TinyOS-2.x-jhu/opt/tinyos-2.x/tools/config-aux/missing autoconf'
AUTOHEADER='${SHELL} /Users/boli/Codes/TinyOS-2.x-jhu/opt/tinyos-2.x/tools/config-aux/missing autoheader'
AUTOMAKE='${SHELL} /Users/boli/Codes/TinyOS-2.x-jhu/opt/tinyos-2.x/tools/config-aux/missing automake-1.14'
AWK='awk'
CC='gcc'
CCDEPMODE='depmode=gcc3'
CFLAGS='-g -O2'
CPPFLAGS=''
CXX='g++'
CXXDEPMODE='depmode=gcc3'
CXXFLAGS='-g -O2'
CYGPATH_W='echo'
CYGWIN_FALSE=''
CYGWIN_TRUE='#'
DARWIN_FALSE='#'
DARWIN_TRUE=''
DEFS='-DPACKAGE_NAME=\"tinyos-tools\" -DPACKAGE_TARNAME=\"tinyos-tools\" -DPACKAGE_VERSION=\"1.2.4\" -DPACKAGE_STRING=\"tinyos-tools\ 1.2.4\" -DPACKAGE_BUGREPORT=\"\" -DPACKAGE_URL=\"\" -DPACKAGE=\"tinyos-tools\" -DVERSION=\"1.2.4\"'
DEPDIR='.deps'
ECHO_C='\c'
ECHO_N=''
ECHO_T=''
EXEEXT=''
GETENVLIB='libgetenv.jnilib '
INSTALLJNI='install'
INSTALL_DATA='${INSTALL} -m 644'
INSTALL_PROGRAM='${INSTALL}'
INSTALL_SCRIPT='${INSTALL}'
INSTALL_STRIP_PROGRAM='$(install_sh) -c -s'
JDK='/System/Library/Frameworks/JavaVM.framework/Versions/Current'
JNIPREFIX='lib'
JNISUFFIX='jnilib'
LDFLAGS=''
LIBOBJS=''
LIBS=''
LTLIBOBJS=''
MAKEINFO='${SHELL} /Users/boli/Codes/TinyOS-2.x-jhu/opt/tinyos-2.x/tools/config-aux/missing makeinfo'
MKDIR_P='config-aux/install-sh -c -d'
OBJEXT='o'
PACKAGE='tinyos-tools'
PACKAGE_BUGREPORT=''
PACKAGE_NAME='tinyos-tools'
PACKAGE_STRING='tinyos-tools 1.2.4'
PACKAGE_TARNAME='tinyos-tools'
PACKAGE_URL=''
PACKAGE_VERSION='1.2.4'
PATH_SEPARATOR=':'
RANLIB='ranlib'
SET_MAKE=''
SHELL='/bin/sh'
STRIP=''
TOSCOMMLIB='libtoscomm.jnilib '
TOSDIR='/Users/boli/Codes/TinyOS-2.x-jhu/opt/tinyos-2.x/tos'
VERSION='1.2.4'
ac_ct_CC='gcc'
ac_ct_CXX='g++'
am__EXEEXT_FALSE=''
am__EXEEXT_TRUE='#'
am__fastdepCC_FALSE='#'
am__fastdepCC_TRUE=''
am__fastdepCXX_FALSE='#'
am__fastdepCXX_TRUE=''
am__include='include'
am__isrc=''
am__leading_dot='.'
am__nodep='_no'
am__quote=''
am__tar='$${TAR-tar} chof - "$$tardir"'
am__untar='$${TAR-tar} xf -'
bindir='${exec_prefix}/bin'
build='x86_64-apple-darwin13.1.0'
build_alias=''
build_cpu='x86_64'
build_os='darwin13.1.0'
build_vendor='apple'
datadir='${datarootdir}'
datarootdir='${prefix}/share'
default_target='mica'
docdir='${datarootdir}/doc/${PACKAGE_TARNAME}'
dvidir='${docdir}'
exec_prefix='${prefix}'
host='x86_64-apple-darwin13.1.0'
host_alias=''
host_cpu='x86_64'
host_os='darwin13.1.0'
host_vendor='apple'
htmldir='${docdir}'
includedir='${prefix}/include'
infodir='${datarootdir}/info'
install_sh='${SHELL} /Users/boli/Codes/TinyOS-2.x-jhu/opt/tinyos-2.x/tools/config-aux/install-sh'
libdir='${exec_prefix}/lib'
libexecdir='${exec_prefix}/libexec'
localedir='${datarootdir}/locale'
localstatedir='${prefix}/var'
mandir='${datarootdir}/man'
mkdir_p='$(MKDIR_P)'
nescc_prefix='/Users/boli/Codes/TinyOS-2.x-jhu/opt/nesc'
oldincludedir='/usr/include'
pathnescc='/Users/boli/Codes/TinyOS-2.x-jhu/opt/nesc/bin/nescc'
pathperl='/opt/local/bin/perl'
pathpython='/Library/Frameworks/EPD64.framework/Versions/Current/bin/python'
pdfdir='${docdir}'
prefix='/usr/local'
program_transform_name='s,x,x,'
psdir='${docdir}'
sbindir='${exec_prefix}/sbin'
sharedstatedir='${prefix}/com'
subdirs=' platforms/mica/uisp'
sysconfdir='${prefix}/etc'
target_alias=''

## ----------- ##
## confdefs.h. ##
## ----------- ##

/* confdefs.h */
#define PACKAGE_NAME "tinyos-tools"
#define PACKAGE_TARNAME "tinyos-tools"
#define PACKAGE_VERSION "1.2.4"
#define PACKAGE_STRING "tinyos-tools 1.2.4"
#define PACKAGE_BUGREPORT ""
#define PACKAGE_URL ""
#define PACKAGE "tinyos-tools"
#define VERSION "1.2.4"

configure: exit 0
