Dec 14, 2012 2:10:25 AM org.apache.coyote.http11.Http11AprProtocol pause
INFO: Pausing Coyote HTTP/1.1 on http-9890
Dec 14, 2012 2:10:25 AM org.apache.coyote.http11.Http11AprProtocol pause
INFO: Pausing Coyote HTTP/1.1 on http-9900
Dec 14, 2012 2:10:26 AM org.apache.catalina.core.StandardService stop
INFO: Stopping service Catalina
Dec 14, 2012 2:10:26 AM org.apache.catalina.loader.WebappClassLoader clearReferencesThreads
SEVERE: The web application [/ubersvn] appears to have started a thread named [HSQLDB Timer @73204425] but has failed to stop it. This is very likely to create a memory leak.
Dec 14, 2012 2:10:26 AM org.apache.catalina.loader.WebappClassLoader clearThreadLocalMap
SEVERE: The web application [/ubersvn] created a ThreadLocal with key of type [com.sun.faces.util.Util$1] (value [com.sun.faces.util.Util$1@7662e8c8]) and a value of type [java.util.HashMap] (value [{com.sun.faces.patternCache={ = }}]) but failed to remove it when the web application was stopped. This is very likely to create a memory leak.
Dec 14, 2012 2:10:27 AM org.apache.coyote.http11.Http11AprProtocol destroy
INFO: Stopping Coyote HTTP/1.1 on http-9890
Dec 14, 2012 2:10:27 AM org.apache.coyote.http11.Http11AprProtocol destroy
INFO: Stopping Coyote HTTP/1.1 on http-9900
Dec 14, 2012 2:53:59 AM org.apache.catalina.core.AprLifecycleListener init
INFO: Loaded APR based Apache Tomcat Native library 1.1.20.
Dec 14, 2012 2:53:59 AM org.apache.catalina.core.AprLifecycleListener init
INFO: APR capabilities: IPv6 [true], sendfile [true], accept filters [false], random [true].
Dec 14, 2012 2:53:59 AM org.apache.catalina.startup.SetAllPropertiesRule begin
WARNING: [SetAllPropertiesRule]{Server/Service/Connector} Setting property 'clientAuth' to 'false' did not find a matching property.
Dec 14, 2012 2:54:00 AM org.apache.coyote.http11.Http11AprProtocol init
INFO: Initializing Coyote HTTP/1.1 on http-9890
Dec 14, 2012 2:54:00 AM org.apache.coyote.http11.Http11AprProtocol init
INFO: Initializing Coyote HTTP/1.1 on http-9900
Dec 14, 2012 2:54:00 AM org.apache.catalina.startup.Catalina load
INFO: Initialization processed in 1719 ms
Dec 14, 2012 2:54:00 AM org.apache.catalina.core.StandardService start
INFO: Starting service Catalina
Dec 14, 2012 2:54:00 AM org.apache.catalina.core.StandardEngine start
INFO: Starting Servlet Engine: Apache Tomcat/6.0.33
Dec 14, 2012 2:54:00 AM org.apache.catalina.startup.HostConfig deployWAR
INFO: Deploying web application archive RepositoryBrowser.war
Dec 14, 2012 2:54:11 AM org.apache.catalina.startup.HostConfig deployWAR
INFO: Deploying web application archive ubersvn.war
Dec 14, 2012 2:54:12 AM org.apache.catalina.core.StandardContext addApplicationListener
INFO: The listener "com.sun.faces.config.ConfigureListener" is already configured for this context. The duplicate definition has been ignored.
Dec 14, 2012 2:54:17 AM com.sun.faces.config.ConfigureListener contextInitialized
INFO: Initializing Mojarra 2.0.3 (FCS b03) for context '/ubersvn'
Dec 14, 2012 2:54:19 AM org.apache.catalina.startup.HostConfig deployDirectory
INFO: Deploying web application directory ROOT
Dec 14, 2012 2:54:19 AM org.apache.coyote.http11.Http11AprProtocol start
INFO: Starting Coyote HTTP/1.1 on http-9890
Dec 14, 2012 2:54:20 AM org.apache.coyote.http11.Http11AprProtocol start
INFO: Starting Coyote HTTP/1.1 on http-9900
Dec 14, 2012 2:54:20 AM org.apache.catalina.startup.Catalina start
INFO: Server startup in 19119 ms
