Jan 20, 2012 12:58:15 AM org.apache.coyote.http11.Http11AprProtocol pause
INFO: Pausing Coyote HTTP/1.1 on http-9890
Jan 20, 2012 12:58:15 AM org.apache.coyote.http11.Http11AprProtocol pause
INFO: Pausing Coyote HTTP/1.1 on http-9900
Jan 20, 2012 12:58:16 AM org.apache.catalina.core.StandardService stop
INFO: Stopping service Catalina
Jan 20, 2012 12:58:16 AM org.apache.catalina.loader.WebappClassLoader clearReferencesThreads
SEVERE: The web application [/ubersvn] appears to have started a thread named [HSQLDB Timer @7711089b] but has failed to stop it. This is very likely to create a memory leak.
Jan 20, 2012 12:58:16 AM org.apache.catalina.loader.WebappClassLoader clearThreadLocalMap
SEVERE: The web application [/ubersvn] created a ThreadLocal with key of type [com.sun.faces.util.Util$1] (value [com.sun.faces.util.Util$1@20f5517f]) and a value of type [java.util.HashMap] (value [{com.sun.faces.patternCache={ = }}]) but failed to remove it when the web application was stopped. This is very likely to create a memory leak.
Jan 20, 2012 12:58:17 AM org.apache.coyote.http11.Http11AprProtocol destroy
INFO: Stopping Coyote HTTP/1.1 on http-9890
Jan 20, 2012 12:58:17 AM org.apache.coyote.http11.Http11AprProtocol destroy
INFO: Stopping Coyote HTTP/1.1 on http-9900
Jan 20, 2012 3:10:04 AM org.apache.catalina.core.AprLifecycleListener init
INFO: Loaded APR based Apache Tomcat Native library 1.1.20.
Jan 20, 2012 3:10:04 AM org.apache.catalina.core.AprLifecycleListener init
INFO: APR capabilities: IPv6 [true], sendfile [true], accept filters [false], random [true].
Jan 20, 2012 3:10:04 AM org.apache.catalina.startup.SetAllPropertiesRule begin
WARNING: [SetAllPropertiesRule]{Server/Service/Connector} Setting property 'clientAuth' to 'false' did not find a matching property.
Jan 20, 2012 3:10:05 AM org.apache.coyote.http11.Http11AprProtocol init
INFO: Initializing Coyote HTTP/1.1 on http-9890
Jan 20, 2012 3:10:05 AM org.apache.coyote.http11.Http11AprProtocol init
INFO: Initializing Coyote HTTP/1.1 on http-9900
Jan 20, 2012 3:10:05 AM org.apache.catalina.startup.Catalina load
INFO: Initialization processed in 1864 ms
Jan 20, 2012 3:10:05 AM org.apache.catalina.core.StandardService start
INFO: Starting service Catalina
Jan 20, 2012 3:10:05 AM org.apache.catalina.core.StandardEngine start
INFO: Starting Servlet Engine: Apache Tomcat/6.0.33
Jan 20, 2012 3:10:05 AM org.apache.catalina.startup.HostConfig deployWAR
INFO: Deploying web application archive RepositoryBrowser.war
Jan 20, 2012 3:10:12 AM org.apache.catalina.startup.HostConfig deployWAR
INFO: Deploying web application archive ubersvn.war
Jan 20, 2012 3:10:12 AM org.apache.catalina.core.StandardContext addApplicationListener
INFO: The listener "com.sun.faces.config.ConfigureListener" is already configured for this context. The duplicate definition has been ignored.
Jan 20, 2012 3:10:17 AM com.sun.faces.config.ConfigureListener contextInitialized
INFO: Initializing Mojarra 2.0.3 (FCS b03) for context '/ubersvn'
Jan 20, 2012 3:10:19 AM org.apache.catalina.startup.HostConfig deployDirectory
INFO: Deploying web application directory ROOT
Jan 20, 2012 3:10:19 AM org.apache.coyote.http11.Http11AprProtocol start
INFO: Starting Coyote HTTP/1.1 on http-9890
Jan 20, 2012 3:10:19 AM org.apache.coyote.http11.Http11AprProtocol start
INFO: Starting Coyote HTTP/1.1 on http-9900
Jan 20, 2012 3:10:19 AM org.apache.catalina.startup.Catalina start
INFO: Server startup in 14280 ms
Jan 20, 2012 9:27:19 AM org.apache.coyote.http11.Http11AprProtocol pause
INFO: Pausing Coyote HTTP/1.1 on http-9890
Jan 20, 2012 9:27:19 AM org.apache.coyote.http11.Http11AprProtocol pause
INFO: Pausing Coyote HTTP/1.1 on http-9900
Jan 20, 2012 9:27:20 AM org.apache.catalina.core.StandardService stop
INFO: Stopping service Catalina
Jan 20, 2012 9:27:20 AM org.apache.catalina.loader.WebappClassLoader clearReferencesThreads
SEVERE: The web application [/ubersvn] appears to have started a thread named [HSQLDB Timer @20657c7b] but has failed to stop it. This is very likely to create a memory leak.
Jan 20, 2012 9:27:20 AM org.apache.catalina.loader.WebappClassLoader clearThreadLocalMap
SEVERE: The web application [/ubersvn] created a ThreadLocal with key of type [com.sun.faces.util.Util$1] (value [com.sun.faces.util.Util$1@73eef3b0]) and a value of type [java.util.HashMap] (value [{com.sun.faces.patternCache={ = }}]) but failed to remove it when the web application was stopped. This is very likely to create a memory leak.
Jan 20, 2012 9:27:21 AM org.apache.catalina.loader.WebappClassLoader clearReferencesThreads
SEVERE: The web application [/RepositoryBrowser] appears to have started a thread named [scheduler_QuartzSchedulerThread] but has failed to stop it. This is very likely to create a memory leak.
Jan 20, 2012 9:27:21 AM org.apache.coyote.http11.Http11AprProtocol destroy
INFO: Stopping Coyote HTTP/1.1 on http-9890
Jan 20, 2012 9:27:21 AM org.apache.coyote.http11.Http11AprProtocol destroy
INFO: Stopping Coyote HTTP/1.1 on http-9900
Jan 20, 2012 10:10:41 AM org.apache.catalina.core.AprLifecycleListener init
INFO: Loaded APR based Apache Tomcat Native library 1.1.20.
Jan 20, 2012 10:10:41 AM org.apache.catalina.core.AprLifecycleListener init
INFO: APR capabilities: IPv6 [true], sendfile [true], accept filters [false], random [true].
Jan 20, 2012 10:10:41 AM org.apache.catalina.startup.SetAllPropertiesRule begin
WARNING: [SetAllPropertiesRule]{Server/Service/Connector} Setting property 'clientAuth' to 'false' did not find a matching property.
Jan 20, 2012 10:10:41 AM org.apache.coyote.http11.Http11AprProtocol init
INFO: Initializing Coyote HTTP/1.1 on http-9890
Jan 20, 2012 10:10:41 AM org.apache.coyote.http11.Http11AprProtocol init
INFO: Initializing Coyote HTTP/1.1 on http-9900
Jan 20, 2012 10:10:41 AM org.apache.catalina.startup.Catalina load
INFO: Initialization processed in 1355 ms
Jan 20, 2012 10:10:41 AM org.apache.catalina.core.StandardService start
INFO: Starting service Catalina
Jan 20, 2012 10:10:41 AM org.apache.catalina.core.StandardEngine start
INFO: Starting Servlet Engine: Apache Tomcat/6.0.33
Jan 20, 2012 10:10:41 AM org.apache.catalina.startup.HostConfig deployWAR
INFO: Deploying web application archive RepositoryBrowser.war
Jan 20, 2012 10:10:49 AM org.apache.catalina.startup.HostConfig deployWAR
INFO: Deploying web application archive ubersvn.war
Jan 20, 2012 10:10:50 AM org.apache.catalina.core.StandardContext addApplicationListener
INFO: The listener "com.sun.faces.config.ConfigureListener" is already configured for this context. The duplicate definition has been ignored.
Jan 20, 2012 10:10:54 AM com.sun.faces.config.ConfigureListener contextInitialized
INFO: Initializing Mojarra 2.0.3 (FCS b03) for context '/ubersvn'
Jan 20, 2012 10:10:57 AM org.apache.catalina.startup.HostConfig deployDirectory
INFO: Deploying web application directory ROOT
Jan 20, 2012 10:10:57 AM org.apache.coyote.http11.Http11AprProtocol start
INFO: Starting Coyote HTTP/1.1 on http-9890
Jan 20, 2012 10:10:57 AM org.apache.coyote.http11.Http11AprProtocol start
INFO: Starting Coyote HTTP/1.1 on http-9900
Jan 20, 2012 10:10:57 AM org.apache.catalina.startup.Catalina start
INFO: Server startup in 15389 ms
Jan 20, 2012 5:42:11 PM org.apache.coyote.http11.Http11AprProtocol pause
INFO: Pausing Coyote HTTP/1.1 on http-9890
Jan 20, 2012 5:42:11 PM org.apache.coyote.http11.Http11AprProtocol pause
INFO: Pausing Coyote HTTP/1.1 on http-9900
Jan 20, 2012 5:42:12 PM org.apache.catalina.core.StandardService stop
INFO: Stopping service Catalina
Jan 20, 2012 5:42:12 PM org.apache.catalina.loader.WebappClassLoader clearReferencesThreads
SEVERE: The web application [/ubersvn] appears to have started a thread named [HSQLDB Timer @45bb9533] but has failed to stop it. This is very likely to create a memory leak.
Jan 20, 2012 5:42:12 PM org.apache.catalina.loader.WebappClassLoader clearThreadLocalMap
SEVERE: The web application [/ubersvn] created a ThreadLocal with key of type [com.sun.faces.util.Util$1] (value [com.sun.faces.util.Util$1@6a70122]) and a value of type [java.util.HashMap] (value [{com.sun.faces.patternCache={ = }}]) but failed to remove it when the web application was stopped. This is very likely to create a memory leak.
Jan 20, 2012 5:42:13 PM org.apache.coyote.http11.Http11AprProtocol destroy
INFO: Stopping Coyote HTTP/1.1 on http-9890
Jan 20, 2012 5:42:13 PM org.apache.coyote.http11.Http11AprProtocol destroy
INFO: Stopping Coyote HTTP/1.1 on http-9900
Jan 20, 2012 7:12:22 PM org.apache.catalina.core.AprLifecycleListener init
INFO: Loaded APR based Apache Tomcat Native library 1.1.20.
Jan 20, 2012 7:12:22 PM org.apache.catalina.core.AprLifecycleListener init
INFO: APR capabilities: IPv6 [true], sendfile [true], accept filters [false], random [true].
Jan 20, 2012 7:12:22 PM org.apache.catalina.startup.SetAllPropertiesRule begin
WARNING: [SetAllPropertiesRule]{Server/Service/Connector} Setting property 'clientAuth' to 'false' did not find a matching property.
Jan 20, 2012 7:12:22 PM org.apache.coyote.http11.Http11AprProtocol init
INFO: Initializing Coyote HTTP/1.1 on http-9890
Jan 20, 2012 7:12:22 PM org.apache.coyote.http11.Http11AprProtocol init
INFO: Initializing Coyote HTTP/1.1 on http-9900
Jan 20, 2012 7:12:22 PM org.apache.catalina.startup.Catalina load
INFO: Initialization processed in 1088 ms
Jan 20, 2012 7:12:22 PM org.apache.catalina.core.StandardService start
INFO: Starting service Catalina
Jan 20, 2012 7:12:22 PM org.apache.catalina.core.StandardEngine start
INFO: Starting Servlet Engine: Apache Tomcat/6.0.33
Jan 20, 2012 7:12:22 PM org.apache.catalina.startup.HostConfig deployWAR
INFO: Deploying web application archive RepositoryBrowser.war
Jan 20, 2012 7:12:30 PM org.apache.catalina.startup.HostConfig deployWAR
INFO: Deploying web application archive ubersvn.war
Jan 20, 2012 7:12:30 PM org.apache.catalina.core.StandardContext addApplicationListener
INFO: The listener "com.sun.faces.config.ConfigureListener" is already configured for this context. The duplicate definition has been ignored.
Jan 20, 2012 7:12:34 PM com.sun.faces.config.ConfigureListener contextInitialized
INFO: Initializing Mojarra 2.0.3 (FCS b03) for context '/ubersvn'
Jan 20, 2012 7:12:37 PM org.apache.catalina.startup.HostConfig deployDirectory
INFO: Deploying web application directory ROOT
Jan 20, 2012 7:12:37 PM org.apache.coyote.http11.Http11AprProtocol start
INFO: Starting Coyote HTTP/1.1 on http-9890
Jan 20, 2012 7:12:37 PM org.apache.coyote.http11.Http11AprProtocol start
INFO: Starting Coyote HTTP/1.1 on http-9900
Jan 20, 2012 7:12:37 PM org.apache.catalina.startup.Catalina start
INFO: Server startup in 14597 ms
