Sep 26, 2012 9:08:31 AM org.apache.coyote.http11.Http11AprProtocol pause
INFO: Pausing Coyote HTTP/1.1 on http-9890
Sep 26, 2012 9:08:31 AM org.apache.coyote.http11.Http11AprProtocol pause
INFO: Pausing Coyote HTTP/1.1 on http-9900
Sep 26, 2012 9:08:32 AM org.apache.catalina.core.StandardService stop
INFO: Stopping service Catalina
Sep 26, 2012 9:08:32 AM org.apache.catalina.loader.WebappClassLoader clearReferencesThreads
SEVERE: The web application [/ubersvn] appears to have started a thread named [HSQLDB Timer @10ba5a81] but has failed to stop it. This is very likely to create a memory leak.
Sep 26, 2012 9:08:32 AM org.apache.catalina.loader.WebappClassLoader clearThreadLocalMap
SEVERE: The web application [/ubersvn] created a ThreadLocal with key of type [com.sun.faces.util.Util$1] (value [com.sun.faces.util.Util$1@1fb93cf8]) and a value of type [java.util.HashMap] (value [{com.sun.faces.patternCache={ = }}]) but failed to remove it when the web application was stopped. This is very likely to create a memory leak.
Sep 26, 2012 9:08:33 AM org.apache.coyote.http11.Http11AprProtocol destroy
INFO: Stopping Coyote HTTP/1.1 on http-9890
Sep 26, 2012 9:08:33 AM org.apache.coyote.http11.Http11AprProtocol destroy
INFO: Stopping Coyote HTTP/1.1 on http-9900
Sep 26, 2012 9:44:19 AM org.apache.catalina.core.AprLifecycleListener init
INFO: Loaded APR based Apache Tomcat Native library 1.1.20.
Sep 26, 2012 9:44:19 AM org.apache.catalina.core.AprLifecycleListener init
INFO: APR capabilities: IPv6 [true], sendfile [true], accept filters [false], random [true].
Sep 26, 2012 9:44:19 AM org.apache.catalina.startup.SetAllPropertiesRule begin
WARNING: [SetAllPropertiesRule]{Server/Service/Connector} Setting property 'clientAuth' to 'false' did not find a matching property.
Sep 26, 2012 9:44:20 AM org.apache.coyote.http11.Http11AprProtocol init
INFO: Initializing Coyote HTTP/1.1 on http-9890
Sep 26, 2012 9:44:20 AM org.apache.coyote.http11.Http11AprProtocol init
INFO: Initializing Coyote HTTP/1.1 on http-9900
Sep 26, 2012 9:44:20 AM org.apache.catalina.startup.Catalina load
INFO: Initialization processed in 994 ms
Sep 26, 2012 9:44:20 AM org.apache.catalina.core.StandardService start
INFO: Starting service Catalina
Sep 26, 2012 9:44:20 AM org.apache.catalina.core.StandardEngine start
INFO: Starting Servlet Engine: Apache Tomcat/6.0.33
Sep 26, 2012 9:44:20 AM org.apache.catalina.startup.HostConfig deployWAR
INFO: Deploying web application archive RepositoryBrowser.war
Sep 26, 2012 9:44:25 AM org.apache.catalina.startup.HostConfig deployWAR
INFO: Deploying web application archive ubersvn.war
Sep 26, 2012 9:44:26 AM org.apache.catalina.core.StandardContext addApplicationListener
INFO: The listener "com.sun.faces.config.ConfigureListener" is already configured for this context. The duplicate definition has been ignored.
Sep 26, 2012 9:44:35 AM com.sun.faces.config.ConfigureListener contextInitialized
INFO: Initializing Mojarra 2.0.3 (FCS b03) for context '/ubersvn'
Sep 26, 2012 9:44:38 AM org.apache.catalina.startup.HostConfig deployDirectory
INFO: Deploying web application directory ROOT
Sep 26, 2012 9:44:38 AM org.apache.coyote.http11.Http11AprProtocol start
INFO: Starting Coyote HTTP/1.1 on http-9890
Sep 26, 2012 9:44:38 AM org.apache.coyote.http11.Http11AprProtocol start
INFO: Starting Coyote HTTP/1.1 on http-9900
Sep 26, 2012 9:44:38 AM org.apache.catalina.startup.Catalina start
INFO: Server startup in 18336 ms
Sep 26, 2012 5:57:56 PM org.apache.coyote.http11.Http11AprProtocol pause
INFO: Pausing Coyote HTTP/1.1 on http-9890
Sep 26, 2012 5:57:56 PM org.apache.coyote.http11.Http11AprProtocol pause
INFO: Pausing Coyote HTTP/1.1 on http-9900
Sep 26, 2012 5:57:57 PM org.apache.catalina.core.StandardService stop
INFO: Stopping service Catalina
Sep 26, 2012 5:57:57 PM org.apache.catalina.loader.WebappClassLoader clearReferencesThreads
SEVERE: The web application [/ubersvn] appears to have started a thread named [HSQLDB Timer @3e0bbd1b] but has failed to stop it. This is very likely to create a memory leak.
Sep 26, 2012 5:57:57 PM org.apache.catalina.loader.WebappClassLoader clearThreadLocalMap
SEVERE: The web application [/ubersvn] created a ThreadLocal with key of type [com.sun.faces.util.Util$1] (value [com.sun.faces.util.Util$1@76dbab83]) and a value of type [java.util.HashMap] (value [{com.sun.faces.patternCache={ = }}]) but failed to remove it when the web application was stopped. This is very likely to create a memory leak.
Sep 26, 2012 5:57:58 PM org.apache.catalina.loader.WebappClassLoader clearReferencesThreads
SEVERE: The web application [/RepositoryBrowser] appears to have started a thread named [scheduler_QuartzSchedulerThread] but has failed to stop it. This is very likely to create a memory leak.
Sep 26, 2012 5:57:58 PM org.apache.coyote.http11.Http11AprProtocol destroy
INFO: Stopping Coyote HTTP/1.1 on http-9890
Sep 26, 2012 5:57:58 PM org.apache.coyote.http11.Http11AprProtocol destroy
INFO: Stopping Coyote HTTP/1.1 on http-9900
Sep 26, 2012 6:24:52 PM org.apache.catalina.core.AprLifecycleListener init
INFO: Loaded APR based Apache Tomcat Native library 1.1.20.
Sep 26, 2012 6:24:53 PM org.apache.catalina.core.AprLifecycleListener init
INFO: APR capabilities: IPv6 [true], sendfile [true], accept filters [false], random [true].
Sep 26, 2012 6:24:53 PM org.apache.catalina.startup.SetAllPropertiesRule begin
WARNING: [SetAllPropertiesRule]{Server/Service/Connector} Setting property 'clientAuth' to 'false' did not find a matching property.
Sep 26, 2012 6:24:53 PM org.apache.coyote.http11.Http11AprProtocol init
INFO: Initializing Coyote HTTP/1.1 on http-9890
Sep 26, 2012 6:24:53 PM org.apache.coyote.http11.Http11AprProtocol init
INFO: Initializing Coyote HTTP/1.1 on http-9900
Sep 26, 2012 6:24:53 PM org.apache.catalina.startup.Catalina load
INFO: Initialization processed in 1176 ms
Sep 26, 2012 6:24:53 PM org.apache.catalina.core.StandardService start
INFO: Starting service Catalina
Sep 26, 2012 6:24:53 PM org.apache.catalina.core.StandardEngine start
INFO: Starting Servlet Engine: Apache Tomcat/6.0.33
Sep 26, 2012 6:24:53 PM org.apache.catalina.startup.HostConfig deployWAR
INFO: Deploying web application archive RepositoryBrowser.war
Sep 26, 2012 6:24:59 PM org.apache.catalina.startup.HostConfig deployWAR
INFO: Deploying web application archive ubersvn.war
Sep 26, 2012 6:25:00 PM org.apache.catalina.core.StandardContext addApplicationListener
INFO: The listener "com.sun.faces.config.ConfigureListener" is already configured for this context. The duplicate definition has been ignored.
Sep 26, 2012 6:25:06 PM com.sun.faces.config.ConfigureListener contextInitialized
INFO: Initializing Mojarra 2.0.3 (FCS b03) for context '/ubersvn'
Sep 26, 2012 6:25:08 PM org.apache.catalina.startup.HostConfig deployDirectory
INFO: Deploying web application directory ROOT
Sep 26, 2012 6:25:08 PM org.apache.coyote.http11.Http11AprProtocol start
INFO: Starting Coyote HTTP/1.1 on http-9890
Sep 26, 2012 6:25:08 PM org.apache.coyote.http11.Http11AprProtocol start
INFO: Starting Coyote HTTP/1.1 on http-9900
Sep 26, 2012 6:25:08 PM org.apache.catalina.startup.Catalina start
INFO: Server startup in 15046 ms
Sep 26, 2012 8:49:40 PM org.apache.coyote.http11.Http11AprProtocol pause
INFO: Pausing Coyote HTTP/1.1 on http-9890
Sep 26, 2012 8:49:40 PM org.apache.coyote.http11.Http11AprProtocol pause
INFO: Pausing Coyote HTTP/1.1 on http-9900
Sep 26, 2012 8:49:41 PM org.apache.catalina.core.StandardService stop
INFO: Stopping service Catalina
Sep 26, 2012 8:49:41 PM org.apache.catalina.loader.WebappClassLoader clearReferencesThreads
SEVERE: The web application [/ubersvn] appears to have started a thread named [HSQLDB Timer @1d1126f6] but has failed to stop it. This is very likely to create a memory leak.
Sep 26, 2012 8:49:41 PM org.apache.catalina.loader.WebappClassLoader clearThreadLocalMap
SEVERE: The web application [/ubersvn] created a ThreadLocal with key of type [com.sun.faces.util.Util$1] (value [com.sun.faces.util.Util$1@60dd0912]) and a value of type [java.util.HashMap] (value [{com.sun.faces.patternCache={ = }}]) but failed to remove it when the web application was stopped. This is very likely to create a memory leak.
Sep 26, 2012 8:49:42 PM org.apache.coyote.http11.Http11AprProtocol destroy
INFO: Stopping Coyote HTTP/1.1 on http-9890
Sep 26, 2012 8:49:42 PM org.apache.coyote.http11.Http11AprProtocol destroy
INFO: Stopping Coyote HTTP/1.1 on http-9900
Sep 26, 2012 8:50:50 PM org.apache.catalina.core.AprLifecycleListener init
INFO: Loaded APR based Apache Tomcat Native library 1.1.20.
Sep 26, 2012 8:50:51 PM org.apache.catalina.core.AprLifecycleListener init
INFO: APR capabilities: IPv6 [true], sendfile [true], accept filters [false], random [true].
Sep 26, 2012 8:50:51 PM org.apache.catalina.startup.SetAllPropertiesRule begin
WARNING: [SetAllPropertiesRule]{Server/Service/Connector} Setting property 'clientAuth' to 'false' did not find a matching property.
Sep 26, 2012 8:50:53 PM org.apache.coyote.http11.Http11AprProtocol init
INFO: Initializing Coyote HTTP/1.1 on http-9890
Sep 26, 2012 8:50:53 PM org.apache.coyote.http11.Http11AprProtocol init
INFO: Initializing Coyote HTTP/1.1 on http-9900
Sep 26, 2012 8:50:53 PM org.apache.catalina.startup.Catalina load
INFO: Initialization processed in 5146 ms
Sep 26, 2012 8:50:53 PM org.apache.catalina.core.StandardService start
INFO: Starting service Catalina
Sep 26, 2012 8:50:53 PM org.apache.catalina.core.StandardEngine start
INFO: Starting Servlet Engine: Apache Tomcat/6.0.33
Sep 26, 2012 8:50:53 PM org.apache.catalina.startup.HostConfig deployWAR
INFO: Deploying web application archive RepositoryBrowser.war
Sep 26, 2012 8:51:12 PM org.apache.catalina.startup.HostConfig deployWAR
INFO: Deploying web application archive ubersvn.war
Sep 26, 2012 8:51:23 PM org.apache.catalina.core.StandardContext addApplicationListener
INFO: The listener "com.sun.faces.config.ConfigureListener" is already configured for this context. The duplicate definition has been ignored.
Sep 26, 2012 8:51:34 PM com.sun.faces.config.ConfigureListener contextInitialized
INFO: Initializing Mojarra 2.0.3 (FCS b03) for context '/ubersvn'
Sep 26, 2012 8:51:37 PM org.apache.catalina.startup.HostConfig deployDirectory
INFO: Deploying web application directory ROOT
Sep 26, 2012 8:51:37 PM org.apache.coyote.http11.Http11AprProtocol start
INFO: Starting Coyote HTTP/1.1 on http-9890
Sep 26, 2012 8:51:38 PM org.apache.coyote.http11.Http11AprProtocol start
INFO: Starting Coyote HTTP/1.1 on http-9900
Sep 26, 2012 8:51:38 PM org.apache.catalina.startup.Catalina start
INFO: Server startup in 44207 ms
