Apr 15, 2012 6:53:41 PM org.apache.coyote.http11.Http11AprProtocol pause
INFO: Pausing Coyote HTTP/1.1 on http-9890
Apr 15, 2012 6:53:41 PM org.apache.coyote.http11.Http11AprProtocol pause
INFO: Pausing Coyote HTTP/1.1 on http-9900
Apr 15, 2012 6:53:42 PM org.apache.catalina.core.StandardService stop
INFO: Stopping service Catalina
Apr 15, 2012 6:53:43 PM org.apache.catalina.loader.WebappClassLoader clearReferencesThreads
SEVERE: The web application [/ubersvn] appears to have started a thread named [HSQLDB Timer @17510d96] but has failed to stop it. This is very likely to create a memory leak.
Apr 15, 2012 6:53:43 PM org.apache.catalina.loader.WebappClassLoader clearReferencesThreads
SEVERE: The web application [/ubersvn] appears to have started a thread named [TwitterListenerThread] but has failed to stop it. This is very likely to create a memory leak.
Apr 15, 2012 6:53:43 PM org.apache.catalina.loader.WebappClassLoader clearThreadLocalMap
SEVERE: The web application [/ubersvn] created a ThreadLocal with key of type [com.sun.faces.util.Util$1] (value [com.sun.faces.util.Util$1@6be54e00]) and a value of type [java.util.HashMap] (value [{com.sun.faces.patternCache={ = }}]) but failed to remove it when the web application was stopped. This is very likely to create a memory leak.
Apr 15, 2012 6:53:43 PM org.apache.catalina.loader.WebappClassLoader clearThreadLocalMap
SEVERE: The web application [/ubersvn] created a ThreadLocal with key of type [org.apache.http.impl.cookie.DateUtils$DateFormatHolder$1] (value [org.apache.http.impl.cookie.DateUtils$DateFormatHolder$1@1b641957]) and a value of type [java.lang.ref.SoftReference] (value [java.lang.ref.SoftReference@48bbaccd]) but failed to remove it when the web application was stopped. This is very likely to create a memory leak.
Apr 15, 2012 6:53:44 PM org.apache.coyote.http11.Http11AprProtocol destroy
INFO: Stopping Coyote HTTP/1.1 on http-9890
Apr 15, 2012 6:53:44 PM org.apache.coyote.http11.Http11AprProtocol destroy
INFO: Stopping Coyote HTTP/1.1 on http-9900
Apr 15, 2012 7:55:08 PM org.apache.catalina.core.AprLifecycleListener init
INFO: Loaded APR based Apache Tomcat Native library 1.1.20.
Apr 15, 2012 7:55:08 PM org.apache.catalina.core.AprLifecycleListener init
INFO: APR capabilities: IPv6 [true], sendfile [true], accept filters [false], random [true].
Apr 15, 2012 7:55:08 PM org.apache.catalina.startup.SetAllPropertiesRule begin
WARNING: [SetAllPropertiesRule]{Server/Service/Connector} Setting property 'clientAuth' to 'false' did not find a matching property.
Apr 15, 2012 7:55:08 PM org.apache.coyote.http11.Http11AprProtocol init
INFO: Initializing Coyote HTTP/1.1 on http-9890
Apr 15, 2012 7:55:08 PM org.apache.coyote.http11.Http11AprProtocol init
INFO: Initializing Coyote HTTP/1.1 on http-9900
Apr 15, 2012 7:55:08 PM org.apache.catalina.startup.Catalina load
INFO: Initialization processed in 740 ms
Apr 15, 2012 7:55:08 PM org.apache.catalina.core.StandardService start
INFO: Starting service Catalina
Apr 15, 2012 7:55:08 PM org.apache.catalina.core.StandardEngine start
INFO: Starting Servlet Engine: Apache Tomcat/6.0.33
Apr 15, 2012 7:55:08 PM org.apache.catalina.startup.HostConfig deployWAR
INFO: Deploying web application archive RepositoryBrowser.war
Apr 15, 2012 7:55:13 PM org.apache.catalina.startup.HostConfig deployWAR
INFO: Deploying web application archive ubersvn.war
Apr 15, 2012 7:55:14 PM org.apache.catalina.core.StandardContext addApplicationListener
INFO: The listener "com.sun.faces.config.ConfigureListener" is already configured for this context. The duplicate definition has been ignored.
Apr 15, 2012 7:55:19 PM com.sun.faces.config.ConfigureListener contextInitialized
INFO: Initializing Mojarra 2.0.3 (FCS b03) for context '/ubersvn'
Apr 15, 2012 7:55:21 PM org.apache.catalina.startup.HostConfig deployDirectory
INFO: Deploying web application directory ROOT
Apr 15, 2012 7:55:21 PM org.apache.coyote.http11.Http11AprProtocol start
INFO: Starting Coyote HTTP/1.1 on http-9890
Apr 15, 2012 7:55:21 PM org.apache.coyote.http11.Http11AprProtocol start
INFO: Starting Coyote HTTP/1.1 on http-9900
Apr 15, 2012 7:55:21 PM org.apache.catalina.startup.Catalina start
INFO: Server startup in 13095 ms
