Apr 12, 2012 12:08:14 AM org.apache.coyote.http11.Http11AprProtocol pause
INFO: Pausing Coyote HTTP/1.1 on http-9890
Apr 12, 2012 12:08:14 AM org.apache.coyote.http11.Http11AprProtocol pause
INFO: Pausing Coyote HTTP/1.1 on http-9900
Apr 12, 2012 12:08:15 AM org.apache.catalina.core.StandardService stop
INFO: Stopping service Catalina
Apr 12, 2012 12:08:15 AM org.apache.catalina.loader.WebappClassLoader clearReferencesThreads
SEVERE: The web application [/ubersvn] appears to have started a thread named [HSQLDB Timer @dae6456] but has failed to stop it. This is very likely to create a memory leak.
Apr 12, 2012 12:08:15 AM org.apache.catalina.loader.WebappClassLoader clearThreadLocalMap
SEVERE: The web application [/ubersvn] created a ThreadLocal with key of type [com.sun.faces.util.Util$1] (value [com.sun.faces.util.Util$1@469212f4]) and a value of type [java.util.HashMap] (value [{com.sun.faces.patternCache={ = }}]) but failed to remove it when the web application was stopped. This is very likely to create a memory leak.
Apr 12, 2012 12:08:17 AM org.apache.coyote.http11.Http11AprProtocol destroy
INFO: Stopping Coyote HTTP/1.1 on http-9890
Apr 12, 2012 12:08:17 AM org.apache.coyote.http11.Http11AprProtocol destroy
INFO: Stopping Coyote HTTP/1.1 on http-9900
Apr 12, 2012 9:35:22 AM org.apache.catalina.core.AprLifecycleListener init
INFO: Loaded APR based Apache Tomcat Native library 1.1.20.
Apr 12, 2012 9:35:22 AM org.apache.catalina.core.AprLifecycleListener init
INFO: APR capabilities: IPv6 [true], sendfile [true], accept filters [false], random [true].
Apr 12, 2012 9:35:22 AM org.apache.catalina.startup.SetAllPropertiesRule begin
WARNING: [SetAllPropertiesRule]{Server/Service/Connector} Setting property 'clientAuth' to 'false' did not find a matching property.
Apr 12, 2012 9:35:23 AM org.apache.coyote.http11.Http11AprProtocol init
INFO: Initializing Coyote HTTP/1.1 on http-9890
Apr 12, 2012 9:35:23 AM org.apache.coyote.http11.Http11AprProtocol init
INFO: Initializing Coyote HTTP/1.1 on http-9900
Apr 12, 2012 9:35:23 AM org.apache.catalina.startup.Catalina load
INFO: Initialization processed in 822 ms
Apr 12, 2012 9:35:23 AM org.apache.catalina.core.StandardService start
INFO: Starting service Catalina
Apr 12, 2012 9:35:23 AM org.apache.catalina.core.StandardEngine start
INFO: Starting Servlet Engine: Apache Tomcat/6.0.33
Apr 12, 2012 9:35:23 AM org.apache.catalina.startup.HostConfig deployWAR
INFO: Deploying web application archive RepositoryBrowser.war
Apr 12, 2012 9:35:28 AM org.apache.catalina.startup.HostConfig deployWAR
INFO: Deploying web application archive ubersvn.war
Apr 12, 2012 9:35:29 AM org.apache.catalina.core.StandardContext addApplicationListener
INFO: The listener "com.sun.faces.config.ConfigureListener" is already configured for this context. The duplicate definition has been ignored.
Apr 12, 2012 9:35:34 AM com.sun.faces.config.ConfigureListener contextInitialized
INFO: Initializing Mojarra 2.0.3 (FCS b03) for context '/ubersvn'
Apr 12, 2012 9:35:36 AM org.apache.catalina.startup.HostConfig deployDirectory
INFO: Deploying web application directory ROOT
Apr 12, 2012 9:35:36 AM org.apache.coyote.http11.Http11AprProtocol start
INFO: Starting Coyote HTTP/1.1 on http-9890
Apr 12, 2012 9:35:36 AM org.apache.coyote.http11.Http11AprProtocol start
INFO: Starting Coyote HTTP/1.1 on http-9900
Apr 12, 2012 9:35:36 AM org.apache.catalina.startup.Catalina start
INFO: Server startup in 13268 ms
Apr 12, 2012 5:09:38 PM org.apache.coyote.http11.Http11AprProtocol pause
INFO: Pausing Coyote HTTP/1.1 on http-9890
Apr 12, 2012 5:09:38 PM org.apache.coyote.http11.Http11AprProtocol pause
INFO: Pausing Coyote HTTP/1.1 on http-9900
Apr 12, 2012 5:09:39 PM org.apache.catalina.core.StandardService stop
INFO: Stopping service Catalina
Apr 12, 2012 5:09:40 PM org.apache.catalina.loader.WebappClassLoader clearReferencesThreads
SEVERE: The web application [/ubersvn] appears to have started a thread named [HSQLDB Timer @5a335053] but has failed to stop it. This is very likely to create a memory leak.
Apr 12, 2012 5:09:40 PM org.apache.catalina.loader.WebappClassLoader clearThreadLocalMap
SEVERE: The web application [/ubersvn] created a ThreadLocal with key of type [com.sun.faces.util.Util$1] (value [com.sun.faces.util.Util$1@5da28e23]) and a value of type [java.util.HashMap] (value [{com.sun.faces.patternCache={ = }}]) but failed to remove it when the web application was stopped. This is very likely to create a memory leak.
Apr 12, 2012 5:09:40 PM org.apache.catalina.loader.WebappClassLoader clearReferencesThreads
SEVERE: The web application [/RepositoryBrowser] appears to have started a thread named [scheduler_QuartzSchedulerThread] but has failed to stop it. This is very likely to create a memory leak.
Apr 12, 2012 5:09:41 PM org.apache.coyote.http11.Http11AprProtocol destroy
INFO: Stopping Coyote HTTP/1.1 on http-9890
Apr 12, 2012 5:09:41 PM org.apache.coyote.http11.Http11AprProtocol destroy
INFO: Stopping Coyote HTTP/1.1 on http-9900
Apr 12, 2012 8:02:24 PM org.apache.catalina.core.AprLifecycleListener init
INFO: Loaded APR based Apache Tomcat Native library 1.1.20.
Apr 12, 2012 8:02:24 PM org.apache.catalina.core.AprLifecycleListener init
INFO: APR capabilities: IPv6 [true], sendfile [true], accept filters [false], random [true].
Apr 12, 2012 8:02:24 PM org.apache.catalina.startup.SetAllPropertiesRule begin
WARNING: [SetAllPropertiesRule]{Server/Service/Connector} Setting property 'clientAuth' to 'false' did not find a matching property.
Apr 12, 2012 8:02:25 PM org.apache.coyote.http11.Http11AprProtocol init
INFO: Initializing Coyote HTTP/1.1 on http-9890
Apr 12, 2012 8:02:25 PM org.apache.coyote.http11.Http11AprProtocol init
INFO: Initializing Coyote HTTP/1.1 on http-9900
Apr 12, 2012 8:02:25 PM org.apache.catalina.startup.Catalina load
INFO: Initialization processed in 803 ms
Apr 12, 2012 8:02:25 PM org.apache.catalina.core.StandardService start
INFO: Starting service Catalina
Apr 12, 2012 8:02:25 PM org.apache.catalina.core.StandardEngine start
INFO: Starting Servlet Engine: Apache Tomcat/6.0.33
Apr 12, 2012 8:02:25 PM org.apache.catalina.startup.HostConfig deployWAR
INFO: Deploying web application archive RepositoryBrowser.war
Apr 12, 2012 8:02:29 PM org.apache.catalina.startup.HostConfig deployWAR
INFO: Deploying web application archive ubersvn.war
Apr 12, 2012 8:02:29 PM org.apache.catalina.core.StandardContext addApplicationListener
INFO: The listener "com.sun.faces.config.ConfigureListener" is already configured for this context. The duplicate definition has been ignored.
Apr 12, 2012 8:02:35 PM com.sun.faces.config.ConfigureListener contextInitialized
INFO: Initializing Mojarra 2.0.3 (FCS b03) for context '/ubersvn'
Apr 12, 2012 8:02:38 PM org.apache.catalina.startup.HostConfig deployDirectory
INFO: Deploying web application directory ROOT
Apr 12, 2012 8:02:38 PM org.apache.coyote.http11.Http11AprProtocol start
INFO: Starting Coyote HTTP/1.1 on http-9890
Apr 12, 2012 8:02:38 PM org.apache.coyote.http11.Http11AprProtocol start
INFO: Starting Coyote HTTP/1.1 on http-9900
Apr 12, 2012 8:02:38 PM org.apache.catalina.startup.Catalina start
INFO: Server startup in 12952 ms
