Mar 7, 2012 12:16:31 AM org.apache.coyote.http11.Http11AprProtocol pause
INFO: Pausing Coyote HTTP/1.1 on http-9890
Mar 7, 2012 12:16:31 AM org.apache.coyote.http11.Http11AprProtocol pause
INFO: Pausing Coyote HTTP/1.1 on http-9900
Mar 7, 2012 12:16:32 AM org.apache.catalina.core.StandardService stop
INFO: Stopping service Catalina
Mar 7, 2012 12:16:32 AM org.apache.catalina.loader.WebappClassLoader clearReferencesThreads
SEVERE: The web application [/ubersvn] appears to have started a thread named [HSQLDB Timer @4d2bbe6b] but has failed to stop it. This is very likely to create a memory leak.
Mar 7, 2012 12:16:32 AM org.apache.catalina.loader.WebappClassLoader clearThreadLocalMap
SEVERE: The web application [/ubersvn] created a ThreadLocal with key of type [com.sun.faces.util.Util$1] (value [com.sun.faces.util.Util$1@7fbdf57]) and a value of type [java.util.HashMap] (value [{com.sun.faces.patternCache={ = }}]) but failed to remove it when the web application was stopped. This is very likely to create a memory leak.
Mar 7, 2012 12:16:33 AM org.apache.coyote.http11.Http11AprProtocol destroy
INFO: Stopping Coyote HTTP/1.1 on http-9890
Mar 7, 2012 12:16:33 AM org.apache.coyote.http11.Http11AprProtocol destroy
INFO: Stopping Coyote HTTP/1.1 on http-9900
Mar 7, 2012 9:32:45 AM org.apache.catalina.core.AprLifecycleListener init
INFO: Loaded APR based Apache Tomcat Native library 1.1.20.
Mar 7, 2012 9:32:45 AM org.apache.catalina.core.AprLifecycleListener init
INFO: APR capabilities: IPv6 [true], sendfile [true], accept filters [false], random [true].
Mar 7, 2012 9:32:45 AM org.apache.catalina.startup.SetAllPropertiesRule begin
WARNING: [SetAllPropertiesRule]{Server/Service/Connector} Setting property 'clientAuth' to 'false' did not find a matching property.
Mar 7, 2012 9:32:45 AM org.apache.coyote.http11.Http11AprProtocol init
INFO: Initializing Coyote HTTP/1.1 on http-9890
Mar 7, 2012 9:32:45 AM org.apache.coyote.http11.Http11AprProtocol init
INFO: Initializing Coyote HTTP/1.1 on http-9900
Mar 7, 2012 9:32:45 AM org.apache.catalina.startup.Catalina load
INFO: Initialization processed in 960 ms
Mar 7, 2012 9:32:45 AM org.apache.catalina.core.StandardService start
INFO: Starting service Catalina
Mar 7, 2012 9:32:45 AM org.apache.catalina.core.StandardEngine start
INFO: Starting Servlet Engine: Apache Tomcat/6.0.33
Mar 7, 2012 9:32:45 AM org.apache.catalina.startup.HostConfig deployWAR
INFO: Deploying web application archive RepositoryBrowser.war
Mar 7, 2012 9:32:50 AM org.apache.catalina.startup.HostConfig deployWAR
INFO: Deploying web application archive ubersvn.war
Mar 7, 2012 9:32:51 AM org.apache.catalina.core.StandardContext addApplicationListener
INFO: The listener "com.sun.faces.config.ConfigureListener" is already configured for this context. The duplicate definition has been ignored.
Mar 7, 2012 9:32:57 AM com.sun.faces.config.ConfigureListener contextInitialized
INFO: Initializing Mojarra 2.0.3 (FCS b03) for context '/ubersvn'
Mar 7, 2012 9:32:59 AM org.apache.catalina.startup.HostConfig deployDirectory
INFO: Deploying web application directory ROOT
Mar 7, 2012 9:32:59 AM org.apache.coyote.http11.Http11AprProtocol start
INFO: Starting Coyote HTTP/1.1 on http-9890
Mar 7, 2012 9:32:59 AM org.apache.coyote.http11.Http11AprProtocol start
INFO: Starting Coyote HTTP/1.1 on http-9900
Mar 7, 2012 9:32:59 AM org.apache.catalina.startup.Catalina start
INFO: Server startup in 14145 ms
Mar 7, 2012 2:22:23 PM org.apache.coyote.http11.Http11AprProtocol pause
INFO: Pausing Coyote HTTP/1.1 on http-9890
Mar 7, 2012 2:22:23 PM org.apache.coyote.http11.Http11AprProtocol pause
INFO: Pausing Coyote HTTP/1.1 on http-9900
Mar 7, 2012 2:22:24 PM org.apache.catalina.core.StandardService stop
INFO: Stopping service Catalina
Mar 7, 2012 2:22:25 PM org.apache.catalina.loader.WebappClassLoader clearReferencesThreads
SEVERE: The web application [/ubersvn] appears to have started a thread named [HSQLDB Timer @10738dcb] but has failed to stop it. This is very likely to create a memory leak.
Mar 7, 2012 2:22:25 PM org.apache.catalina.loader.WebappClassLoader clearThreadLocalMap
SEVERE: The web application [/ubersvn] created a ThreadLocal with key of type [com.sun.faces.util.Util$1] (value [com.sun.faces.util.Util$1@73c74402]) and a value of type [java.util.HashMap] (value [{com.sun.faces.patternCache={ = }}]) but failed to remove it when the web application was stopped. This is very likely to create a memory leak.
Mar 7, 2012 2:22:25 PM org.apache.catalina.loader.WebappClassLoader clearReferencesThreads
SEVERE: The web application [/RepositoryBrowser] appears to have started a thread named [scheduler_QuartzSchedulerThread] but has failed to stop it. This is very likely to create a memory leak.
Mar 7, 2012 2:22:25 PM org.apache.coyote.http11.Http11AprProtocol destroy
INFO: Stopping Coyote HTTP/1.1 on http-9890
Mar 7, 2012 2:22:25 PM org.apache.coyote.http11.Http11AprProtocol destroy
INFO: Stopping Coyote HTTP/1.1 on http-9900
Mar 7, 2012 2:38:36 PM org.apache.catalina.core.AprLifecycleListener init
INFO: Loaded APR based Apache Tomcat Native library 1.1.20.
Mar 7, 2012 2:38:36 PM org.apache.catalina.core.AprLifecycleListener init
INFO: APR capabilities: IPv6 [true], sendfile [true], accept filters [false], random [true].
Mar 7, 2012 2:38:36 PM org.apache.catalina.startup.SetAllPropertiesRule begin
WARNING: [SetAllPropertiesRule]{Server/Service/Connector} Setting property 'clientAuth' to 'false' did not find a matching property.
Mar 7, 2012 2:38:36 PM org.apache.coyote.http11.Http11AprProtocol init
INFO: Initializing Coyote HTTP/1.1 on http-9890
Mar 7, 2012 2:38:36 PM org.apache.coyote.http11.Http11AprProtocol init
INFO: Initializing Coyote HTTP/1.1 on http-9900
Mar 7, 2012 2:38:36 PM org.apache.catalina.startup.Catalina load
INFO: Initialization processed in 878 ms
Mar 7, 2012 2:38:36 PM org.apache.catalina.core.StandardService start
INFO: Starting service Catalina
Mar 7, 2012 2:38:36 PM org.apache.catalina.core.StandardEngine start
INFO: Starting Servlet Engine: Apache Tomcat/6.0.33
Mar 7, 2012 2:38:36 PM org.apache.catalina.startup.HostConfig deployWAR
INFO: Deploying web application archive RepositoryBrowser.war
Mar 7, 2012 2:38:42 PM org.apache.catalina.startup.HostConfig deployWAR
INFO: Deploying web application archive ubersvn.war
Mar 7, 2012 2:38:43 PM org.apache.catalina.core.StandardContext addApplicationListener
INFO: The listener "com.sun.faces.config.ConfigureListener" is already configured for this context. The duplicate definition has been ignored.
Mar 7, 2012 2:38:47 PM com.sun.faces.config.ConfigureListener contextInitialized
INFO: Initializing Mojarra 2.0.3 (FCS b03) for context '/ubersvn'
Mar 7, 2012 2:38:49 PM org.apache.catalina.startup.HostConfig deployDirectory
INFO: Deploying web application directory ROOT
Mar 7, 2012 2:38:49 PM org.apache.coyote.http11.Http11AprProtocol start
INFO: Starting Coyote HTTP/1.1 on http-9890
Mar 7, 2012 2:38:49 PM org.apache.coyote.http11.Http11AprProtocol start
INFO: Starting Coyote HTTP/1.1 on http-9900
Mar 7, 2012 2:38:49 PM org.apache.catalina.startup.Catalina start
INFO: Server startup in 13100 ms
Mar 7, 2012 4:03:13 PM org.apache.coyote.http11.Http11AprProtocol pause
INFO: Pausing Coyote HTTP/1.1 on http-9890
Mar 7, 2012 4:03:13 PM org.apache.coyote.http11.Http11AprProtocol pause
INFO: Pausing Coyote HTTP/1.1 on http-9900
Mar 7, 2012 4:03:14 PM org.apache.catalina.core.StandardService stop
INFO: Stopping service Catalina
Mar 7, 2012 4:03:15 PM org.apache.catalina.loader.WebappClassLoader clearReferencesThreads
SEVERE: The web application [/ubersvn] appears to have started a thread named [HSQLDB Timer @763ce725] but has failed to stop it. This is very likely to create a memory leak.
Mar 7, 2012 4:03:15 PM org.apache.catalina.loader.WebappClassLoader clearThreadLocalMap
SEVERE: The web application [/ubersvn] created a ThreadLocal with key of type [com.sun.faces.util.Util$1] (value [com.sun.faces.util.Util$1@2300c858]) and a value of type [java.util.HashMap] (value [{com.sun.faces.patternCache={ = }}]) but failed to remove it when the web application was stopped. This is very likely to create a memory leak.
Mar 7, 2012 4:03:15 PM org.apache.coyote.http11.Http11AprProtocol destroy
INFO: Stopping Coyote HTTP/1.1 on http-9890
Mar 7, 2012 4:03:15 PM org.apache.coyote.http11.Http11AprProtocol destroy
INFO: Stopping Coyote HTTP/1.1 on http-9900
Mar 7, 2012 4:14:01 PM org.apache.catalina.core.AprLifecycleListener init
INFO: Loaded APR based Apache Tomcat Native library 1.1.20.
Mar 7, 2012 4:14:01 PM org.apache.catalina.core.AprLifecycleListener init
INFO: APR capabilities: IPv6 [true], sendfile [true], accept filters [false], random [true].
Mar 7, 2012 4:14:01 PM org.apache.catalina.startup.SetAllPropertiesRule begin
WARNING: [SetAllPropertiesRule]{Server/Service/Connector} Setting property 'clientAuth' to 'false' did not find a matching property.
Mar 7, 2012 4:14:04 PM org.apache.coyote.http11.Http11AprProtocol init
INFO: Initializing Coyote HTTP/1.1 on http-9890
Mar 7, 2012 4:14:04 PM org.apache.coyote.http11.Http11AprProtocol init
INFO: Initializing Coyote HTTP/1.1 on http-9900
Mar 7, 2012 4:14:04 PM org.apache.catalina.startup.Catalina load
INFO: Initialization processed in 3000 ms
Mar 7, 2012 4:14:04 PM org.apache.catalina.core.StandardService start
INFO: Starting service Catalina
Mar 7, 2012 4:14:04 PM org.apache.catalina.core.StandardEngine start
INFO: Starting Servlet Engine: Apache Tomcat/6.0.33
Mar 7, 2012 4:14:04 PM org.apache.catalina.startup.HostConfig deployWAR
INFO: Deploying web application archive RepositoryBrowser.war
Mar 7, 2012 4:14:09 PM org.apache.catalina.startup.HostConfig deployWAR
INFO: Deploying web application archive ubersvn.war
Mar 7, 2012 4:14:10 PM org.apache.catalina.core.StandardContext addApplicationListener
INFO: The listener "com.sun.faces.config.ConfigureListener" is already configured for this context. The duplicate definition has been ignored.
Mar 7, 2012 4:14:16 PM com.sun.faces.config.ConfigureListener contextInitialized
INFO: Initializing Mojarra 2.0.3 (FCS b03) for context '/ubersvn'
Mar 7, 2012 4:14:18 PM org.apache.catalina.startup.HostConfig deployDirectory
INFO: Deploying web application directory ROOT
Mar 7, 2012 4:14:18 PM org.apache.coyote.http11.Http11AprProtocol start
INFO: Starting Coyote HTTP/1.1 on http-9890
Mar 7, 2012 4:14:18 PM org.apache.coyote.http11.Http11AprProtocol start
INFO: Starting Coyote HTTP/1.1 on http-9900
Mar 7, 2012 4:14:18 PM org.apache.catalina.startup.Catalina start
INFO: Server startup in 14209 ms
Mar 7, 2012 6:06:53 PM org.apache.coyote.http11.Http11AprProtocol pause
INFO: Pausing Coyote HTTP/1.1 on http-9890
Mar 7, 2012 6:06:53 PM org.apache.coyote.http11.Http11AprProtocol pause
INFO: Pausing Coyote HTTP/1.1 on http-9900
Mar 7, 2012 6:06:54 PM org.apache.catalina.core.StandardService stop
INFO: Stopping service Catalina
Mar 7, 2012 6:06:54 PM org.apache.catalina.loader.WebappClassLoader clearReferencesThreads
SEVERE: The web application [/ubersvn] appears to have started a thread named [HSQLDB Timer @1824c22b] but has failed to stop it. This is very likely to create a memory leak.
Mar 7, 2012 6:06:54 PM org.apache.catalina.loader.WebappClassLoader clearThreadLocalMap
SEVERE: The web application [/ubersvn] created a ThreadLocal with key of type [com.sun.faces.util.Util$1] (value [com.sun.faces.util.Util$1@60dd0912]) and a value of type [java.util.HashMap] (value [{com.sun.faces.patternCache={ = }}]) but failed to remove it when the web application was stopped. This is very likely to create a memory leak.
Mar 7, 2012 6:06:55 PM org.apache.coyote.http11.Http11AprProtocol destroy
INFO: Stopping Coyote HTTP/1.1 on http-9890
Mar 7, 2012 6:06:55 PM org.apache.coyote.http11.Http11AprProtocol destroy
INFO: Stopping Coyote HTTP/1.1 on http-9900
Mar 7, 2012 6:59:15 PM org.apache.catalina.core.AprLifecycleListener init
INFO: Loaded APR based Apache Tomcat Native library 1.1.20.
Mar 7, 2012 6:59:18 PM org.apache.catalina.core.AprLifecycleListener init
INFO: APR capabilities: IPv6 [true], sendfile [true], accept filters [false], random [true].
Mar 7, 2012 6:59:18 PM org.apache.catalina.startup.SetAllPropertiesRule begin
WARNING: [SetAllPropertiesRule]{Server/Service/Connector} Setting property 'clientAuth' to 'false' did not find a matching property.
Mar 7, 2012 6:59:19 PM org.apache.coyote.http11.Http11AprProtocol init
INFO: Initializing Coyote HTTP/1.1 on http-9890
Mar 7, 2012 6:59:19 PM org.apache.coyote.http11.Http11AprProtocol init
INFO: Initializing Coyote HTTP/1.1 on http-9900
Mar 7, 2012 6:59:19 PM org.apache.catalina.startup.Catalina load
INFO: Initialization processed in 4287 ms
Mar 7, 2012 6:59:19 PM org.apache.catalina.core.StandardService start
INFO: Starting service Catalina
Mar 7, 2012 6:59:19 PM org.apache.catalina.core.StandardEngine start
INFO: Starting Servlet Engine: Apache Tomcat/6.0.33
Mar 7, 2012 6:59:19 PM org.apache.catalina.startup.HostConfig deployWAR
INFO: Deploying web application archive RepositoryBrowser.war
Mar 7, 2012 6:59:24 PM org.apache.catalina.startup.HostConfig deployWAR
INFO: Deploying web application archive ubersvn.war
Mar 7, 2012 6:59:25 PM org.apache.catalina.core.StandardContext addApplicationListener
INFO: The listener "com.sun.faces.config.ConfigureListener" is already configured for this context. The duplicate definition has been ignored.
Mar 7, 2012 6:59:29 PM com.sun.faces.config.ConfigureListener contextInitialized
INFO: Initializing Mojarra 2.0.3 (FCS b03) for context '/ubersvn'
Mar 7, 2012 6:59:31 PM org.apache.catalina.startup.HostConfig deployDirectory
INFO: Deploying web application directory ROOT
Mar 7, 2012 6:59:31 PM org.apache.coyote.http11.Http11AprProtocol start
INFO: Starting Coyote HTTP/1.1 on http-9890
Mar 7, 2012 6:59:31 PM org.apache.coyote.http11.Http11AprProtocol start
INFO: Starting Coyote HTTP/1.1 on http-9900
Mar 7, 2012 6:59:31 PM org.apache.catalina.startup.Catalina start
INFO: Server startup in 12642 ms
