Dec 18, 2012 12:36:10 AM org.apache.catalina.core.AprLifecycleListener init
INFO: Loaded APR based Apache Tomcat Native library 1.1.20.
Dec 18, 2012 12:36:10 AM org.apache.catalina.core.AprLifecycleListener init
INFO: APR capabilities: IPv6 [true], sendfile [true], accept filters [false], random [true].
Dec 18, 2012 12:36:10 AM org.apache.catalina.startup.SetAllPropertiesRule begin
WARNING: [SetAllPropertiesRule]{Server/Service/Connector} Setting property 'clientAuth' to 'false' did not find a matching property.
Dec 18, 2012 12:36:11 AM org.apache.coyote.http11.Http11AprProtocol init
INFO: Initializing Coyote HTTP/1.1 on http-9890
Dec 18, 2012 12:36:11 AM org.apache.coyote.http11.Http11AprProtocol init
INFO: Initializing Coyote HTTP/1.1 on http-9900
Dec 18, 2012 12:36:11 AM org.apache.catalina.startup.Catalina load
INFO: Initialization processed in 833 ms
Dec 18, 2012 12:36:11 AM org.apache.catalina.core.StandardService start
INFO: Starting service Catalina
Dec 18, 2012 12:36:11 AM org.apache.catalina.core.StandardEngine start
INFO: Starting Servlet Engine: Apache Tomcat/6.0.33
Dec 18, 2012 12:36:11 AM org.apache.catalina.startup.HostConfig deployWAR
INFO: Deploying web application archive RepositoryBrowser.war
Dec 18, 2012 12:36:19 AM org.apache.catalina.startup.HostConfig deployWAR
INFO: Deploying web application archive ubersvn.war
Dec 18, 2012 12:36:19 AM org.apache.catalina.core.StandardContext addApplicationListener
INFO: The listener "com.sun.faces.config.ConfigureListener" is already configured for this context. The duplicate definition has been ignored.
Dec 18, 2012 12:36:24 AM com.sun.faces.config.ConfigureListener contextInitialized
INFO: Initializing Mojarra 2.0.3 (FCS b03) for context '/ubersvn'
Dec 18, 2012 12:36:28 AM org.apache.catalina.startup.HostConfig deployDirectory
INFO: Deploying web application directory ROOT
Dec 18, 2012 12:36:28 AM org.apache.coyote.http11.Http11AprProtocol start
INFO: Starting Coyote HTTP/1.1 on http-9890
Dec 18, 2012 12:36:28 AM org.apache.coyote.http11.Http11AprProtocol start
INFO: Starting Coyote HTTP/1.1 on http-9900
Dec 18, 2012 12:36:28 AM org.apache.catalina.startup.Catalina start
INFO: Server startup in 17112 ms
Dec 18, 2012 3:26:25 AM org.apache.coyote.http11.Http11AprProtocol pause
INFO: Pausing Coyote HTTP/1.1 on http-9890
Dec 18, 2012 3:26:25 AM org.apache.coyote.http11.Http11AprProtocol pause
INFO: Pausing Coyote HTTP/1.1 on http-9900
Dec 18, 2012 3:26:26 AM org.apache.catalina.core.StandardService stop
INFO: Stopping service Catalina
Dec 18, 2012 3:26:26 AM org.apache.catalina.loader.WebappClassLoader clearReferencesThreads
SEVERE: The web application [/ubersvn] appears to have started a thread named [HSQLDB Timer @74e51bda] but has failed to stop it. This is very likely to create a memory leak.
Dec 18, 2012 3:26:26 AM org.apache.catalina.loader.WebappClassLoader clearThreadLocalMap
SEVERE: The web application [/ubersvn] created a ThreadLocal with key of type [com.sun.faces.util.Util$1] (value [com.sun.faces.util.Util$1@6936daec]) and a value of type [java.util.HashMap] (value [{com.sun.faces.patternCache={ = }}]) but failed to remove it when the web application was stopped. This is very likely to create a memory leak.
Dec 18, 2012 3:26:27 AM org.apache.coyote.http11.Http11AprProtocol destroy
INFO: Stopping Coyote HTTP/1.1 on http-9890
Dec 18, 2012 3:26:27 AM org.apache.coyote.http11.Http11AprProtocol destroy
INFO: Stopping Coyote HTTP/1.1 on http-9900
Dec 18, 2012 5:07:01 AM org.apache.catalina.core.AprLifecycleListener init
INFO: Loaded APR based Apache Tomcat Native library 1.1.20.
Dec 18, 2012 5:07:01 AM org.apache.catalina.core.AprLifecycleListener init
INFO: APR capabilities: IPv6 [true], sendfile [true], accept filters [false], random [true].
Dec 18, 2012 5:07:01 AM org.apache.catalina.startup.SetAllPropertiesRule begin
WARNING: [SetAllPropertiesRule]{Server/Service/Connector} Setting property 'clientAuth' to 'false' did not find a matching property.
Dec 18, 2012 5:07:01 AM org.apache.coyote.http11.Http11AprProtocol init
INFO: Initializing Coyote HTTP/1.1 on http-9890
Dec 18, 2012 5:07:01 AM org.apache.coyote.http11.Http11AprProtocol init
INFO: Initializing Coyote HTTP/1.1 on http-9900
Dec 18, 2012 5:07:01 AM org.apache.catalina.startup.Catalina load
INFO: Initialization processed in 827 ms
Dec 18, 2012 5:07:01 AM org.apache.catalina.core.StandardService start
INFO: Starting service Catalina
Dec 18, 2012 5:07:01 AM org.apache.catalina.core.StandardEngine start
INFO: Starting Servlet Engine: Apache Tomcat/6.0.33
Dec 18, 2012 5:07:01 AM org.apache.catalina.startup.HostConfig deployWAR
INFO: Deploying web application archive RepositoryBrowser.war
Dec 18, 2012 5:07:09 AM org.apache.catalina.startup.HostConfig deployWAR
INFO: Deploying web application archive ubersvn.war
Dec 18, 2012 5:07:10 AM org.apache.catalina.core.StandardContext addApplicationListener
INFO: The listener "com.sun.faces.config.ConfigureListener" is already configured for this context. The duplicate definition has been ignored.
Dec 18, 2012 5:07:14 AM com.sun.faces.config.ConfigureListener contextInitialized
INFO: Initializing Mojarra 2.0.3 (FCS b03) for context '/ubersvn'
Dec 18, 2012 5:07:17 AM org.apache.catalina.startup.HostConfig deployDirectory
INFO: Deploying web application directory ROOT
Dec 18, 2012 5:07:17 AM org.apache.coyote.http11.Http11AprProtocol start
INFO: Starting Coyote HTTP/1.1 on http-9890
Dec 18, 2012 5:07:17 AM org.apache.coyote.http11.Http11AprProtocol start
INFO: Starting Coyote HTTP/1.1 on http-9900
Dec 18, 2012 5:07:17 AM org.apache.catalina.startup.Catalina start
INFO: Server startup in 15458 ms
Dec 18, 2012 8:19:26 AM org.apache.coyote.http11.Http11AprProtocol pause
INFO: Pausing Coyote HTTP/1.1 on http-9890
Dec 18, 2012 8:19:26 AM org.apache.coyote.http11.Http11AprProtocol pause
INFO: Pausing Coyote HTTP/1.1 on http-9900
Dec 18, 2012 8:19:27 AM org.apache.catalina.core.StandardService stop
INFO: Stopping service Catalina
Dec 18, 2012 8:19:28 AM org.apache.catalina.loader.WebappClassLoader clearReferencesThreads
SEVERE: The web application [/ubersvn] appears to have started a thread named [HSQLDB Timer @47959352] but has failed to stop it. This is very likely to create a memory leak.
Dec 18, 2012 8:19:28 AM org.apache.catalina.loader.WebappClassLoader clearThreadLocalMap
SEVERE: The web application [/ubersvn] created a ThreadLocal with key of type [com.sun.faces.util.Util$1] (value [com.sun.faces.util.Util$1@3fa3fe65]) and a value of type [java.util.HashMap] (value [{com.sun.faces.patternCache={ = }}]) but failed to remove it when the web application was stopped. This is very likely to create a memory leak.
Dec 18, 2012 8:19:29 AM org.apache.coyote.http11.Http11AprProtocol destroy
INFO: Stopping Coyote HTTP/1.1 on http-9890
Dec 18, 2012 8:19:29 AM org.apache.coyote.http11.Http11AprProtocol destroy
INFO: Stopping Coyote HTTP/1.1 on http-9900
Dec 18, 2012 8:38:15 AM org.apache.catalina.core.AprLifecycleListener init
INFO: Loaded APR based Apache Tomcat Native library 1.1.20.
Dec 18, 2012 8:38:15 AM org.apache.catalina.core.AprLifecycleListener init
INFO: APR capabilities: IPv6 [true], sendfile [true], accept filters [false], random [true].
Dec 18, 2012 8:38:15 AM org.apache.catalina.startup.SetAllPropertiesRule begin
WARNING: [SetAllPropertiesRule]{Server/Service/Connector} Setting property 'clientAuth' to 'false' did not find a matching property.
Dec 18, 2012 8:38:15 AM org.apache.coyote.http11.Http11AprProtocol init
INFO: Initializing Coyote HTTP/1.1 on http-9890
Dec 18, 2012 8:38:15 AM org.apache.coyote.http11.Http11AprProtocol init
INFO: Initializing Coyote HTTP/1.1 on http-9900
Dec 18, 2012 8:38:15 AM org.apache.catalina.startup.Catalina load
INFO: Initialization processed in 838 ms
Dec 18, 2012 8:38:15 AM org.apache.catalina.core.StandardService start
INFO: Starting service Catalina
Dec 18, 2012 8:38:15 AM org.apache.catalina.core.StandardEngine start
INFO: Starting Servlet Engine: Apache Tomcat/6.0.33
Dec 18, 2012 8:38:15 AM org.apache.catalina.startup.HostConfig deployWAR
INFO: Deploying web application archive RepositoryBrowser.war
Dec 18, 2012 8:38:21 AM org.apache.catalina.startup.HostConfig deployWAR
INFO: Deploying web application archive ubersvn.war
Dec 18, 2012 8:38:21 AM org.apache.catalina.core.StandardContext addApplicationListener
INFO: The listener "com.sun.faces.config.ConfigureListener" is already configured for this context. The duplicate definition has been ignored.
Dec 18, 2012 8:38:27 AM com.sun.faces.config.ConfigureListener contextInitialized
INFO: Initializing Mojarra 2.0.3 (FCS b03) for context '/ubersvn'
Dec 18, 2012 8:38:31 AM org.apache.catalina.startup.HostConfig deployDirectory
INFO: Deploying web application directory ROOT
Dec 18, 2012 8:38:31 AM org.apache.coyote.http11.Http11AprProtocol start
INFO: Starting Coyote HTTP/1.1 on http-9890
Dec 18, 2012 8:38:31 AM org.apache.coyote.http11.Http11AprProtocol start
INFO: Starting Coyote HTTP/1.1 on http-9900
Dec 18, 2012 8:38:31 AM org.apache.catalina.startup.Catalina start
INFO: Server startup in 15701 ms
Dec 18, 2012 3:12:53 PM org.apache.coyote.http11.Http11AprProtocol pause
INFO: Pausing Coyote HTTP/1.1 on http-9890
Dec 18, 2012 3:12:54 PM org.apache.coyote.http11.Http11AprProtocol pause
INFO: Pausing Coyote HTTP/1.1 on http-9900
Dec 18, 2012 3:12:55 PM org.apache.catalina.core.StandardService stop
INFO: Stopping service Catalina
Dec 18, 2012 3:12:55 PM org.apache.catalina.loader.WebappClassLoader clearReferencesThreads
SEVERE: The web application [/ubersvn] appears to have started a thread named [HSQLDB Timer @2898b13b] but has failed to stop it. This is very likely to create a memory leak.
Dec 18, 2012 3:12:55 PM org.apache.catalina.loader.WebappClassLoader clearThreadLocalMap
SEVERE: The web application [/ubersvn] created a ThreadLocal with key of type [com.sun.faces.util.Util$1] (value [com.sun.faces.util.Util$1@6899712b]) and a value of type [java.util.HashMap] (value [{com.sun.faces.patternCache={ = }}]) but failed to remove it when the web application was stopped. This is very likely to create a memory leak.
Dec 18, 2012 3:12:56 PM org.apache.coyote.http11.Http11AprProtocol destroy
INFO: Stopping Coyote HTTP/1.1 on http-9890
Dec 18, 2012 3:12:56 PM org.apache.coyote.http11.Http11AprProtocol destroy
INFO: Stopping Coyote HTTP/1.1 on http-9900
