Dec 12, 2012 7:25:03 AM org.apache.coyote.http11.Http11AprProtocol pause
INFO: Pausing Coyote HTTP/1.1 on http-9890
Dec 12, 2012 7:25:03 AM org.apache.coyote.http11.Http11AprProtocol pause
INFO: Pausing Coyote HTTP/1.1 on http-9900
Dec 12, 2012 7:25:04 AM org.apache.catalina.core.StandardService stop
INFO: Stopping service Catalina
Dec 12, 2012 7:25:04 AM org.apache.catalina.loader.WebappClassLoader clearReferencesThreads
SEVERE: The web application [/ubersvn] appears to have started a thread named [HSQLDB Timer @5a10c276] but has failed to stop it. This is very likely to create a memory leak.
Dec 12, 2012 7:25:04 AM org.apache.catalina.loader.WebappClassLoader clearThreadLocalMap
SEVERE: The web application [/ubersvn] created a ThreadLocal with key of type [com.sun.faces.util.Util$1] (value [com.sun.faces.util.Util$1@88f5f75]) and a value of type [java.util.HashMap] (value [{com.sun.faces.patternCache={ = }}]) but failed to remove it when the web application was stopped. This is very likely to create a memory leak.
Dec 12, 2012 7:25:06 AM org.apache.coyote.http11.Http11AprProtocol destroy
INFO: Stopping Coyote HTTP/1.1 on http-9890
Dec 12, 2012 7:25:06 AM org.apache.coyote.http11.Http11AprProtocol destroy
INFO: Stopping Coyote HTTP/1.1 on http-9900
Dec 12, 2012 7:26:19 AM org.apache.catalina.core.AprLifecycleListener init
INFO: Loaded APR based Apache Tomcat Native library 1.1.20.
Dec 12, 2012 7:26:19 AM org.apache.catalina.core.AprLifecycleListener init
INFO: APR capabilities: IPv6 [true], sendfile [true], accept filters [false], random [true].
Dec 12, 2012 7:26:19 AM org.apache.catalina.startup.SetAllPropertiesRule begin
WARNING: [SetAllPropertiesRule]{Server/Service/Connector} Setting property 'clientAuth' to 'false' did not find a matching property.
Dec 12, 2012 7:26:20 AM org.apache.coyote.http11.Http11AprProtocol init
INFO: Initializing Coyote HTTP/1.1 on http-9890
Dec 12, 2012 7:26:20 AM org.apache.coyote.http11.Http11AprProtocol init
INFO: Initializing Coyote HTTP/1.1 on http-9900
Dec 12, 2012 7:26:20 AM org.apache.catalina.startup.Catalina load
INFO: Initialization processed in 1333 ms
Dec 12, 2012 7:26:20 AM org.apache.catalina.core.StandardService start
INFO: Starting service Catalina
Dec 12, 2012 7:26:20 AM org.apache.catalina.core.StandardEngine start
INFO: Starting Servlet Engine: Apache Tomcat/6.0.33
Dec 12, 2012 7:26:20 AM org.apache.catalina.startup.HostConfig deployWAR
INFO: Deploying web application archive RepositoryBrowser.war
Dec 12, 2012 7:26:28 AM org.apache.catalina.startup.HostConfig deployWAR
INFO: Deploying web application archive ubersvn.war
Dec 12, 2012 7:26:28 AM org.apache.catalina.core.StandardContext addApplicationListener
INFO: The listener "com.sun.faces.config.ConfigureListener" is already configured for this context. The duplicate definition has been ignored.
Dec 12, 2012 7:26:33 AM com.sun.faces.config.ConfigureListener contextInitialized
INFO: Initializing Mojarra 2.0.3 (FCS b03) for context '/ubersvn'
Dec 12, 2012 7:26:35 AM org.apache.catalina.startup.HostConfig deployDirectory
INFO: Deploying web application directory ROOT
Dec 12, 2012 7:26:36 AM org.apache.coyote.http11.Http11AprProtocol start
INFO: Starting Coyote HTTP/1.1 on http-9890
Dec 12, 2012 7:26:36 AM org.apache.coyote.http11.Http11AprProtocol start
INFO: Starting Coyote HTTP/1.1 on http-9900
Dec 12, 2012 7:26:36 AM org.apache.catalina.startup.Catalina start
INFO: Server startup in 16010 ms
Dec 12, 2012 7:28:37 AM org.apache.coyote.http11.Http11AprProtocol pause
INFO: Pausing Coyote HTTP/1.1 on http-9890
Dec 12, 2012 7:28:37 AM org.apache.coyote.http11.Http11AprProtocol pause
INFO: Pausing Coyote HTTP/1.1 on http-9900
Dec 12, 2012 7:28:38 AM org.apache.catalina.core.StandardService stop
INFO: Stopping service Catalina
Dec 12, 2012 7:28:38 AM org.apache.catalina.loader.WebappClassLoader clearReferencesThreads
SEVERE: The web application [/ubersvn] appears to have started a thread named [HSQLDB Timer @2cfb1135] but has failed to stop it. This is very likely to create a memory leak.
Dec 12, 2012 7:28:38 AM org.apache.catalina.loader.WebappClassLoader clearThreadLocalMap
SEVERE: The web application [/ubersvn] created a ThreadLocal with key of type [com.sun.faces.util.Util$1] (value [com.sun.faces.util.Util$1@30d8f246]) and a value of type [java.util.HashMap] (value [{com.sun.faces.patternCache={ = }}]) but failed to remove it when the web application was stopped. This is very likely to create a memory leak.
Dec 12, 2012 7:28:39 AM org.apache.coyote.http11.Http11AprProtocol destroy
INFO: Stopping Coyote HTTP/1.1 on http-9890
Dec 12, 2012 7:28:39 AM org.apache.coyote.http11.Http11AprProtocol destroy
INFO: Stopping Coyote HTTP/1.1 on http-9900
Dec 12, 2012 8:21:34 AM org.apache.catalina.core.AprLifecycleListener init
INFO: Loaded APR based Apache Tomcat Native library 1.1.20.
Dec 12, 2012 8:21:34 AM org.apache.catalina.core.AprLifecycleListener init
INFO: APR capabilities: IPv6 [true], sendfile [true], accept filters [false], random [true].
Dec 12, 2012 8:21:34 AM org.apache.catalina.startup.SetAllPropertiesRule begin
WARNING: [SetAllPropertiesRule]{Server/Service/Connector} Setting property 'clientAuth' to 'false' did not find a matching property.
Dec 12, 2012 8:21:34 AM org.apache.coyote.http11.Http11AprProtocol init
INFO: Initializing Coyote HTTP/1.1 on http-9890
Dec 12, 2012 8:21:34 AM org.apache.coyote.http11.Http11AprProtocol init
INFO: Initializing Coyote HTTP/1.1 on http-9900
Dec 12, 2012 8:21:34 AM org.apache.catalina.startup.Catalina load
INFO: Initialization processed in 783 ms
Dec 12, 2012 8:21:34 AM org.apache.catalina.core.StandardService start
INFO: Starting service Catalina
Dec 12, 2012 8:21:34 AM org.apache.catalina.core.StandardEngine start
INFO: Starting Servlet Engine: Apache Tomcat/6.0.33
Dec 12, 2012 8:21:34 AM org.apache.catalina.startup.HostConfig deployWAR
INFO: Deploying web application archive RepositoryBrowser.war
Dec 12, 2012 8:21:43 AM org.apache.catalina.startup.HostConfig deployWAR
INFO: Deploying web application archive ubersvn.war
Dec 12, 2012 8:21:43 AM org.apache.catalina.core.StandardContext addApplicationListener
INFO: The listener "com.sun.faces.config.ConfigureListener" is already configured for this context. The duplicate definition has been ignored.
Dec 12, 2012 8:21:47 AM com.sun.faces.config.ConfigureListener contextInitialized
INFO: Initializing Mojarra 2.0.3 (FCS b03) for context '/ubersvn'
Dec 12, 2012 8:21:50 AM org.apache.catalina.startup.HostConfig deployDirectory
INFO: Deploying web application directory ROOT
Dec 12, 2012 8:21:50 AM org.apache.coyote.http11.Http11AprProtocol start
INFO: Starting Coyote HTTP/1.1 on http-9890
Dec 12, 2012 8:21:50 AM org.apache.coyote.http11.Http11AprProtocol start
INFO: Starting Coyote HTTP/1.1 on http-9900
Dec 12, 2012 8:21:50 AM org.apache.catalina.startup.Catalina start
INFO: Server startup in 15895 ms
Dec 12, 2012 2:13:57 PM org.apache.coyote.http11.Http11AprProtocol pause
INFO: Pausing Coyote HTTP/1.1 on http-9890
Dec 12, 2012 2:13:57 PM org.apache.coyote.http11.Http11AprProtocol pause
INFO: Pausing Coyote HTTP/1.1 on http-9900
Dec 12, 2012 2:13:58 PM org.apache.catalina.core.StandardService stop
INFO: Stopping service Catalina
Dec 12, 2012 2:13:58 PM org.apache.catalina.loader.WebappClassLoader clearReferencesThreads
SEVERE: The web application [/ubersvn] appears to have started a thread named [HSQLDB Timer @67458657] but has failed to stop it. This is very likely to create a memory leak.
Dec 12, 2012 2:13:58 PM org.apache.catalina.loader.WebappClassLoader clearThreadLocalMap
SEVERE: The web application [/ubersvn] created a ThreadLocal with key of type [com.sun.faces.util.Util$1] (value [com.sun.faces.util.Util$1@52e16021]) and a value of type [java.util.HashMap] (value [{com.sun.faces.patternCache={ = }}]) but failed to remove it when the web application was stopped. This is very likely to create a memory leak.
Dec 12, 2012 2:13:59 PM org.apache.coyote.http11.Http11AprProtocol destroy
INFO: Stopping Coyote HTTP/1.1 on http-9890
Dec 12, 2012 2:13:59 PM org.apache.coyote.http11.Http11AprProtocol destroy
INFO: Stopping Coyote HTTP/1.1 on http-9900
Dec 12, 2012 10:09:38 PM org.apache.catalina.core.AprLifecycleListener init
INFO: Loaded APR based Apache Tomcat Native library 1.1.20.
Dec 12, 2012 10:09:38 PM org.apache.catalina.core.AprLifecycleListener init
INFO: APR capabilities: IPv6 [true], sendfile [true], accept filters [false], random [true].
Dec 12, 2012 10:09:38 PM org.apache.catalina.startup.SetAllPropertiesRule begin
WARNING: [SetAllPropertiesRule]{Server/Service/Connector} Setting property 'clientAuth' to 'false' did not find a matching property.
Dec 12, 2012 10:09:38 PM org.apache.coyote.http11.Http11AprProtocol init
INFO: Initializing Coyote HTTP/1.1 on http-9890
Dec 12, 2012 10:09:38 PM org.apache.coyote.http11.Http11AprProtocol init
INFO: Initializing Coyote HTTP/1.1 on http-9900
Dec 12, 2012 10:09:38 PM org.apache.catalina.startup.Catalina load
INFO: Initialization processed in 1171 ms
Dec 12, 2012 10:09:38 PM org.apache.catalina.core.StandardService start
INFO: Starting service Catalina
Dec 12, 2012 10:09:38 PM org.apache.catalina.core.StandardEngine start
INFO: Starting Servlet Engine: Apache Tomcat/6.0.33
Dec 12, 2012 10:09:38 PM org.apache.catalina.startup.HostConfig deployWAR
INFO: Deploying web application archive RepositoryBrowser.war
Dec 12, 2012 10:09:46 PM org.apache.catalina.startup.HostConfig deployWAR
INFO: Deploying web application archive ubersvn.war
Dec 12, 2012 10:09:47 PM org.apache.catalina.core.StandardContext addApplicationListener
INFO: The listener "com.sun.faces.config.ConfigureListener" is already configured for this context. The duplicate definition has been ignored.
Dec 12, 2012 10:09:52 PM com.sun.faces.config.ConfigureListener contextInitialized
INFO: Initializing Mojarra 2.0.3 (FCS b03) for context '/ubersvn'
Dec 12, 2012 10:09:55 PM org.apache.catalina.startup.HostConfig deployDirectory
INFO: Deploying web application directory ROOT
Dec 12, 2012 10:09:56 PM org.apache.coyote.http11.Http11AprProtocol start
INFO: Starting Coyote HTTP/1.1 on http-9890
Dec 12, 2012 10:09:56 PM org.apache.coyote.http11.Http11AprProtocol start
INFO: Starting Coyote HTTP/1.1 on http-9900
Dec 12, 2012 10:09:56 PM org.apache.catalina.startup.Catalina start
INFO: Server startup in 17364 ms
