Mar 20, 2012 12:31:48 AM org.apache.coyote.http11.Http11AprProtocol pause
INFO: Pausing Coyote HTTP/1.1 on http-9890
Mar 20, 2012 12:31:49 AM org.apache.coyote.http11.Http11AprProtocol pause
INFO: Pausing Coyote HTTP/1.1 on http-9900
Mar 20, 2012 12:31:50 AM org.apache.catalina.core.StandardService stop
INFO: Stopping service Catalina
Mar 20, 2012 12:31:50 AM org.apache.catalina.loader.WebappClassLoader clearReferencesThreads
SEVERE: The web application [/ubersvn] appears to have started a thread named [HSQLDB Timer @2598a35d] but has failed to stop it. This is very likely to create a memory leak.
Mar 20, 2012 12:31:50 AM org.apache.catalina.loader.WebappClassLoader clearThreadLocalMap
SEVERE: The web application [/ubersvn] created a ThreadLocal with key of type [com.sun.faces.util.Util$1] (value [com.sun.faces.util.Util$1@4d50b06b]) and a value of type [java.util.HashMap] (value [{com.sun.faces.patternCache={ = }}]) but failed to remove it when the web application was stopped. This is very likely to create a memory leak.
Mar 20, 2012 12:31:51 AM org.apache.coyote.http11.Http11AprProtocol destroy
INFO: Stopping Coyote HTTP/1.1 on http-9890
Mar 20, 2012 12:31:51 AM org.apache.coyote.http11.Http11AprProtocol destroy
INFO: Stopping Coyote HTTP/1.1 on http-9900
Mar 20, 2012 12:44:31 AM org.apache.catalina.core.AprLifecycleListener init
INFO: Loaded APR based Apache Tomcat Native library 1.1.20.
Mar 20, 2012 12:44:32 AM org.apache.catalina.core.AprLifecycleListener init
INFO: APR capabilities: IPv6 [true], sendfile [true], accept filters [false], random [true].
Mar 20, 2012 12:44:32 AM org.apache.catalina.startup.SetAllPropertiesRule begin
WARNING: [SetAllPropertiesRule]{Server/Service/Connector} Setting property 'clientAuth' to 'false' did not find a matching property.
Mar 20, 2012 12:44:32 AM org.apache.coyote.http11.Http11AprProtocol init
INFO: Initializing Coyote HTTP/1.1 on http-9890
Mar 20, 2012 12:44:32 AM org.apache.coyote.http11.Http11AprProtocol init
INFO: Initializing Coyote HTTP/1.1 on http-9900
Mar 20, 2012 12:44:32 AM org.apache.catalina.startup.Catalina load
INFO: Initialization processed in 972 ms
Mar 20, 2012 12:44:32 AM org.apache.catalina.core.StandardService start
INFO: Starting service Catalina
Mar 20, 2012 12:44:32 AM org.apache.catalina.core.StandardEngine start
INFO: Starting Servlet Engine: Apache Tomcat/6.0.33
Mar 20, 2012 12:44:32 AM org.apache.catalina.startup.HostConfig deployWAR
INFO: Deploying web application archive RepositoryBrowser.war
Mar 20, 2012 12:44:37 AM org.apache.catalina.startup.HostConfig deployWAR
INFO: Deploying web application archive ubersvn.war
Mar 20, 2012 12:44:38 AM org.apache.catalina.core.StandardContext addApplicationListener
INFO: The listener "com.sun.faces.config.ConfigureListener" is already configured for this context. The duplicate definition has been ignored.
Mar 20, 2012 12:44:42 AM com.sun.faces.config.ConfigureListener contextInitialized
INFO: Initializing Mojarra 2.0.3 (FCS b03) for context '/ubersvn'
Mar 20, 2012 12:44:44 AM org.apache.catalina.startup.HostConfig deployDirectory
INFO: Deploying web application directory ROOT
Mar 20, 2012 12:44:44 AM org.apache.coyote.http11.Http11AprProtocol start
INFO: Starting Coyote HTTP/1.1 on http-9890
Mar 20, 2012 12:44:44 AM org.apache.coyote.http11.Http11AprProtocol start
INFO: Starting Coyote HTTP/1.1 on http-9900
Mar 20, 2012 12:44:44 AM org.apache.catalina.startup.Catalina start
INFO: Server startup in 12282 ms
Mar 20, 2012 10:14:41 AM org.apache.coyote.http11.Http11AprProtocol pause
INFO: Pausing Coyote HTTP/1.1 on http-9890
Mar 20, 2012 10:14:41 AM org.apache.coyote.http11.Http11AprProtocol pause
INFO: Pausing Coyote HTTP/1.1 on http-9900
Mar 20, 2012 10:14:42 AM org.apache.catalina.core.StandardService stop
INFO: Stopping service Catalina
Mar 20, 2012 10:14:42 AM org.apache.catalina.loader.WebappClassLoader clearReferencesThreads
SEVERE: The web application [/ubersvn] appears to have started a thread named [HSQLDB Timer @62c37f31] but has failed to stop it. This is very likely to create a memory leak.
Mar 20, 2012 10:14:42 AM org.apache.catalina.loader.WebappClassLoader clearThreadLocalMap
SEVERE: The web application [/ubersvn] created a ThreadLocal with key of type [com.sun.faces.util.Util$1] (value [com.sun.faces.util.Util$1@765971c3]) and a value of type [java.util.HashMap] (value [{com.sun.faces.patternCache={ = }}]) but failed to remove it when the web application was stopped. This is very likely to create a memory leak.
Mar 20, 2012 10:14:43 AM org.apache.coyote.http11.Http11AprProtocol destroy
INFO: Stopping Coyote HTTP/1.1 on http-9890
Mar 20, 2012 10:14:43 AM org.apache.coyote.http11.Http11AprProtocol destroy
INFO: Stopping Coyote HTTP/1.1 on http-9900
Mar 20, 2012 10:48:59 AM org.apache.catalina.core.AprLifecycleListener init
INFO: Loaded APR based Apache Tomcat Native library 1.1.20.
Mar 20, 2012 10:48:59 AM org.apache.catalina.core.AprLifecycleListener init
INFO: APR capabilities: IPv6 [true], sendfile [true], accept filters [false], random [true].
Mar 20, 2012 10:48:59 AM org.apache.catalina.startup.SetAllPropertiesRule begin
WARNING: [SetAllPropertiesRule]{Server/Service/Connector} Setting property 'clientAuth' to 'false' did not find a matching property.
Mar 20, 2012 10:48:59 AM org.apache.coyote.http11.Http11AprProtocol init
INFO: Initializing Coyote HTTP/1.1 on http-9890
Mar 20, 2012 10:48:59 AM org.apache.coyote.http11.Http11AprProtocol init
INFO: Initializing Coyote HTTP/1.1 on http-9900
Mar 20, 2012 10:48:59 AM org.apache.catalina.startup.Catalina load
INFO: Initialization processed in 780 ms
Mar 20, 2012 10:48:59 AM org.apache.catalina.core.StandardService start
INFO: Starting service Catalina
Mar 20, 2012 10:48:59 AM org.apache.catalina.core.StandardEngine start
INFO: Starting Servlet Engine: Apache Tomcat/6.0.33
Mar 20, 2012 10:48:59 AM org.apache.catalina.startup.HostConfig deployWAR
INFO: Deploying web application archive RepositoryBrowser.war
Mar 20, 2012 10:49:04 AM org.apache.catalina.startup.HostConfig deployWAR
INFO: Deploying web application archive ubersvn.war
Mar 20, 2012 10:49:04 AM org.apache.catalina.core.StandardContext addApplicationListener
INFO: The listener "com.sun.faces.config.ConfigureListener" is already configured for this context. The duplicate definition has been ignored.
Mar 20, 2012 10:49:10 AM com.sun.faces.config.ConfigureListener contextInitialized
INFO: Initializing Mojarra 2.0.3 (FCS b03) for context '/ubersvn'
Mar 20, 2012 10:49:12 AM org.apache.catalina.startup.HostConfig deployDirectory
INFO: Deploying web application directory ROOT
Mar 20, 2012 10:49:12 AM org.apache.coyote.http11.Http11AprProtocol start
INFO: Starting Coyote HTTP/1.1 on http-9890
Mar 20, 2012 10:49:12 AM org.apache.coyote.http11.Http11AprProtocol start
INFO: Starting Coyote HTTP/1.1 on http-9900
Mar 20, 2012 10:49:12 AM org.apache.catalina.startup.Catalina start
INFO: Server startup in 12738 ms
