Mar 11, 2013 1:50:34 AM org.apache.coyote.http11.Http11AprProtocol pause
INFO: Pausing Coyote HTTP/1.1 on http-9890
Mar 11, 2013 1:50:34 AM org.apache.coyote.http11.Http11AprProtocol pause
INFO: Pausing Coyote HTTP/1.1 on http-9900
Mar 11, 2013 1:50:35 AM org.apache.catalina.core.StandardService stop
INFO: Stopping service Catalina
Mar 11, 2013 1:50:35 AM org.apache.catalina.loader.WebappClassLoader clearReferencesThreads
SEVERE: The web application [/ubersvn] appears to have started a thread named [HSQLDB Timer @37285252] but has failed to stop it. This is very likely to create a memory leak.
Mar 11, 2013 1:50:35 AM org.apache.catalina.loader.WebappClassLoader clearThreadLocalMap
SEVERE: The web application [/ubersvn] created a ThreadLocal with key of type [com.sun.faces.util.Util$1] (value [com.sun.faces.util.Util$1@456a5c7c]) and a value of type [java.util.HashMap] (value [{com.sun.faces.patternCache={ = }}]) but failed to remove it when the web application was stopped. This is very likely to create a memory leak.
Mar 11, 2013 1:50:36 AM org.apache.coyote.http11.Http11AprProtocol destroy
INFO: Stopping Coyote HTTP/1.1 on http-9890
Mar 11, 2013 1:50:36 AM org.apache.coyote.http11.Http11AprProtocol destroy
INFO: Stopping Coyote HTTP/1.1 on http-9900
Mar 11, 2013 9:30:47 AM org.apache.catalina.core.AprLifecycleListener init
INFO: Loaded APR based Apache Tomcat Native library 1.1.20.
Mar 11, 2013 9:30:48 AM org.apache.catalina.core.AprLifecycleListener init
INFO: APR capabilities: IPv6 [true], sendfile [true], accept filters [false], random [true].
Mar 11, 2013 9:30:49 AM org.apache.catalina.startup.SetAllPropertiesRule begin
WARNING: [SetAllPropertiesRule]{Server/Service/Connector} Setting property 'clientAuth' to 'false' did not find a matching property.
Mar 11, 2013 9:30:55 AM org.apache.coyote.http11.Http11AprProtocol init
INFO: Initializing Coyote HTTP/1.1 on http-9890
Mar 11, 2013 9:30:57 AM org.apache.coyote.http11.Http11AprProtocol init
INFO: Initializing Coyote HTTP/1.1 on http-9900
Mar 11, 2013 9:30:57 AM org.apache.catalina.startup.Catalina load
INFO: Initialization processed in 13705 ms
Mar 11, 2013 9:30:59 AM org.apache.catalina.core.StandardService start
INFO: Starting service Catalina
Mar 11, 2013 9:30:59 AM org.apache.catalina.core.StandardEngine start
INFO: Starting Servlet Engine: Apache Tomcat/6.0.33
Mar 11, 2013 9:31:00 AM org.apache.catalina.startup.HostConfig deployWAR
INFO: Deploying web application archive RepositoryBrowser.war
Mar 11, 2013 9:31:56 AM org.apache.catalina.startup.HostConfig deployWAR
INFO: Deploying web application archive ubersvn.war
Mar 11, 2013 9:32:00 AM org.apache.catalina.core.StandardContext addApplicationListener
INFO: The listener "com.sun.faces.config.ConfigureListener" is already configured for this context. The duplicate definition has been ignored.
Mar 11, 2013 9:32:12 AM com.sun.faces.config.ConfigureListener contextInitialized
INFO: Initializing Mojarra 2.0.3 (FCS b03) for context '/ubersvn'
Mar 11, 2013 9:32:16 AM org.apache.catalina.startup.HostConfig deployDirectory
INFO: Deploying web application directory ROOT
Mar 11, 2013 9:32:16 AM org.apache.coyote.http11.Http11AprProtocol start
INFO: Starting Coyote HTTP/1.1 on http-9890
Mar 11, 2013 9:32:16 AM org.apache.coyote.http11.Http11AprProtocol start
INFO: Starting Coyote HTTP/1.1 on http-9900
Mar 11, 2013 9:32:16 AM org.apache.catalina.startup.Catalina start
INFO: Server startup in 79513 ms
Mar 11, 2013 5:15:47 PM org.apache.coyote.http11.Http11AprProtocol pause
INFO: Pausing Coyote HTTP/1.1 on http-9890
Mar 11, 2013 5:15:48 PM org.apache.coyote.http11.Http11AprProtocol pause
INFO: Pausing Coyote HTTP/1.1 on http-9900
Mar 11, 2013 5:15:49 PM org.apache.catalina.core.StandardService stop
INFO: Stopping service Catalina
Mar 11, 2013 5:15:49 PM org.apache.catalina.loader.WebappClassLoader clearReferencesThreads
SEVERE: The web application [/ubersvn] appears to have started a thread named [HSQLDB Timer @506dd108] but has failed to stop it. This is very likely to create a memory leak.
Mar 11, 2013 5:15:49 PM org.apache.catalina.loader.WebappClassLoader clearThreadLocalMap
SEVERE: The web application [/ubersvn] created a ThreadLocal with key of type [com.sun.faces.util.Util$1] (value [com.sun.faces.util.Util$1@4f002a9d]) and a value of type [java.util.HashMap] (value [{com.sun.faces.patternCache={ = }}]) but failed to remove it when the web application was stopped. This is very likely to create a memory leak.
Mar 11, 2013 5:15:50 PM org.apache.catalina.loader.WebappClassLoader clearReferencesThreads
SEVERE: The web application [/RepositoryBrowser] appears to have started a thread named [scheduler_QuartzSchedulerThread] but has failed to stop it. This is very likely to create a memory leak.
Mar 11, 2013 5:15:50 PM org.apache.coyote.http11.Http11AprProtocol destroy
INFO: Stopping Coyote HTTP/1.1 on http-9890
Mar 11, 2013 5:15:50 PM org.apache.coyote.http11.Http11AprProtocol destroy
INFO: Stopping Coyote HTTP/1.1 on http-9900
Mar 11, 2013 6:13:36 PM org.apache.catalina.core.AprLifecycleListener init
INFO: Loaded APR based Apache Tomcat Native library 1.1.20.
Mar 11, 2013 6:13:36 PM org.apache.catalina.core.AprLifecycleListener init
INFO: APR capabilities: IPv6 [true], sendfile [true], accept filters [false], random [true].
Mar 11, 2013 6:13:36 PM org.apache.catalina.startup.SetAllPropertiesRule begin
WARNING: [SetAllPropertiesRule]{Server/Service/Connector} Setting property 'clientAuth' to 'false' did not find a matching property.
Mar 11, 2013 6:13:36 PM org.apache.coyote.http11.Http11AprProtocol init
INFO: Initializing Coyote HTTP/1.1 on http-9890
Mar 11, 2013 6:13:36 PM org.apache.coyote.http11.Http11AprProtocol init
INFO: Initializing Coyote HTTP/1.1 on http-9900
Mar 11, 2013 6:13:36 PM org.apache.catalina.startup.Catalina load
INFO: Initialization processed in 919 ms
Mar 11, 2013 6:13:36 PM org.apache.catalina.core.StandardService start
INFO: Starting service Catalina
Mar 11, 2013 6:13:36 PM org.apache.catalina.core.StandardEngine start
INFO: Starting Servlet Engine: Apache Tomcat/6.0.33
Mar 11, 2013 6:13:36 PM org.apache.catalina.startup.HostConfig deployWAR
INFO: Deploying web application archive RepositoryBrowser.war
Mar 11, 2013 6:14:25 PM org.apache.catalina.startup.HostConfig deployWAR
INFO: Deploying web application archive ubersvn.war
Mar 11, 2013 6:14:28 PM org.apache.catalina.core.StandardContext addApplicationListener
INFO: The listener "com.sun.faces.config.ConfigureListener" is already configured for this context. The duplicate definition has been ignored.
Mar 11, 2013 6:14:57 PM com.sun.faces.config.ConfigureListener contextInitialized
INFO: Initializing Mojarra 2.0.3 (FCS b03) for context '/ubersvn'
Mar 11, 2013 6:15:01 PM org.apache.catalina.startup.HostConfig deployDirectory
INFO: Deploying web application directory ROOT
Mar 11, 2013 6:15:01 PM org.apache.coyote.http11.Http11AprProtocol start
INFO: Starting Coyote HTTP/1.1 on http-9890
Mar 11, 2013 6:15:01 PM org.apache.coyote.http11.Http11AprProtocol start
INFO: Starting Coyote HTTP/1.1 on http-9900
Mar 11, 2013 6:15:01 PM org.apache.catalina.startup.Catalina start
INFO: Server startup in 84272 ms
