Oct 5, 2012 8:37:45 PM org.apache.catalina.core.AprLifecycleListener init
INFO: Loaded APR based Apache Tomcat Native library 1.1.20.
Oct 5, 2012 8:37:45 PM org.apache.catalina.core.AprLifecycleListener init
INFO: APR capabilities: IPv6 [true], sendfile [true], accept filters [false], random [true].
Oct 5, 2012 8:37:45 PM org.apache.catalina.startup.SetAllPropertiesRule begin
WARNING: [SetAllPropertiesRule]{Server/Service/Connector} Setting property 'clientAuth' to 'false' did not find a matching property.
Oct 5, 2012 8:37:46 PM org.apache.coyote.http11.Http11AprProtocol init
INFO: Initializing Coyote HTTP/1.1 on http-9890
Oct 5, 2012 8:37:46 PM org.apache.coyote.http11.Http11AprProtocol init
INFO: Initializing Coyote HTTP/1.1 on http-9900
Oct 5, 2012 8:37:46 PM org.apache.catalina.startup.Catalina load
INFO: Initialization processed in 1140 ms
Oct 5, 2012 8:37:46 PM org.apache.catalina.core.StandardService start
INFO: Starting service Catalina
Oct 5, 2012 8:37:46 PM org.apache.catalina.core.StandardEngine start
INFO: Starting Servlet Engine: Apache Tomcat/6.0.33
Oct 5, 2012 8:37:46 PM org.apache.catalina.startup.HostConfig deployWAR
INFO: Deploying web application archive RepositoryBrowser.war
Oct 5, 2012 8:37:55 PM org.apache.catalina.startup.HostConfig deployWAR
INFO: Deploying web application archive ubersvn.war
Oct 5, 2012 8:38:10 PM org.apache.catalina.core.StandardContext addApplicationListener
INFO: The listener "com.sun.faces.config.ConfigureListener" is already configured for this context. The duplicate definition has been ignored.
Oct 5, 2012 8:38:40 PM com.sun.faces.config.ConfigureListener contextInitialized
INFO: Initializing Mojarra 2.0.3 (FCS b03) for context '/ubersvn'
Oct 5, 2012 8:38:43 PM org.apache.catalina.startup.HostConfig deployDirectory
INFO: Deploying web application directory ROOT
Oct 5, 2012 8:38:43 PM org.apache.coyote.http11.Http11AprProtocol start
INFO: Starting Coyote HTTP/1.1 on http-9890
Oct 5, 2012 8:38:43 PM org.apache.coyote.http11.Http11AprProtocol start
INFO: Starting Coyote HTTP/1.1 on http-9900
Oct 5, 2012 8:38:43 PM org.apache.catalina.startup.Catalina start
INFO: Server startup in 57399 ms
