Dec 1, 2012 1:03:22 AM org.apache.catalina.core.ApplicationContext log
INFO: Destroying Spring FrameworkServlet 'sventon'
Dec 1, 2012 1:03:22 AM org.apache.catalina.core.ApplicationContext log
INFO: Destroying Spring FrameworkServlet 'sventon-old'
Dec 1, 2012 1:03:22 AM org.apache.catalina.core.ApplicationContext log
INFO: Closing Spring root WebApplicationContext
Dec 1, 2012 10:39:45 AM org.apache.catalina.core.ApplicationContext log
INFO: Initializing Spring root WebApplicationContext
Dec 1, 2012 10:39:48 AM org.apache.catalina.core.ApplicationContext log
INFO: Initializing Spring FrameworkServlet 'sventon'
Dec 1, 2012 10:39:50 AM org.apache.catalina.core.ApplicationContext log
INFO: Initializing Spring FrameworkServlet 'sventon-old'
Dec 1, 2012 10:09:29 PM org.apache.catalina.core.ApplicationContext log
INFO: Destroying Spring FrameworkServlet 'sventon'
Dec 1, 2012 10:09:29 PM org.apache.catalina.core.ApplicationContext log
INFO: Destroying Spring FrameworkServlet 'sventon-old'
Dec 1, 2012 10:09:29 PM org.apache.catalina.core.ApplicationContext log
INFO: Closing Spring root WebApplicationContext
Dec 1, 2012 10:26:22 PM org.apache.catalina.core.ApplicationContext log
INFO: Initializing Spring root WebApplicationContext
Dec 1, 2012 10:26:24 PM org.apache.catalina.core.ApplicationContext log
INFO: Initializing Spring FrameworkServlet 'sventon'
Dec 1, 2012 10:26:26 PM org.apache.catalina.core.ApplicationContext log
INFO: Initializing Spring FrameworkServlet 'sventon-old'
