Mar 23, 2012 12:40:33 AM org.apache.catalina.core.ApplicationContext log
INFO: Destroying Spring FrameworkServlet 'sventon'
Mar 23, 2012 12:40:33 AM org.apache.catalina.core.ApplicationContext log
INFO: Destroying Spring FrameworkServlet 'sventon-old'
Mar 23, 2012 12:40:33 AM org.apache.catalina.core.ApplicationContext log
INFO: Closing Spring root WebApplicationContext
Mar 23, 2012 9:09:21 AM org.apache.catalina.core.ApplicationContext log
INFO: Initializing Spring root WebApplicationContext
Mar 23, 2012 9:09:23 AM org.apache.catalina.core.ApplicationContext log
INFO: Initializing Spring FrameworkServlet 'sventon'
Mar 23, 2012 9:09:24 AM org.apache.catalina.core.ApplicationContext log
INFO: Initializing Spring FrameworkServlet 'sventon-old'
Mar 23, 2012 6:58:04 PM org.apache.catalina.core.ApplicationContext log
INFO: Destroying Spring FrameworkServlet 'sventon'
Mar 23, 2012 6:58:04 PM org.apache.catalina.core.ApplicationContext log
INFO: Destroying Spring FrameworkServlet 'sventon-old'
Mar 23, 2012 6:58:04 PM org.apache.catalina.core.ApplicationContext log
INFO: Closing Spring root WebApplicationContext
Mar 23, 2012 7:25:26 PM org.apache.catalina.core.ApplicationContext log
INFO: Initializing Spring root WebApplicationContext
Mar 23, 2012 7:25:28 PM org.apache.catalina.core.ApplicationContext log
INFO: Initializing Spring FrameworkServlet 'sventon'
Mar 23, 2012 7:25:30 PM org.apache.catalina.core.ApplicationContext log
INFO: Initializing Spring FrameworkServlet 'sventon-old'
