Nov 16, 2012 1:51:32 AM org.apache.catalina.core.ApplicationContext log
INFO: Destroying Spring FrameworkServlet 'sventon'
Nov 16, 2012 1:51:32 AM org.apache.catalina.core.ApplicationContext log
INFO: Destroying Spring FrameworkServlet 'sventon-old'
Nov 16, 2012 1:51:32 AM org.apache.catalina.core.ApplicationContext log
INFO: Closing Spring root WebApplicationContext
Nov 16, 2012 10:48:26 AM org.apache.catalina.core.ApplicationContext log
INFO: Initializing Spring root WebApplicationContext
Nov 16, 2012 10:48:30 AM org.apache.catalina.core.ApplicationContext log
INFO: Initializing Spring FrameworkServlet 'sventon'
Nov 16, 2012 10:48:32 AM org.apache.catalina.core.ApplicationContext log
INFO: Initializing Spring FrameworkServlet 'sventon-old'
Nov 16, 2012 6:19:44 PM org.apache.catalina.core.ApplicationContext log
INFO: Destroying Spring FrameworkServlet 'sventon'
Nov 16, 2012 6:19:44 PM org.apache.catalina.core.ApplicationContext log
INFO: Destroying Spring FrameworkServlet 'sventon-old'
Nov 16, 2012 6:19:44 PM org.apache.catalina.core.ApplicationContext log
INFO: Closing Spring root WebApplicationContext
Nov 16, 2012 7:27:13 PM org.apache.catalina.core.ApplicationContext log
INFO: Initializing Spring root WebApplicationContext
Nov 16, 2012 7:27:17 PM org.apache.catalina.core.ApplicationContext log
INFO: Initializing Spring FrameworkServlet 'sventon'
Nov 16, 2012 7:27:20 PM org.apache.catalina.core.ApplicationContext log
INFO: Initializing Spring FrameworkServlet 'sventon-old'
