Dec 15, 2012 12:47:41 AM org.apache.catalina.core.ApplicationContext log
INFO: Destroying Spring FrameworkServlet 'sventon'
Dec 15, 2012 12:47:41 AM org.apache.catalina.core.ApplicationContext log
INFO: Destroying Spring FrameworkServlet 'sventon-old'
Dec 15, 2012 12:47:41 AM org.apache.catalina.core.ApplicationContext log
INFO: Closing Spring root WebApplicationContext
Dec 15, 2012 1:41:21 AM org.apache.catalina.core.ApplicationContext log
INFO: Initializing Spring root WebApplicationContext
Dec 15, 2012 1:41:24 AM org.apache.catalina.core.ApplicationContext log
INFO: Initializing Spring FrameworkServlet 'sventon'
Dec 15, 2012 1:41:27 AM org.apache.catalina.core.ApplicationContext log
INFO: Initializing Spring FrameworkServlet 'sventon-old'
Dec 15, 2012 7:56:07 AM org.apache.catalina.core.ApplicationContext log
INFO: Destroying Spring FrameworkServlet 'sventon'
Dec 15, 2012 7:56:07 AM org.apache.catalina.core.ApplicationContext log
INFO: Destroying Spring FrameworkServlet 'sventon-old'
Dec 15, 2012 7:56:07 AM org.apache.catalina.core.ApplicationContext log
INFO: Closing Spring root WebApplicationContext
Dec 15, 2012 8:50:27 AM org.apache.catalina.core.ApplicationContext log
INFO: Initializing Spring root WebApplicationContext
Dec 15, 2012 8:50:30 AM org.apache.catalina.core.ApplicationContext log
INFO: Initializing Spring FrameworkServlet 'sventon'
Dec 15, 2012 8:50:32 AM org.apache.catalina.core.ApplicationContext log
INFO: Initializing Spring FrameworkServlet 'sventon-old'
