Feb 23, 2013 8:38:43 AM org.apache.catalina.core.ApplicationContext log
INFO: Destroying Spring FrameworkServlet 'sventon'
Feb 23, 2013 8:38:43 AM org.apache.catalina.core.ApplicationContext log
INFO: Destroying Spring FrameworkServlet 'sventon-old'
Feb 23, 2013 8:38:43 AM org.apache.catalina.core.ApplicationContext log
INFO: Closing Spring root WebApplicationContext
Feb 23, 2013 9:27:01 AM org.apache.catalina.core.ApplicationContext log
INFO: Initializing Spring root WebApplicationContext
Feb 23, 2013 9:27:06 AM org.apache.catalina.core.ApplicationContext log
INFO: Initializing Spring FrameworkServlet 'sventon'
Feb 23, 2013 9:27:09 AM org.apache.catalina.core.ApplicationContext log
INFO: Initializing Spring FrameworkServlet 'sventon-old'
Feb 23, 2013 5:07:52 PM org.apache.catalina.core.ApplicationContext log
INFO: Destroying Spring FrameworkServlet 'sventon'
Feb 23, 2013 5:07:52 PM org.apache.catalina.core.ApplicationContext log
INFO: Destroying Spring FrameworkServlet 'sventon-old'
Feb 23, 2013 5:07:52 PM org.apache.catalina.core.ApplicationContext log
INFO: Closing Spring root WebApplicationContext
Feb 23, 2013 6:09:42 PM org.apache.catalina.core.ApplicationContext log
INFO: Initializing Spring root WebApplicationContext
Feb 23, 2013 6:09:44 PM org.apache.catalina.core.ApplicationContext log
INFO: Initializing Spring FrameworkServlet 'sventon'
Feb 23, 2013 6:09:46 PM org.apache.catalina.core.ApplicationContext log
INFO: Initializing Spring FrameworkServlet 'sventon-old'
