Apr 11, 2012 1:05:42 AM org.apache.catalina.core.ApplicationContext log
INFO: Destroying Spring FrameworkServlet 'sventon'
Apr 11, 2012 1:05:42 AM org.apache.catalina.core.ApplicationContext log
INFO: Destroying Spring FrameworkServlet 'sventon-old'
Apr 11, 2012 1:05:42 AM org.apache.catalina.core.ApplicationContext log
INFO: Closing Spring root WebApplicationContext
Apr 11, 2012 9:20:01 AM org.apache.catalina.core.ApplicationContext log
INFO: Initializing Spring root WebApplicationContext
Apr 11, 2012 9:20:03 AM org.apache.catalina.core.ApplicationContext log
INFO: Initializing Spring FrameworkServlet 'sventon'
Apr 11, 2012 9:20:04 AM org.apache.catalina.core.ApplicationContext log
INFO: Initializing Spring FrameworkServlet 'sventon-old'
Apr 11, 2012 6:11:47 PM org.apache.catalina.core.ApplicationContext log
INFO: Destroying Spring FrameworkServlet 'sventon'
Apr 11, 2012 6:11:47 PM org.apache.catalina.core.ApplicationContext log
INFO: Destroying Spring FrameworkServlet 'sventon-old'
Apr 11, 2012 6:11:47 PM org.apache.catalina.core.ApplicationContext log
INFO: Closing Spring root WebApplicationContext
Apr 11, 2012 8:51:16 PM org.apache.catalina.core.ApplicationContext log
INFO: Initializing Spring root WebApplicationContext
Apr 11, 2012 8:51:18 PM org.apache.catalina.core.ApplicationContext log
INFO: Initializing Spring FrameworkServlet 'sventon'
Apr 11, 2012 8:51:19 PM org.apache.catalina.core.ApplicationContext log
INFO: Initializing Spring FrameworkServlet 'sventon-old'
