Aug 27, 2012 1:21:04 AM org.apache.catalina.core.ApplicationContext log
INFO: Destroying Spring FrameworkServlet 'sventon'
Aug 27, 2012 1:21:04 AM org.apache.catalina.core.ApplicationContext log
INFO: Destroying Spring FrameworkServlet 'sventon-old'
Aug 27, 2012 1:21:04 AM org.apache.catalina.core.ApplicationContext log
INFO: Closing Spring root WebApplicationContext
Aug 27, 2012 10:13:17 AM org.apache.catalina.core.ApplicationContext log
INFO: Initializing Spring root WebApplicationContext
Aug 27, 2012 10:13:21 AM org.apache.catalina.core.ApplicationContext log
INFO: Initializing Spring FrameworkServlet 'sventon'
Aug 27, 2012 10:13:23 AM org.apache.catalina.core.ApplicationContext log
INFO: Initializing Spring FrameworkServlet 'sventon-old'
Aug 27, 2012 5:34:12 PM org.apache.catalina.core.ApplicationContext log
INFO: Destroying Spring FrameworkServlet 'sventon'
Aug 27, 2012 5:34:12 PM org.apache.catalina.core.ApplicationContext log
INFO: Destroying Spring FrameworkServlet 'sventon-old'
Aug 27, 2012 5:34:12 PM org.apache.catalina.core.ApplicationContext log
INFO: Closing Spring root WebApplicationContext
Aug 27, 2012 5:54:31 PM org.apache.catalina.core.ApplicationContext log
INFO: Initializing Spring root WebApplicationContext
Aug 27, 2012 5:54:37 PM org.apache.catalina.core.ApplicationContext log
INFO: Initializing Spring FrameworkServlet 'sventon'
Aug 27, 2012 5:54:39 PM org.apache.catalina.core.ApplicationContext log
INFO: Initializing Spring FrameworkServlet 'sventon-old'
