Mar 28, 2012 2:27:56 PM org.apache.catalina.core.ApplicationContext log
INFO: Destroying Spring FrameworkServlet 'sventon'
Mar 28, 2012 2:27:56 PM org.apache.catalina.core.ApplicationContext log
INFO: Destroying Spring FrameworkServlet 'sventon-old'
Mar 28, 2012 2:27:56 PM org.apache.catalina.core.ApplicationContext log
INFO: Closing Spring root WebApplicationContext
Mar 28, 2012 2:38:48 PM org.apache.catalina.core.ApplicationContext log
INFO: Initializing Spring root WebApplicationContext
Mar 28, 2012 2:38:50 PM org.apache.catalina.core.ApplicationContext log
INFO: Initializing Spring FrameworkServlet 'sventon'
Mar 28, 2012 2:38:51 PM org.apache.catalina.core.ApplicationContext log
INFO: Initializing Spring FrameworkServlet 'sventon-old'
Mar 28, 2012 3:47:50 PM org.apache.catalina.core.ApplicationContext log
INFO: Destroying Spring FrameworkServlet 'sventon'
Mar 28, 2012 3:47:50 PM org.apache.catalina.core.ApplicationContext log
INFO: Destroying Spring FrameworkServlet 'sventon-old'
Mar 28, 2012 3:47:50 PM org.apache.catalina.core.ApplicationContext log
INFO: Closing Spring root WebApplicationContext
Mar 28, 2012 3:57:01 PM org.apache.catalina.core.ApplicationContext log
INFO: Initializing Spring root WebApplicationContext
Mar 28, 2012 3:57:03 PM org.apache.catalina.core.ApplicationContext log
INFO: Initializing Spring FrameworkServlet 'sventon'
Mar 28, 2012 3:57:05 PM org.apache.catalina.core.ApplicationContext log
INFO: Initializing Spring FrameworkServlet 'sventon-old'
Mar 28, 2012 6:19:47 PM org.apache.catalina.core.ApplicationContext log
INFO: Destroying Spring FrameworkServlet 'sventon'
Mar 28, 2012 6:19:47 PM org.apache.catalina.core.ApplicationContext log
INFO: Destroying Spring FrameworkServlet 'sventon-old'
Mar 28, 2012 6:19:47 PM org.apache.catalina.core.ApplicationContext log
INFO: Closing Spring root WebApplicationContext
Mar 28, 2012 7:44:59 PM org.apache.catalina.core.ApplicationContext log
INFO: Initializing Spring root WebApplicationContext
Mar 28, 2012 7:45:01 PM org.apache.catalina.core.ApplicationContext log
INFO: Initializing Spring FrameworkServlet 'sventon'
Mar 28, 2012 7:45:02 PM org.apache.catalina.core.ApplicationContext log
INFO: Initializing Spring FrameworkServlet 'sventon-old'
