Feb 21, 2012 1:19:54 AM org.apache.catalina.core.ApplicationContext log
INFO: Destroying Spring FrameworkServlet 'sventon'
Feb 21, 2012 1:19:54 AM org.apache.catalina.core.ApplicationContext log
INFO: Destroying Spring FrameworkServlet 'sventon-old'
Feb 21, 2012 1:19:54 AM org.apache.catalina.core.ApplicationContext log
INFO: Closing Spring root WebApplicationContext
Feb 21, 2012 11:10:32 AM org.apache.catalina.core.ApplicationContext log
INFO: Initializing Spring root WebApplicationContext
Feb 21, 2012 11:10:34 AM org.apache.catalina.core.ApplicationContext log
INFO: Initializing Spring FrameworkServlet 'sventon'
Feb 21, 2012 11:10:35 AM org.apache.catalina.core.ApplicationContext log
INFO: Initializing Spring FrameworkServlet 'sventon-old'
Feb 21, 2012 11:55:14 AM org.apache.catalina.core.ApplicationContext log
INFO: Destroying Spring FrameworkServlet 'sventon'
Feb 21, 2012 11:55:14 AM org.apache.catalina.core.ApplicationContext log
INFO: Destroying Spring FrameworkServlet 'sventon-old'
Feb 21, 2012 11:55:14 AM org.apache.catalina.core.ApplicationContext log
INFO: Closing Spring root WebApplicationContext
Feb 21, 2012 1:04:01 PM org.apache.catalina.core.ApplicationContext log
INFO: Initializing Spring root WebApplicationContext
Feb 21, 2012 1:04:03 PM org.apache.catalina.core.ApplicationContext log
INFO: Initializing Spring FrameworkServlet 'sventon'
Feb 21, 2012 1:04:04 PM org.apache.catalina.core.ApplicationContext log
INFO: Initializing Spring FrameworkServlet 'sventon-old'
