Oct 10, 2012 12:44:19 PM org.apache.catalina.core.ApplicationContext log
INFO: Destroying Spring FrameworkServlet 'sventon'
Oct 10, 2012 12:44:19 PM org.apache.catalina.core.ApplicationContext log
INFO: Destroying Spring FrameworkServlet 'sventon-old'
Oct 10, 2012 12:44:19 PM org.apache.catalina.core.ApplicationContext log
INFO: Closing Spring root WebApplicationContext
Oct 10, 2012 2:43:47 PM org.apache.catalina.core.ApplicationContext log
INFO: Initializing Spring root WebApplicationContext
Oct 10, 2012 2:43:50 PM org.apache.catalina.core.ApplicationContext log
INFO: Initializing Spring FrameworkServlet 'sventon'
Oct 10, 2012 2:43:52 PM org.apache.catalina.core.ApplicationContext log
INFO: Initializing Spring FrameworkServlet 'sventon-old'
Oct 10, 2012 6:22:10 PM org.apache.catalina.core.ApplicationContext log
INFO: Destroying Spring FrameworkServlet 'sventon'
Oct 10, 2012 6:22:10 PM org.apache.catalina.core.ApplicationContext log
INFO: Destroying Spring FrameworkServlet 'sventon-old'
Oct 10, 2012 6:22:10 PM org.apache.catalina.core.ApplicationContext log
INFO: Closing Spring root WebApplicationContext
Oct 10, 2012 7:01:42 PM org.apache.catalina.core.ApplicationContext log
INFO: Initializing Spring root WebApplicationContext
Oct 10, 2012 7:01:45 PM org.apache.catalina.core.ApplicationContext log
INFO: Initializing Spring FrameworkServlet 'sventon'
Oct 10, 2012 7:01:47 PM org.apache.catalina.core.ApplicationContext log
INFO: Initializing Spring FrameworkServlet 'sventon-old'
