Aug 22, 2012 1:38:34 AM org.apache.catalina.core.ApplicationContext log
INFO: Destroying Spring FrameworkServlet 'sventon'
Aug 22, 2012 1:38:34 AM org.apache.catalina.core.ApplicationContext log
INFO: Destroying Spring FrameworkServlet 'sventon-old'
Aug 22, 2012 1:38:34 AM org.apache.catalina.core.ApplicationContext log
INFO: Closing Spring root WebApplicationContext
Aug 22, 2012 10:05:25 AM org.apache.catalina.core.ApplicationContext log
INFO: Initializing Spring root WebApplicationContext
Aug 22, 2012 10:05:27 AM org.apache.catalina.core.ApplicationContext log
INFO: Initializing Spring FrameworkServlet 'sventon'
Aug 22, 2012 10:05:28 AM org.apache.catalina.core.ApplicationContext log
INFO: Initializing Spring FrameworkServlet 'sventon-old'
Aug 22, 2012 6:24:57 PM org.apache.catalina.core.ApplicationContext log
INFO: Destroying Spring FrameworkServlet 'sventon'
Aug 22, 2012 6:24:57 PM org.apache.catalina.core.ApplicationContext log
INFO: Destroying Spring FrameworkServlet 'sventon-old'
Aug 22, 2012 6:24:57 PM org.apache.catalina.core.ApplicationContext log
INFO: Closing Spring root WebApplicationContext
Aug 22, 2012 6:44:45 PM org.apache.catalina.core.ApplicationContext log
INFO: Initializing Spring root WebApplicationContext
Aug 22, 2012 6:44:49 PM org.apache.catalina.core.ApplicationContext log
INFO: Initializing Spring FrameworkServlet 'sventon'
Aug 22, 2012 6:44:50 PM org.apache.catalina.core.ApplicationContext log
INFO: Initializing Spring FrameworkServlet 'sventon-old'
