Mar 5, 2012 2:24:29 AM org.apache.catalina.core.ApplicationContext log
INFO: Destroying Spring FrameworkServlet 'sventon'
Mar 5, 2012 2:24:29 AM org.apache.catalina.core.ApplicationContext log
INFO: Destroying Spring FrameworkServlet 'sventon-old'
Mar 5, 2012 2:24:29 AM org.apache.catalina.core.ApplicationContext log
INFO: Closing Spring root WebApplicationContext
Mar 5, 2012 9:43:27 AM org.apache.catalina.core.ApplicationContext log
INFO: Initializing Spring root WebApplicationContext
Mar 5, 2012 9:43:30 AM org.apache.catalina.core.ApplicationContext log
INFO: Initializing Spring FrameworkServlet 'sventon'
Mar 5, 2012 9:43:31 AM org.apache.catalina.core.ApplicationContext log
INFO: Initializing Spring FrameworkServlet 'sventon-old'
Mar 5, 2012 2:26:41 PM org.apache.catalina.core.ApplicationContext log
INFO: Destroying Spring FrameworkServlet 'sventon'
Mar 5, 2012 2:26:41 PM org.apache.catalina.core.ApplicationContext log
INFO: Destroying Spring FrameworkServlet 'sventon-old'
Mar 5, 2012 2:26:41 PM org.apache.catalina.core.ApplicationContext log
INFO: Closing Spring root WebApplicationContext
Mar 5, 2012 2:39:08 PM org.apache.catalina.core.ApplicationContext log
INFO: Initializing Spring root WebApplicationContext
Mar 5, 2012 2:39:09 PM org.apache.catalina.core.ApplicationContext log
INFO: Initializing Spring FrameworkServlet 'sventon'
Mar 5, 2012 2:39:10 PM org.apache.catalina.core.ApplicationContext log
INFO: Initializing Spring FrameworkServlet 'sventon-old'
Mar 5, 2012 4:04:36 PM org.apache.catalina.core.ApplicationContext log
INFO: Destroying Spring FrameworkServlet 'sventon'
Mar 5, 2012 4:04:36 PM org.apache.catalina.core.ApplicationContext log
INFO: Destroying Spring FrameworkServlet 'sventon-old'
Mar 5, 2012 4:04:36 PM org.apache.catalina.core.ApplicationContext log
INFO: Closing Spring root WebApplicationContext
Mar 5, 2012 4:18:26 PM org.apache.catalina.core.ApplicationContext log
INFO: Initializing Spring root WebApplicationContext
Mar 5, 2012 4:18:28 PM org.apache.catalina.core.ApplicationContext log
INFO: Initializing Spring FrameworkServlet 'sventon'
Mar 5, 2012 4:18:29 PM org.apache.catalina.core.ApplicationContext log
INFO: Initializing Spring FrameworkServlet 'sventon-old'
