Feb 12, 2012 12:12:30 AM org.apache.catalina.core.ApplicationContext log
INFO: Destroying Spring FrameworkServlet 'sventon'
Feb 12, 2012 12:12:30 AM org.apache.catalina.core.ApplicationContext log
INFO: Destroying Spring FrameworkServlet 'sventon-old'
Feb 12, 2012 12:12:30 AM org.apache.catalina.core.ApplicationContext log
INFO: Closing Spring root WebApplicationContext
Feb 12, 2012 12:29:35 AM org.apache.catalina.core.ApplicationContext log
INFO: Initializing Spring root WebApplicationContext
Feb 12, 2012 12:29:38 AM org.apache.catalina.core.ApplicationContext log
INFO: Initializing Spring FrameworkServlet 'sventon'
Feb 12, 2012 12:29:40 AM org.apache.catalina.core.ApplicationContext log
INFO: Initializing Spring FrameworkServlet 'sventon-old'
Feb 12, 2012 1:49:40 PM org.apache.catalina.core.ApplicationContext log
INFO: Destroying Spring FrameworkServlet 'sventon'
Feb 12, 2012 1:49:40 PM org.apache.catalina.core.ApplicationContext log
INFO: Destroying Spring FrameworkServlet 'sventon-old'
Feb 12, 2012 1:49:40 PM org.apache.catalina.core.ApplicationContext log
INFO: Closing Spring root WebApplicationContext
Feb 12, 2012 2:25:43 PM org.apache.catalina.core.ApplicationContext log
INFO: Initializing Spring root WebApplicationContext
Feb 12, 2012 2:25:46 PM org.apache.catalina.core.ApplicationContext log
INFO: Initializing Spring FrameworkServlet 'sventon'
Feb 12, 2012 2:25:49 PM org.apache.catalina.core.ApplicationContext log
INFO: Initializing Spring FrameworkServlet 'sventon-old'
