Jul 10, 2012 5:50:33 AM org.apache.catalina.core.ApplicationContext log
INFO: Destroying Spring FrameworkServlet 'sventon'
Jul 10, 2012 5:50:33 AM org.apache.catalina.core.ApplicationContext log
INFO: Destroying Spring FrameworkServlet 'sventon-old'
Jul 10, 2012 5:50:33 AM org.apache.catalina.core.ApplicationContext log
INFO: Closing Spring root WebApplicationContext
Jul 10, 2012 6:16:15 AM org.apache.catalina.core.ApplicationContext log
INFO: Initializing Spring root WebApplicationContext
Jul 10, 2012 6:16:18 AM org.apache.catalina.core.ApplicationContext log
INFO: Initializing Spring FrameworkServlet 'sventon'
Jul 10, 2012 6:16:21 AM org.apache.catalina.core.ApplicationContext log
INFO: Initializing Spring FrameworkServlet 'sventon-old'
Jul 10, 2012 6:26:12 AM org.apache.catalina.core.ApplicationContext log
INFO: Destroying Spring FrameworkServlet 'sventon'
Jul 10, 2012 6:26:12 AM org.apache.catalina.core.ApplicationContext log
INFO: Destroying Spring FrameworkServlet 'sventon-old'
Jul 10, 2012 6:26:12 AM org.apache.catalina.core.ApplicationContext log
INFO: Closing Spring root WebApplicationContext
Jul 10, 2012 6:26:56 AM org.apache.catalina.core.ApplicationContext log
INFO: Initializing Spring root WebApplicationContext
Jul 10, 2012 6:27:00 AM org.apache.catalina.core.ApplicationContext log
INFO: Initializing Spring FrameworkServlet 'sventon'
Jul 10, 2012 6:27:01 AM org.apache.catalina.core.ApplicationContext log
INFO: Initializing Spring FrameworkServlet 'sventon-old'
Jul 10, 2012 12:06:25 PM org.apache.catalina.core.ApplicationContext log
INFO: Destroying Spring FrameworkServlet 'sventon'
Jul 10, 2012 12:06:25 PM org.apache.catalina.core.ApplicationContext log
INFO: Destroying Spring FrameworkServlet 'sventon-old'
Jul 10, 2012 12:06:25 PM org.apache.catalina.core.ApplicationContext log
INFO: Closing Spring root WebApplicationContext
Jul 10, 2012 9:22:31 PM org.apache.catalina.core.ApplicationContext log
INFO: Initializing Spring root WebApplicationContext
Jul 10, 2012 9:22:33 PM org.apache.catalina.core.ApplicationContext log
INFO: Initializing Spring FrameworkServlet 'sventon'
Jul 10, 2012 9:22:37 PM org.apache.catalina.core.ApplicationContext log
INFO: Initializing Spring FrameworkServlet 'sventon-old'
