Oct 27, 2012 1:21:03 PM org.apache.catalina.core.ApplicationContext log
INFO: Destroying Spring FrameworkServlet 'sventon'
Oct 27, 2012 1:21:03 PM org.apache.catalina.core.ApplicationContext log
INFO: Destroying Spring FrameworkServlet 'sventon-old'
Oct 27, 2012 1:21:03 PM org.apache.catalina.core.ApplicationContext log
INFO: Closing Spring root WebApplicationContext
Oct 27, 2012 1:53:31 PM org.apache.catalina.core.ApplicationContext log
INFO: Initializing Spring root WebApplicationContext
Oct 27, 2012 1:53:33 PM org.apache.catalina.core.ApplicationContext log
INFO: Initializing Spring FrameworkServlet 'sventon'
Oct 27, 2012 1:53:36 PM org.apache.catalina.core.ApplicationContext log
INFO: Initializing Spring FrameworkServlet 'sventon-old'
Oct 27, 2012 6:05:28 PM org.apache.catalina.core.ApplicationContext log
INFO: Destroying Spring FrameworkServlet 'sventon'
Oct 27, 2012 6:05:28 PM org.apache.catalina.core.ApplicationContext log
INFO: Destroying Spring FrameworkServlet 'sventon-old'
Oct 27, 2012 6:05:28 PM org.apache.catalina.core.ApplicationContext log
INFO: Closing Spring root WebApplicationContext
Oct 27, 2012 6:32:16 PM org.apache.catalina.core.ApplicationContext log
INFO: Initializing Spring root WebApplicationContext
Oct 27, 2012 6:32:19 PM org.apache.catalina.core.ApplicationContext log
INFO: Initializing Spring FrameworkServlet 'sventon'
Oct 27, 2012 6:32:22 PM org.apache.catalina.core.ApplicationContext log
INFO: Initializing Spring FrameworkServlet 'sventon-old'
