Jul 23, 2012 12:46:10 AM org.apache.catalina.core.ApplicationContext log
INFO: Destroying Spring FrameworkServlet 'sventon'
Jul 23, 2012 12:46:10 AM org.apache.catalina.core.ApplicationContext log
INFO: Destroying Spring FrameworkServlet 'sventon-old'
Jul 23, 2012 12:46:10 AM org.apache.catalina.core.ApplicationContext log
INFO: Closing Spring root WebApplicationContext
Jul 23, 2012 9:56:41 AM org.apache.catalina.core.ApplicationContext log
INFO: Initializing Spring root WebApplicationContext
Jul 23, 2012 9:56:44 AM org.apache.catalina.core.ApplicationContext log
INFO: Initializing Spring FrameworkServlet 'sventon'
Jul 23, 2012 9:56:47 AM org.apache.catalina.core.ApplicationContext log
INFO: Initializing Spring FrameworkServlet 'sventon-old'
Jul 23, 2012 6:15:26 PM org.apache.catalina.core.ApplicationContext log
INFO: Destroying Spring FrameworkServlet 'sventon'
Jul 23, 2012 6:15:26 PM org.apache.catalina.core.ApplicationContext log
INFO: Destroying Spring FrameworkServlet 'sventon-old'
Jul 23, 2012 6:15:26 PM org.apache.catalina.core.ApplicationContext log
INFO: Closing Spring root WebApplicationContext
Jul 23, 2012 6:44:41 PM org.apache.catalina.core.ApplicationContext log
INFO: Initializing Spring root WebApplicationContext
Jul 23, 2012 6:44:45 PM org.apache.catalina.core.ApplicationContext log
INFO: Initializing Spring FrameworkServlet 'sventon'
Jul 23, 2012 6:44:46 PM org.apache.catalina.core.ApplicationContext log
INFO: Initializing Spring FrameworkServlet 'sventon-old'
