Feb 10, 2012 12:56:37 PM org.apache.catalina.core.ApplicationContext log
INFO: Destroying Spring FrameworkServlet 'sventon'
Feb 10, 2012 12:56:37 PM org.apache.catalina.core.ApplicationContext log
INFO: Destroying Spring FrameworkServlet 'sventon-old'
Feb 10, 2012 12:56:37 PM org.apache.catalina.core.ApplicationContext log
INFO: Closing Spring root WebApplicationContext
Feb 10, 2012 1:26:48 PM org.apache.catalina.core.ApplicationContext log
INFO: Initializing Spring root WebApplicationContext
Feb 10, 2012 1:26:51 PM org.apache.catalina.core.ApplicationContext log
INFO: Initializing Spring FrameworkServlet 'sventon'
Feb 10, 2012 1:26:52 PM org.apache.catalina.core.ApplicationContext log
INFO: Initializing Spring FrameworkServlet 'sventon-old'
Feb 10, 2012 6:31:14 PM org.apache.catalina.core.ApplicationContext log
INFO: Destroying Spring FrameworkServlet 'sventon'
Feb 10, 2012 6:31:14 PM org.apache.catalina.core.ApplicationContext log
INFO: Destroying Spring FrameworkServlet 'sventon-old'
Feb 10, 2012 6:31:14 PM org.apache.catalina.core.ApplicationContext log
INFO: Closing Spring root WebApplicationContext
Feb 10, 2012 8:06:59 PM org.apache.catalina.core.ApplicationContext log
INFO: Initializing Spring root WebApplicationContext
Feb 10, 2012 8:07:01 PM org.apache.catalina.core.ApplicationContext log
INFO: Initializing Spring FrameworkServlet 'sventon'
Feb 10, 2012 8:07:03 PM org.apache.catalina.core.ApplicationContext log
INFO: Initializing Spring FrameworkServlet 'sventon-old'
