Sep 27, 2012 12:26:03 PM org.apache.catalina.core.ApplicationContext log
INFO: Destroying Spring FrameworkServlet 'sventon'
Sep 27, 2012 12:26:03 PM org.apache.catalina.core.ApplicationContext log
INFO: Destroying Spring FrameworkServlet 'sventon-old'
Sep 27, 2012 12:26:03 PM org.apache.catalina.core.ApplicationContext log
INFO: Closing Spring root WebApplicationContext
Sep 27, 2012 1:41:35 PM org.apache.catalina.core.ApplicationContext log
INFO: Initializing Spring root WebApplicationContext
Sep 27, 2012 1:41:38 PM org.apache.catalina.core.ApplicationContext log
INFO: Initializing Spring FrameworkServlet 'sventon'
Sep 27, 2012 1:41:40 PM org.apache.catalina.core.ApplicationContext log
INFO: Initializing Spring FrameworkServlet 'sventon-old'
Sep 27, 2012 5:40:29 PM org.apache.catalina.core.ApplicationContext log
INFO: Destroying Spring FrameworkServlet 'sventon'
Sep 27, 2012 5:40:29 PM org.apache.catalina.core.ApplicationContext log
INFO: Destroying Spring FrameworkServlet 'sventon-old'
Sep 27, 2012 5:40:29 PM org.apache.catalina.core.ApplicationContext log
INFO: Closing Spring root WebApplicationContext
Sep 27, 2012 7:16:37 PM org.apache.catalina.core.ApplicationContext log
INFO: Initializing Spring root WebApplicationContext
Sep 27, 2012 7:16:41 PM org.apache.catalina.core.ApplicationContext log
INFO: Initializing Spring FrameworkServlet 'sventon'
Sep 27, 2012 7:16:43 PM org.apache.catalina.core.ApplicationContext log
INFO: Initializing Spring FrameworkServlet 'sventon-old'
