Feb 4, 2013 12:30:21 AM org.apache.catalina.core.ApplicationContext log
INFO: Destroying Spring FrameworkServlet 'sventon'
Feb 4, 2013 12:30:21 AM org.apache.catalina.core.ApplicationContext log
INFO: Destroying Spring FrameworkServlet 'sventon-old'
Feb 4, 2013 12:30:21 AM org.apache.catalina.core.ApplicationContext log
INFO: Closing Spring root WebApplicationContext
Feb 4, 2013 8:45:01 AM org.apache.catalina.core.ApplicationContext log
INFO: Initializing Spring root WebApplicationContext
Feb 4, 2013 8:45:13 AM org.apache.catalina.core.ApplicationContext log
INFO: Initializing Spring FrameworkServlet 'sventon'
Feb 4, 2013 8:45:15 AM org.apache.catalina.core.ApplicationContext log
INFO: Initializing Spring FrameworkServlet 'sventon-old'
Feb 4, 2013 5:14:25 PM org.apache.catalina.core.ApplicationContext log
INFO: Destroying Spring FrameworkServlet 'sventon'
Feb 4, 2013 5:14:25 PM org.apache.catalina.core.ApplicationContext log
INFO: Destroying Spring FrameworkServlet 'sventon-old'
Feb 4, 2013 5:14:25 PM org.apache.catalina.core.ApplicationContext log
INFO: Closing Spring root WebApplicationContext
Feb 4, 2013 8:30:05 PM org.apache.catalina.core.ApplicationContext log
INFO: Initializing Spring root WebApplicationContext
Feb 4, 2013 8:30:14 PM org.apache.catalina.core.ApplicationContext log
INFO: Initializing Spring FrameworkServlet 'sventon'
Feb 4, 2013 8:30:16 PM org.apache.catalina.core.ApplicationContext log
INFO: Initializing Spring FrameworkServlet 'sventon-old'
