Jan 9, 2013 12:45:22 AM org.apache.catalina.core.ApplicationContext log
INFO: Destroying Spring FrameworkServlet 'sventon'
Jan 9, 2013 12:45:22 AM org.apache.catalina.core.ApplicationContext log
INFO: Destroying Spring FrameworkServlet 'sventon-old'
Jan 9, 2013 12:45:22 AM org.apache.catalina.core.ApplicationContext log
INFO: Closing Spring root WebApplicationContext
Jan 9, 2013 10:02:52 AM org.apache.catalina.core.ApplicationContext log
INFO: Initializing Spring root WebApplicationContext
Jan 9, 2013 10:02:55 AM org.apache.catalina.core.ApplicationContext log
INFO: Initializing Spring FrameworkServlet 'sventon'
Jan 9, 2013 10:02:56 AM org.apache.catalina.core.ApplicationContext log
INFO: Initializing Spring FrameworkServlet 'sventon-old'
Jan 9, 2013 5:15:20 PM org.apache.catalina.core.ApplicationContext log
INFO: Destroying Spring FrameworkServlet 'sventon'
Jan 9, 2013 5:15:20 PM org.apache.catalina.core.ApplicationContext log
INFO: Destroying Spring FrameworkServlet 'sventon-old'
Jan 9, 2013 5:15:20 PM org.apache.catalina.core.ApplicationContext log
INFO: Closing Spring root WebApplicationContext
Jan 9, 2013 5:56:30 PM org.apache.catalina.core.ApplicationContext log
INFO: Initializing Spring root WebApplicationContext
Jan 9, 2013 5:56:33 PM org.apache.catalina.core.ApplicationContext log
INFO: Initializing Spring FrameworkServlet 'sventon'
Jan 9, 2013 5:56:35 PM org.apache.catalina.core.ApplicationContext log
INFO: Initializing Spring FrameworkServlet 'sventon-old'
