Sep 25, 2012 3:38:26 AM org.apache.catalina.core.ApplicationContext log
INFO: Destroying Spring FrameworkServlet 'sventon'
Sep 25, 2012 3:38:26 AM org.apache.catalina.core.ApplicationContext log
INFO: Destroying Spring FrameworkServlet 'sventon-old'
Sep 25, 2012 3:38:26 AM org.apache.catalina.core.ApplicationContext log
INFO: Closing Spring root WebApplicationContext
Sep 25, 2012 12:27:07 PM org.apache.catalina.core.ApplicationContext log
INFO: Initializing Spring root WebApplicationContext
Sep 25, 2012 12:27:10 PM org.apache.catalina.core.ApplicationContext log
INFO: Initializing Spring FrameworkServlet 'sventon'
Sep 25, 2012 12:27:13 PM org.apache.catalina.core.ApplicationContext log
INFO: Initializing Spring FrameworkServlet 'sventon-old'
Sep 25, 2012 4:12:48 PM org.apache.catalina.core.ApplicationContext log
INFO: Destroying Spring FrameworkServlet 'sventon'
Sep 25, 2012 4:12:48 PM org.apache.catalina.core.ApplicationContext log
INFO: Destroying Spring FrameworkServlet 'sventon-old'
Sep 25, 2012 4:12:48 PM org.apache.catalina.core.ApplicationContext log
INFO: Closing Spring root WebApplicationContext
Sep 25, 2012 4:32:48 PM org.apache.catalina.core.ApplicationContext log
INFO: Initializing Spring root WebApplicationContext
Sep 25, 2012 4:32:52 PM org.apache.catalina.core.ApplicationContext log
INFO: Initializing Spring FrameworkServlet 'sventon'
Sep 25, 2012 4:32:54 PM org.apache.catalina.core.ApplicationContext log
INFO: Initializing Spring FrameworkServlet 'sventon-old'
