Sep 10, 2012 1:42:20 AM org.apache.catalina.core.ApplicationContext log
INFO: Destroying Spring FrameworkServlet 'sventon'
Sep 10, 2012 1:42:20 AM org.apache.catalina.core.ApplicationContext log
INFO: Destroying Spring FrameworkServlet 'sventon-old'
Sep 10, 2012 1:42:20 AM org.apache.catalina.core.ApplicationContext log
INFO: Closing Spring root WebApplicationContext
Sep 10, 2012 10:39:10 AM org.apache.catalina.core.ApplicationContext log
INFO: Initializing Spring root WebApplicationContext
Sep 10, 2012 10:39:12 AM org.apache.catalina.core.ApplicationContext log
INFO: Initializing Spring FrameworkServlet 'sventon'
Sep 10, 2012 10:39:14 AM org.apache.catalina.core.ApplicationContext log
INFO: Initializing Spring FrameworkServlet 'sventon-old'
Sep 10, 2012 5:14:06 PM org.apache.catalina.core.ApplicationContext log
INFO: Destroying Spring FrameworkServlet 'sventon'
Sep 10, 2012 5:14:06 PM org.apache.catalina.core.ApplicationContext log
INFO: Destroying Spring FrameworkServlet 'sventon-old'
Sep 10, 2012 5:14:06 PM org.apache.catalina.core.ApplicationContext log
INFO: Closing Spring root WebApplicationContext
Sep 10, 2012 7:00:59 PM org.apache.catalina.core.ApplicationContext log
INFO: Initializing Spring root WebApplicationContext
Sep 10, 2012 7:01:01 PM org.apache.catalina.core.ApplicationContext log
INFO: Initializing Spring FrameworkServlet 'sventon'
Sep 10, 2012 7:01:02 PM org.apache.catalina.core.ApplicationContext log
INFO: Initializing Spring FrameworkServlet 'sventon-old'
