Nov 19, 2012 1:16:28 AM org.apache.catalina.core.ApplicationContext log
INFO: Destroying Spring FrameworkServlet 'sventon'
Nov 19, 2012 1:16:28 AM org.apache.catalina.core.ApplicationContext log
INFO: Destroying Spring FrameworkServlet 'sventon-old'
Nov 19, 2012 1:16:28 AM org.apache.catalina.core.ApplicationContext log
INFO: Closing Spring root WebApplicationContext
Nov 19, 2012 10:19:39 AM org.apache.catalina.core.ApplicationContext log
INFO: Initializing Spring root WebApplicationContext
Nov 19, 2012 10:19:42 AM org.apache.catalina.core.ApplicationContext log
INFO: Initializing Spring FrameworkServlet 'sventon'
Nov 19, 2012 10:19:44 AM org.apache.catalina.core.ApplicationContext log
INFO: Initializing Spring FrameworkServlet 'sventon-old'
Nov 19, 2012 10:27:07 AM org.apache.catalina.core.ApplicationContext log
INFO: Destroying Spring FrameworkServlet 'sventon'
Nov 19, 2012 10:27:07 AM org.apache.catalina.core.ApplicationContext log
INFO: Destroying Spring FrameworkServlet 'sventon-old'
Nov 19, 2012 10:27:07 AM org.apache.catalina.core.ApplicationContext log
INFO: Closing Spring root WebApplicationContext
Nov 19, 2012 11:16:14 AM org.apache.catalina.core.ApplicationContext log
INFO: Initializing Spring root WebApplicationContext
Nov 19, 2012 11:16:20 AM org.apache.catalina.core.ApplicationContext log
INFO: Initializing Spring FrameworkServlet 'sventon'
Nov 19, 2012 11:16:21 AM org.apache.catalina.core.ApplicationContext log
INFO: Initializing Spring FrameworkServlet 'sventon-old'
Nov 19, 2012 5:49:44 PM org.apache.catalina.core.ApplicationContext log
INFO: Destroying Spring FrameworkServlet 'sventon'
Nov 19, 2012 5:49:44 PM org.apache.catalina.core.ApplicationContext log
INFO: Destroying Spring FrameworkServlet 'sventon-old'
Nov 19, 2012 5:49:44 PM org.apache.catalina.core.ApplicationContext log
INFO: Closing Spring root WebApplicationContext
Nov 19, 2012 6:31:56 PM org.apache.catalina.core.ApplicationContext log
INFO: Initializing Spring root WebApplicationContext
Nov 19, 2012 6:32:00 PM org.apache.catalina.core.ApplicationContext log
INFO: Initializing Spring FrameworkServlet 'sventon'
Nov 19, 2012 6:32:04 PM org.apache.catalina.core.ApplicationContext log
INFO: Initializing Spring FrameworkServlet 'sventon-old'
