Mar 3, 2012 8:40:06 AM org.apache.catalina.core.ApplicationContext log
INFO: Initializing Spring root WebApplicationContext
Mar 3, 2012 8:40:08 AM org.apache.catalina.core.ApplicationContext log
INFO: Initializing Spring FrameworkServlet 'sventon'
Mar 3, 2012 8:40:09 AM org.apache.catalina.core.ApplicationContext log
INFO: Initializing Spring FrameworkServlet 'sventon-old'
Mar 3, 2012 7:56:23 PM org.apache.catalina.core.ApplicationContext log
INFO: Destroying Spring FrameworkServlet 'sventon'
Mar 3, 2012 7:56:23 PM org.apache.catalina.core.ApplicationContext log
INFO: Destroying Spring FrameworkServlet 'sventon-old'
Mar 3, 2012 7:56:23 PM org.apache.catalina.core.ApplicationContext log
INFO: Closing Spring root WebApplicationContext
Mar 3, 2012 8:13:53 PM org.apache.catalina.core.ApplicationContext log
INFO: Initializing Spring root WebApplicationContext
Mar 3, 2012 8:13:55 PM org.apache.catalina.core.ApplicationContext log
INFO: Initializing Spring FrameworkServlet 'sventon'
Mar 3, 2012 8:13:56 PM org.apache.catalina.core.ApplicationContext log
INFO: Initializing Spring FrameworkServlet 'sventon-old'
Mar 3, 2012 11:58:58 PM org.apache.catalina.core.ApplicationContext log
INFO: Destroying Spring FrameworkServlet 'sventon'
Mar 3, 2012 11:58:58 PM org.apache.catalina.core.ApplicationContext log
INFO: Destroying Spring FrameworkServlet 'sventon-old'
Mar 3, 2012 11:58:58 PM org.apache.catalina.core.ApplicationContext log
INFO: Closing Spring root WebApplicationContext
