Oct 15, 2012 12:52:51 AM org.apache.catalina.core.ApplicationContext log
INFO: Destroying Spring FrameworkServlet 'sventon'
Oct 15, 2012 12:52:51 AM org.apache.catalina.core.ApplicationContext log
INFO: Destroying Spring FrameworkServlet 'sventon-old'
Oct 15, 2012 12:52:51 AM org.apache.catalina.core.ApplicationContext log
INFO: Closing Spring root WebApplicationContext
Oct 15, 2012 2:39:14 AM org.apache.catalina.core.ApplicationContext log
INFO: Initializing Spring root WebApplicationContext
Oct 15, 2012 2:39:17 AM org.apache.catalina.core.ApplicationContext log
INFO: Initializing Spring FrameworkServlet 'sventon'
Oct 15, 2012 2:39:21 AM org.apache.catalina.core.ApplicationContext log
INFO: Initializing Spring FrameworkServlet 'sventon-old'
Oct 15, 2012 4:07:03 AM org.apache.catalina.core.ApplicationContext log
INFO: Destroying Spring FrameworkServlet 'sventon'
Oct 15, 2012 4:07:04 AM org.apache.catalina.core.ApplicationContext log
INFO: Destroying Spring FrameworkServlet 'sventon-old'
Oct 15, 2012 4:07:04 AM org.apache.catalina.core.ApplicationContext log
INFO: Closing Spring root WebApplicationContext
Oct 15, 2012 11:51:04 AM org.apache.catalina.core.ApplicationContext log
INFO: Initializing Spring root WebApplicationContext
Oct 15, 2012 11:51:07 AM org.apache.catalina.core.ApplicationContext log
INFO: Initializing Spring FrameworkServlet 'sventon'
Oct 15, 2012 11:51:10 AM org.apache.catalina.core.ApplicationContext log
INFO: Initializing Spring FrameworkServlet 'sventon-old'
Oct 15, 2012 5:50:19 PM org.apache.catalina.core.ApplicationContext log
INFO: Destroying Spring FrameworkServlet 'sventon'
Oct 15, 2012 5:50:19 PM org.apache.catalina.core.ApplicationContext log
INFO: Destroying Spring FrameworkServlet 'sventon-old'
Oct 15, 2012 5:50:19 PM org.apache.catalina.core.ApplicationContext log
INFO: Closing Spring root WebApplicationContext
Oct 15, 2012 6:38:22 PM org.apache.catalina.core.ApplicationContext log
INFO: Initializing Spring root WebApplicationContext
Oct 15, 2012 6:38:24 PM org.apache.catalina.core.ApplicationContext log
INFO: Initializing Spring FrameworkServlet 'sventon'
Oct 15, 2012 6:38:26 PM org.apache.catalina.core.ApplicationContext log
INFO: Initializing Spring FrameworkServlet 'sventon-old'
