Dec 26, 2012 3:11:58 AM org.apache.catalina.core.ApplicationContext log
INFO: Initializing Spring root WebApplicationContext
Dec 26, 2012 3:12:01 AM org.apache.catalina.core.ApplicationContext log
INFO: Initializing Spring FrameworkServlet 'sventon'
Dec 26, 2012 3:12:03 AM org.apache.catalina.core.ApplicationContext log
INFO: Initializing Spring FrameworkServlet 'sventon-old'
Dec 26, 2012 10:14:32 PM org.apache.catalina.core.ApplicationContext log
INFO: Destroying Spring FrameworkServlet 'sventon'
Dec 26, 2012 10:14:32 PM org.apache.catalina.core.ApplicationContext log
INFO: Destroying Spring FrameworkServlet 'sventon-old'
Dec 26, 2012 10:14:32 PM org.apache.catalina.core.ApplicationContext log
INFO: Closing Spring root WebApplicationContext
Dec 26, 2012 10:24:14 PM org.apache.catalina.core.ApplicationContext log
INFO: Initializing Spring root WebApplicationContext
Dec 26, 2012 10:24:19 PM org.apache.catalina.core.ApplicationContext log
INFO: Initializing Spring FrameworkServlet 'sventon'
Dec 26, 2012 10:24:20 PM org.apache.catalina.core.ApplicationContext log
INFO: Initializing Spring FrameworkServlet 'sventon-old'
Dec 26, 2012 10:27:19 PM org.apache.catalina.core.ApplicationContext log
INFO: Destroying Spring FrameworkServlet 'sventon'
Dec 26, 2012 10:27:19 PM org.apache.catalina.core.ApplicationContext log
INFO: Destroying Spring FrameworkServlet 'sventon-old'
Dec 26, 2012 10:27:19 PM org.apache.catalina.core.ApplicationContext log
INFO: Closing Spring root WebApplicationContext
