Oct 12, 2012 1:06:35 PM org.apache.catalina.core.ApplicationContext log
INFO: Destroying Spring FrameworkServlet 'sventon'
Oct 12, 2012 1:06:35 PM org.apache.catalina.core.ApplicationContext log
INFO: Destroying Spring FrameworkServlet 'sventon-old'
Oct 12, 2012 1:06:35 PM org.apache.catalina.core.ApplicationContext log
INFO: Closing Spring root WebApplicationContext
Oct 12, 2012 4:04:34 PM org.apache.catalina.core.ApplicationContext log
INFO: Initializing Spring root WebApplicationContext
Oct 12, 2012 4:04:36 PM org.apache.catalina.core.ApplicationContext log
INFO: Initializing Spring FrameworkServlet 'sventon'
Oct 12, 2012 4:04:39 PM org.apache.catalina.core.ApplicationContext log
INFO: Initializing Spring FrameworkServlet 'sventon-old'
Oct 12, 2012 7:24:50 PM org.apache.catalina.core.ApplicationContext log
INFO: Destroying Spring FrameworkServlet 'sventon'
Oct 12, 2012 7:24:50 PM org.apache.catalina.core.ApplicationContext log
INFO: Destroying Spring FrameworkServlet 'sventon-old'
Oct 12, 2012 7:24:50 PM org.apache.catalina.core.ApplicationContext log
INFO: Closing Spring root WebApplicationContext
Oct 12, 2012 8:33:29 PM org.apache.catalina.core.ApplicationContext log
INFO: Initializing Spring root WebApplicationContext
Oct 12, 2012 8:33:32 PM org.apache.catalina.core.ApplicationContext log
INFO: Initializing Spring FrameworkServlet 'sventon'
Oct 12, 2012 8:33:33 PM org.apache.catalina.core.ApplicationContext log
INFO: Initializing Spring FrameworkServlet 'sventon-old'
